<<<<<<< HEAD
2022-03-15 13:02:33.1088|Quartz.Impl.StdSchedulerFactory|INFO|Default Quartz.NET properties loaded from embedded resource file 
2022-03-15 13:02:33.4638|Quartz.Simpl.TaskSchedulingThreadPool|DEBUG|TaskSchedulingThreadPool configured with max concurrency of 10 and TaskScheduler ThreadPoolTaskScheduler. 
2022-03-15 13:02:33.4952|Quartz.Core.SchedulerSignalerImpl|INFO|Initialized Scheduler Signaller of type: Quartz.Core.SchedulerSignalerImpl 
2022-03-15 13:02:33.4952|Quartz.Core.QuartzScheduler|INFO|Quartz Scheduler created 
2022-03-15 13:02:33.4952|Quartz.Core.QuartzScheduler|INFO|JobFactory set to: Autofac.Extras.Quartz.AutofacJobFactory 
2022-03-15 13:02:33.4952|Quartz.Simpl.RAMJobStore|INFO|RAMJobStore initialized. 
2022-03-15 13:02:33.4952|Quartz.Core.QuartzScheduler|INFO|Scheduler meta-data: Quartz Scheduler (v3.3.3.0) 'DefaultQuartzScheduler' with instanceId 'NON_CLUSTERED'
=======
2022-03-15 11:39:30.4823|Quartz.Impl.StdSchedulerFactory|INFO|Default Quartz.NET properties loaded from embedded resource file 
2022-03-15 11:39:30.8183|Quartz.Simpl.TaskSchedulingThreadPool|DEBUG|TaskSchedulingThreadPool configured with max concurrency of 10 and TaskScheduler ThreadPoolTaskScheduler. 
2022-03-15 11:39:30.8518|Quartz.Core.SchedulerSignalerImpl|INFO|Initialized Scheduler Signaller of type: Quartz.Core.SchedulerSignalerImpl 
2022-03-15 11:39:30.8578|Quartz.Core.QuartzScheduler|INFO|Quartz Scheduler created 
2022-03-15 11:39:30.8578|Quartz.Core.QuartzScheduler|INFO|JobFactory set to: Autofac.Extras.Quartz.AutofacJobFactory 
2022-03-15 11:39:30.8578|Quartz.Simpl.RAMJobStore|INFO|RAMJobStore initialized. 
2022-03-15 11:39:30.8578|Quartz.Core.QuartzScheduler|INFO|Scheduler meta-data: Quartz Scheduler (v3.3.3.0) 'DefaultQuartzScheduler' with instanceId 'NON_CLUSTERED'
>>>>>>> 4af8aa86000f05987785e7bbb9167feef3d182cc
  Scheduler class: 'Quartz.Core.QuartzScheduler' - running locally.
  NOT STARTED.
  Currently in standby mode.
  Number of jobs executed: 0
  Using thread pool 'Quartz.Simpl.DefaultThreadPool' - with 10 threads.
  Using job-store 'Quartz.Simpl.RAMJobStore' - which does not support persistence. and is not clustered.
 
<<<<<<< HEAD
2022-03-15 13:02:33.5106|Quartz.Impl.StdSchedulerFactory|INFO|Quartz scheduler 'DefaultQuartzScheduler' initialized 
2022-03-15 13:02:33.5106|Quartz.Impl.StdSchedulerFactory|INFO|Quartz scheduler version: 3.3.3.0 
2022-03-15 13:02:33.5106|Quartz.Core.QuartzScheduler|INFO|JobFactory set to: Autofac.Extras.Quartz.AutofacJobFactory 
2022-03-15 13:02:33.6673|Quartz.Core.QuartzScheduler|INFO|Scheduler DefaultQuartzScheduler_$_NON_CLUSTERED started. 
2022-03-15 13:02:33.6673|Quartz.Core.QuartzSchedulerThread|DEBUG|Batch acquisition of 1 triggers 
2022-03-15 13:02:35.0932|Quartz.Core.QuartzSchedulerThread|DEBUG|Batch acquisition of 0 triggers 
2022-03-15 13:02:35.1419|Quartz.Core.JobRunShell|DEBUG|Calling Execute on job DEFAULT.Hhmocon.Mes.Repository.QuartzJobRunner 
2022-03-15 13:02:36.6818|Hhmocon.Mes.Repository.DemoJob|ERROR|列名 'notice_flag' 无效。 
2022-03-15 13:02:36.7306|Quartz.Core.JobRunShell|ERROR|Job DEFAULT.Hhmocon.Mes.Repository.QuartzJobRunner threw an unhandled Exception:  列名 'notice_flag' 无效。
2022-03-15 13:02:36.7306|Quartz.Core.ErrorLogger|ERROR|Job DEFAULT.Hhmocon.Mes.Repository.QuartzJobRunner threw an exception. Job threw an unhandled exception.
2022-03-15 13:02:36.7306|Quartz.Core.JobRunShell|DEBUG|Trigger instruction : NoInstruction 
2022-03-15 13:02:36.7497|Quartz.Core.QuartzSchedulerThread|DEBUG|Batch acquisition of 1 triggers 
2022-03-15 13:02:40.0006|Quartz.Core.QuartzSchedulerThread|DEBUG|Batch acquisition of 0 triggers 
2022-03-15 13:02:40.0006|Quartz.Core.JobRunShell|DEBUG|Calling Execute on job DEFAULT.Hhmocon.Mes.Repository.QuartzJobRunner 
2022-03-15 13:02:40.1101|Hhmocon.Mes.Repository.DemoJob|ERROR|列名 'notice_flag' 无效。 
2022-03-15 13:02:40.1439|Quartz.Core.JobRunShell|ERROR|Job DEFAULT.Hhmocon.Mes.Repository.QuartzJobRunner threw an unhandled Exception:  列名 'notice_flag' 无效。
2022-03-15 13:02:40.1439|Quartz.Core.ErrorLogger|ERROR|Job DEFAULT.Hhmocon.Mes.Repository.QuartzJobRunner threw an exception. Job threw an unhandled exception.
2022-03-15 13:02:40.1439|Quartz.Core.JobRunShell|DEBUG|Trigger instruction : NoInstruction 
2022-03-15 13:02:40.1439|Quartz.Core.QuartzSchedulerThread|DEBUG|Batch acquisition of 1 triggers 
2022-03-15 13:02:45.0018|Quartz.Core.QuartzSchedulerThread|DEBUG|Batch acquisition of 0 triggers 
2022-03-15 13:02:45.0091|Quartz.Core.JobRunShell|DEBUG|Calling Execute on job DEFAULT.Hhmocon.Mes.Repository.QuartzJobRunner 
2022-03-15 13:02:45.1358|Hhmocon.Mes.Repository.DemoJob|ERROR|列名 'notice_flag' 无效。 
2022-03-15 13:02:45.1724|Quartz.Core.JobRunShell|ERROR|Job DEFAULT.Hhmocon.Mes.Repository.QuartzJobRunner threw an unhandled Exception:  列名 'notice_flag' 无效。
2022-03-15 13:02:45.1724|Quartz.Core.ErrorLogger|ERROR|Job DEFAULT.Hhmocon.Mes.Repository.QuartzJobRunner threw an exception. Job threw an unhandled exception.
2022-03-15 13:02:45.1724|Quartz.Core.JobRunShell|DEBUG|Trigger instruction : NoInstruction 
2022-03-15 13:02:45.1724|Quartz.Core.QuartzSchedulerThread|DEBUG|Batch acquisition of 1 triggers 
2022-03-15 13:02:50.0014|Quartz.Core.QuartzSchedulerThread|DEBUG|Batch acquisition of 0 triggers 
2022-03-15 13:02:50.0014|Quartz.Core.JobRunShell|DEBUG|Calling Execute on job DEFAULT.Hhmocon.Mes.Repository.QuartzJobRunner 
2022-03-15 13:02:50.1049|Hhmocon.Mes.Repository.DemoJob|ERROR|列名 'notice_flag' 无效。 
2022-03-15 13:02:50.1368|Quartz.Core.JobRunShell|ERROR|Job DEFAULT.Hhmocon.Mes.Repository.QuartzJobRunner threw an unhandled Exception:  列名 'notice_flag' 无效。
2022-03-15 13:02:50.1368|Quartz.Core.ErrorLogger|ERROR|Job DEFAULT.Hhmocon.Mes.Repository.QuartzJobRunner threw an exception. Job threw an unhandled exception.
2022-03-15 13:02:50.1368|Quartz.Core.JobRunShell|DEBUG|Trigger instruction : NoInstruction 
2022-03-15 13:02:50.1368|Quartz.Core.QuartzSchedulerThread|DEBUG|Batch acquisition of 1 triggers 
2022-03-15 13:02:55.0008|Quartz.Core.QuartzSchedulerThread|DEBUG|Batch acquisition of 0 triggers 
2022-03-15 13:02:55.0008|Quartz.Core.JobRunShell|DEBUG|Calling Execute on job DEFAULT.Hhmocon.Mes.Repository.QuartzJobRunner 
2022-03-15 13:02:55.1300|Hhmocon.Mes.Repository.DemoJob|ERROR|列名 'notice_flag' 无效。 
2022-03-15 13:02:55.1780|Quartz.Core.JobRunShell|ERROR|Job DEFAULT.Hhmocon.Mes.Repository.QuartzJobRunner threw an unhandled Exception:  列名 'notice_flag' 无效。
2022-03-15 13:02:55.1780|Quartz.Core.ErrorLogger|ERROR|Job DEFAULT.Hhmocon.Mes.Repository.QuartzJobRunner threw an exception. Job threw an unhandled exception.
2022-03-15 13:02:55.1780|Quartz.Core.JobRunShell|DEBUG|Trigger instruction : NoInstruction 
2022-03-15 13:02:55.1780|Quartz.Core.QuartzSchedulerThread|DEBUG|Batch acquisition of 1 triggers 
2022-03-15 13:03:00.0010|Quartz.Core.QuartzSchedulerThread|DEBUG|Batch acquisition of 0 triggers 
2022-03-15 13:03:00.0010|Quartz.Core.JobRunShell|DEBUG|Calling Execute on job DEFAULT.Hhmocon.Mes.Repository.QuartzJobRunner 
2022-03-15 13:03:00.1079|Hhmocon.Mes.Repository.DemoJob|ERROR|列名 'notice_flag' 无效。 
2022-03-15 13:03:00.1429|Quartz.Core.JobRunShell|ERROR|Job DEFAULT.Hhmocon.Mes.Repository.QuartzJobRunner threw an unhandled Exception:  列名 'notice_flag' 无效。
2022-03-15 13:03:00.1429|Quartz.Core.ErrorLogger|ERROR|Job DEFAULT.Hhmocon.Mes.Repository.QuartzJobRunner threw an exception. Job threw an unhandled exception.
2022-03-15 13:03:00.1429|Quartz.Core.JobRunShell|DEBUG|Trigger instruction : NoInstruction 
2022-03-15 13:03:00.1429|Quartz.Core.QuartzSchedulerThread|DEBUG|Batch acquisition of 1 triggers 
2022-03-15 13:03:05.0008|Quartz.Core.QuartzSchedulerThread|DEBUG|Batch acquisition of 0 triggers 
2022-03-15 13:03:05.0008|Quartz.Core.JobRunShell|DEBUG|Calling Execute on job DEFAULT.Hhmocon.Mes.Repository.QuartzJobRunner 
2022-03-15 13:03:05.1060|Hhmocon.Mes.Repository.DemoJob|ERROR|列名 'notice_flag' 无效。 
2022-03-15 13:03:05.1394|Quartz.Core.JobRunShell|ERROR|Job DEFAULT.Hhmocon.Mes.Repository.QuartzJobRunner threw an unhandled Exception:  列名 'notice_flag' 无效。
2022-03-15 13:03:05.1394|Quartz.Core.ErrorLogger|ERROR|Job DEFAULT.Hhmocon.Mes.Repository.QuartzJobRunner threw an exception. Job threw an unhandled exception.
2022-03-15 13:03:05.1394|Quartz.Core.JobRunShell|DEBUG|Trigger instruction : NoInstruction 
2022-03-15 13:03:05.1394|Quartz.Core.QuartzSchedulerThread|DEBUG|Batch acquisition of 1 triggers 
2022-03-15 13:03:10.0005|Quartz.Core.QuartzSchedulerThread|DEBUG|Batch acquisition of 0 triggers 
2022-03-15 13:03:10.0005|Quartz.Core.JobRunShell|DEBUG|Calling Execute on job DEFAULT.Hhmocon.Mes.Repository.QuartzJobRunner 
2022-03-15 13:03:10.0987|Hhmocon.Mes.Repository.DemoJob|ERROR|列名 'notice_flag' 无效。 
2022-03-15 13:03:10.1308|Quartz.Core.JobRunShell|ERROR|Job DEFAULT.Hhmocon.Mes.Repository.QuartzJobRunner threw an unhandled Exception:  列名 'notice_flag' 无效。
2022-03-15 13:03:10.1308|Quartz.Core.ErrorLogger|ERROR|Job DEFAULT.Hhmocon.Mes.Repository.QuartzJobRunner threw an exception. Job threw an unhandled exception.
2022-03-15 13:03:10.1308|Quartz.Core.JobRunShell|DEBUG|Trigger instruction : NoInstruction 
2022-03-15 13:03:10.1308|Quartz.Core.QuartzSchedulerThread|DEBUG|Batch acquisition of 1 triggers 
2022-03-15 13:03:15.0009|Quartz.Core.QuartzSchedulerThread|DEBUG|Batch acquisition of 0 triggers 
2022-03-15 13:03:15.0009|Quartz.Core.JobRunShell|DEBUG|Calling Execute on job DEFAULT.Hhmocon.Mes.Repository.QuartzJobRunner 
2022-03-15 13:03:15.1002|Hhmocon.Mes.Repository.DemoJob|ERROR|列名 'notice_flag' 无效。 
2022-03-15 13:03:15.1316|Quartz.Core.JobRunShell|ERROR|Job DEFAULT.Hhmocon.Mes.Repository.QuartzJobRunner threw an unhandled Exception:  列名 'notice_flag' 无效。
2022-03-15 13:03:15.1316|Quartz.Core.ErrorLogger|ERROR|Job DEFAULT.Hhmocon.Mes.Repository.QuartzJobRunner threw an exception. Job threw an unhandled exception.
2022-03-15 13:03:15.1316|Quartz.Core.JobRunShell|DEBUG|Trigger instruction : NoInstruction 
2022-03-15 13:03:15.1316|Quartz.Core.QuartzSchedulerThread|DEBUG|Batch acquisition of 1 triggers 
2022-03-15 13:03:20.0005|Quartz.Core.QuartzSchedulerThread|DEBUG|Batch acquisition of 0 triggers 
2022-03-15 13:03:20.0005|Quartz.Core.JobRunShell|DEBUG|Calling Execute on job DEFAULT.Hhmocon.Mes.Repository.QuartzJobRunner 
2022-03-15 13:03:20.0995|Hhmocon.Mes.Repository.DemoJob|ERROR|列名 'notice_flag' 无效。 
2022-03-15 13:03:20.1318|Quartz.Core.JobRunShell|ERROR|Job DEFAULT.Hhmocon.Mes.Repository.QuartzJobRunner threw an unhandled Exception:  列名 'notice_flag' 无效。
2022-03-15 13:03:20.1318|Quartz.Core.ErrorLogger|ERROR|Job DEFAULT.Hhmocon.Mes.Repository.QuartzJobRunner threw an exception. Job threw an unhandled exception.
2022-03-15 13:03:20.1318|Quartz.Core.JobRunShell|DEBUG|Trigger instruction : NoInstruction 
2022-03-15 13:03:20.1318|Quartz.Core.QuartzSchedulerThread|DEBUG|Batch acquisition of 1 triggers 
2022-03-15 13:03:25.0003|Quartz.Core.QuartzSchedulerThread|DEBUG|Batch acquisition of 0 triggers 
2022-03-15 13:03:25.0003|Quartz.Core.JobRunShell|DEBUG|Calling Execute on job DEFAULT.Hhmocon.Mes.Repository.QuartzJobRunner 
2022-03-15 13:03:25.1057|Hhmocon.Mes.Repository.DemoJob|ERROR|列名 'notice_flag' 无效。 
2022-03-15 13:03:25.1408|Quartz.Core.JobRunShell|ERROR|Job DEFAULT.Hhmocon.Mes.Repository.QuartzJobRunner threw an unhandled Exception:  列名 'notice_flag' 无效。
2022-03-15 13:03:25.1408|Quartz.Core.ErrorLogger|ERROR|Job DEFAULT.Hhmocon.Mes.Repository.QuartzJobRunner threw an exception. Job threw an unhandled exception.
2022-03-15 13:03:25.1408|Quartz.Core.JobRunShell|DEBUG|Trigger instruction : NoInstruction 
2022-03-15 13:03:25.1408|Quartz.Core.QuartzSchedulerThread|DEBUG|Batch acquisition of 1 triggers 
2022-03-15 13:03:30.0007|Quartz.Core.QuartzSchedulerThread|DEBUG|Batch acquisition of 0 triggers 
2022-03-15 13:03:30.0007|Quartz.Core.JobRunShell|DEBUG|Calling Execute on job DEFAULT.Hhmocon.Mes.Repository.QuartzJobRunner 
2022-03-15 13:03:30.1023|Hhmocon.Mes.Repository.DemoJob|ERROR|列名 'notice_flag' 无效。 
2022-03-15 13:03:30.1360|Quartz.Core.JobRunShell|ERROR|Job DEFAULT.Hhmocon.Mes.Repository.QuartzJobRunner threw an unhandled Exception:  列名 'notice_flag' 无效。
2022-03-15 13:03:30.1360|Quartz.Core.ErrorLogger|ERROR|Job DEFAULT.Hhmocon.Mes.Repository.QuartzJobRunner threw an exception. Job threw an unhandled exception.
2022-03-15 13:03:30.1360|Quartz.Core.JobRunShell|DEBUG|Trigger instruction : NoInstruction 
2022-03-15 13:03:30.1360|Quartz.Core.QuartzSchedulerThread|DEBUG|Batch acquisition of 1 triggers 
2022-03-15 13:03:35.0005|Quartz.Core.QuartzSchedulerThread|DEBUG|Batch acquisition of 0 triggers 
2022-03-15 13:03:35.0005|Quartz.Core.JobRunShell|DEBUG|Calling Execute on job DEFAULT.Hhmocon.Mes.Repository.QuartzJobRunner 
2022-03-15 13:03:35.1002|Hhmocon.Mes.Repository.DemoJob|ERROR|列名 'notice_flag' 无效。 
2022-03-15 13:03:35.1315|Quartz.Core.JobRunShell|ERROR|Job DEFAULT.Hhmocon.Mes.Repository.QuartzJobRunner threw an unhandled Exception:  列名 'notice_flag' 无效。
2022-03-15 13:03:35.1315|Quartz.Core.ErrorLogger|ERROR|Job DEFAULT.Hhmocon.Mes.Repository.QuartzJobRunner threw an exception. Job threw an unhandled exception.
2022-03-15 13:03:35.1315|Quartz.Core.JobRunShell|DEBUG|Trigger instruction : NoInstruction 
2022-03-15 13:03:35.1315|Quartz.Core.QuartzSchedulerThread|DEBUG|Batch acquisition of 1 triggers 
2022-03-15 13:03:40.0001|Quartz.Core.QuartzSchedulerThread|DEBUG|Batch acquisition of 0 triggers 
2022-03-15 13:03:40.0001|Quartz.Core.JobRunShell|DEBUG|Calling Execute on job DEFAULT.Hhmocon.Mes.Repository.QuartzJobRunner 
2022-03-15 13:03:40.1003|Hhmocon.Mes.Repository.DemoJob|ERROR|列名 'notice_flag' 无效。 
2022-03-15 13:03:40.1331|Quartz.Core.JobRunShell|ERROR|Job DEFAULT.Hhmocon.Mes.Repository.QuartzJobRunner threw an unhandled Exception:  列名 'notice_flag' 无效。
2022-03-15 13:03:40.1331|Quartz.Core.ErrorLogger|ERROR|Job DEFAULT.Hhmocon.Mes.Repository.QuartzJobRunner threw an exception. Job threw an unhandled exception.
2022-03-15 13:03:40.1346|Quartz.Core.JobRunShell|DEBUG|Trigger instruction : NoInstruction 
2022-03-15 13:03:40.1346|Quartz.Core.QuartzSchedulerThread|DEBUG|Batch acquisition of 1 triggers 
2022-03-15 13:03:45.0014|Quartz.Core.QuartzSchedulerThread|DEBUG|Batch acquisition of 0 triggers 
2022-03-15 13:03:45.0014|Quartz.Core.JobRunShell|DEBUG|Calling Execute on job DEFAULT.Hhmocon.Mes.Repository.QuartzJobRunner 
2022-03-15 13:03:45.0945|Hhmocon.Mes.Repository.DemoJob|ERROR|列名 'notice_flag' 无效。 
2022-03-15 13:03:45.1260|Quartz.Core.JobRunShell|ERROR|Job DEFAULT.Hhmocon.Mes.Repository.QuartzJobRunner threw an unhandled Exception:  列名 'notice_flag' 无效。
2022-03-15 13:03:45.1260|Quartz.Core.ErrorLogger|ERROR|Job DEFAULT.Hhmocon.Mes.Repository.QuartzJobRunner threw an exception. Job threw an unhandled exception.
2022-03-15 13:03:45.1260|Quartz.Core.JobRunShell|DEBUG|Trigger instruction : NoInstruction 
2022-03-15 13:03:45.1260|Quartz.Core.QuartzSchedulerThread|DEBUG|Batch acquisition of 1 triggers 
=======
2022-03-15 11:39:30.8578|Quartz.Impl.StdSchedulerFactory|INFO|Quartz scheduler 'DefaultQuartzScheduler' initialized 
2022-03-15 11:39:30.8730|Quartz.Impl.StdSchedulerFactory|INFO|Quartz scheduler version: 3.3.3.0 
2022-03-15 11:39:30.8730|Quartz.Core.QuartzScheduler|INFO|JobFactory set to: Autofac.Extras.Quartz.AutofacJobFactory 
2022-03-15 11:39:30.9387|Quartz.Core.QuartzScheduler|INFO|Scheduler DefaultQuartzScheduler_$_NON_CLUSTERED started. 
2022-03-15 11:39:30.9452|Quartz.Core.QuartzSchedulerThread|DEBUG|Batch acquisition of 1 triggers 
2022-03-15 11:39:31.0981|Quartz.Core.QuartzSchedulerThread|DEBUG|Batch acquisition of 0 triggers 
2022-03-15 11:39:31.1694|Quartz.Core.JobRunShell|DEBUG|Calling Execute on job DEFAULT.Hhmocon.Mes.Repository.QuartzJobRunner 
2022-03-15 11:39:33.7797|Quartz.Core.JobRunShell|DEBUG|Trigger instruction : NoInstruction 
2022-03-15 11:39:33.7797|Quartz.Core.QuartzSchedulerThread|DEBUG|Batch acquisition of 1 triggers 
2022-03-15 11:39:35.0528|Quartz.Core.QuartzSchedulerThread|DEBUG|Batch acquisition of 0 triggers 
2022-03-15 11:39:35.2164|Quartz.Core.JobRunShell|DEBUG|Calling Execute on job DEFAULT.Hhmocon.Mes.Repository.QuartzJobRunner 
2022-03-15 11:39:35.6281|Quartz.Core.JobRunShell|DEBUG|Trigger instruction : NoInstruction 
2022-03-15 11:39:35.6385|Quartz.Core.QuartzSchedulerThread|DEBUG|Batch acquisition of 1 triggers 
2022-03-15 11:39:40.0049|Quartz.Core.QuartzSchedulerThread|DEBUG|Batch acquisition of 0 triggers 
2022-03-15 11:39:40.0049|Quartz.Core.JobRunShell|DEBUG|Calling Execute on job DEFAULT.Hhmocon.Mes.Repository.QuartzJobRunner 
2022-03-15 11:39:40.3123|Quartz.Core.JobRunShell|DEBUG|Trigger instruction : NoInstruction 
2022-03-15 11:39:40.3123|Quartz.Core.QuartzSchedulerThread|DEBUG|Batch acquisition of 1 triggers 
2022-03-15 11:39:45.0019|Quartz.Core.QuartzSchedulerThread|DEBUG|Batch acquisition of 0 triggers 
2022-03-15 11:39:45.0019|Quartz.Core.JobRunShell|DEBUG|Calling Execute on job DEFAULT.Hhmocon.Mes.Repository.QuartzJobRunner 
2022-03-15 11:39:45.2685|Quartz.Core.JobRunShell|DEBUG|Trigger instruction : NoInstruction 
2022-03-15 11:39:45.2685|Quartz.Core.QuartzSchedulerThread|DEBUG|Batch acquisition of 1 triggers 
2022-03-15 11:39:50.0097|Quartz.Core.QuartzSchedulerThread|DEBUG|Batch acquisition of 0 triggers 
2022-03-15 11:39:50.0097|Quartz.Core.JobRunShell|DEBUG|Calling Execute on job DEFAULT.Hhmocon.Mes.Repository.QuartzJobRunner 
2022-03-15 11:39:50.3080|Quartz.Core.JobRunShell|DEBUG|Trigger instruction : NoInstruction 
2022-03-15 11:39:50.3080|Quartz.Core.QuartzSchedulerThread|DEBUG|Batch acquisition of 1 triggers 
2022-03-15 11:39:55.0011|Quartz.Core.QuartzSchedulerThread|DEBUG|Batch acquisition of 0 triggers 
2022-03-15 11:39:55.0011|Quartz.Core.JobRunShell|DEBUG|Calling Execute on job DEFAULT.Hhmocon.Mes.Repository.QuartzJobRunner 
2022-03-15 11:39:55.3023|Quartz.Core.JobRunShell|DEBUG|Trigger instruction : NoInstruction 
2022-03-15 11:39:55.3023|Quartz.Core.QuartzSchedulerThread|DEBUG|Batch acquisition of 1 triggers 
2022-03-15 11:40:00.0150|Quartz.Core.QuartzSchedulerThread|DEBUG|Batch acquisition of 0 triggers 
2022-03-15 11:40:00.0150|Quartz.Core.JobRunShell|DEBUG|Calling Execute on job DEFAULT.Hhmocon.Mes.Repository.QuartzJobRunner 
2022-03-15 11:40:00.3337|Quartz.Core.JobRunShell|DEBUG|Trigger instruction : NoInstruction 
2022-03-15 11:40:00.3337|Quartz.Core.QuartzSchedulerThread|DEBUG|Batch acquisition of 1 triggers 
2022-03-15 11:40:05.0028|Quartz.Core.QuartzSchedulerThread|DEBUG|Batch acquisition of 0 triggers 
2022-03-15 11:40:05.0028|Quartz.Core.JobRunShell|DEBUG|Calling Execute on job DEFAULT.Hhmocon.Mes.Repository.QuartzJobRunner 
2022-03-15 11:40:05.2443|Quartz.Core.JobRunShell|DEBUG|Trigger instruction : NoInstruction 
2022-03-15 11:40:05.2443|Quartz.Core.QuartzSchedulerThread|DEBUG|Batch acquisition of 1 triggers 
2022-03-15 11:40:10.0008|Quartz.Core.QuartzSchedulerThread|DEBUG|Batch acquisition of 0 triggers 
2022-03-15 11:40:10.0008|Quartz.Core.JobRunShell|DEBUG|Calling Execute on job DEFAULT.Hhmocon.Mes.Repository.QuartzJobRunner 
2022-03-15 11:40:10.2257|Quartz.Core.JobRunShell|DEBUG|Trigger instruction : NoInstruction 
2022-03-15 11:40:10.2346|Quartz.Core.QuartzSchedulerThread|DEBUG|Batch acquisition of 1 triggers 
2022-03-15 11:40:15.0113|Quartz.Core.QuartzSchedulerThread|DEBUG|Batch acquisition of 0 triggers 
2022-03-15 11:40:15.0113|Quartz.Core.JobRunShell|DEBUG|Calling Execute on job DEFAULT.Hhmocon.Mes.Repository.QuartzJobRunner 
2022-03-15 11:40:15.2438|Quartz.Core.JobRunShell|DEBUG|Trigger instruction : NoInstruction 
2022-03-15 11:40:15.2438|Quartz.Core.QuartzSchedulerThread|DEBUG|Batch acquisition of 1 triggers 
2022-03-15 11:40:20.0074|Quartz.Core.QuartzSchedulerThread|DEBUG|Batch acquisition of 0 triggers 
2022-03-15 11:40:20.0074|Quartz.Core.JobRunShell|DEBUG|Calling Execute on job DEFAULT.Hhmocon.Mes.Repository.QuartzJobRunner 
2022-03-15 11:40:20.2653|Quartz.Core.JobRunShell|DEBUG|Trigger instruction : NoInstruction 
2022-03-15 11:40:20.2653|Quartz.Core.QuartzSchedulerThread|DEBUG|Batch acquisition of 1 triggers 
2022-03-15 11:40:25.0076|Quartz.Core.QuartzSchedulerThread|DEBUG|Batch acquisition of 0 triggers 
2022-03-15 11:40:25.0076|Quartz.Core.JobRunShell|DEBUG|Calling Execute on job DEFAULT.Hhmocon.Mes.Repository.QuartzJobRunner 
2022-03-15 11:40:25.2508|Quartz.Core.JobRunShell|DEBUG|Trigger instruction : NoInstruction 
2022-03-15 11:40:25.2508|Quartz.Core.QuartzSchedulerThread|DEBUG|Batch acquisition of 1 triggers 
2022-03-15 11:40:30.0024|Quartz.Core.QuartzSchedulerThread|DEBUG|Batch acquisition of 0 triggers 
2022-03-15 11:40:30.0024|Quartz.Core.JobRunShell|DEBUG|Calling Execute on job DEFAULT.Hhmocon.Mes.Repository.QuartzJobRunner 
2022-03-15 11:40:30.2349|Quartz.Core.JobRunShell|DEBUG|Trigger instruction : NoInstruction 
2022-03-15 11:40:30.2349|Quartz.Core.QuartzSchedulerThread|DEBUG|Batch acquisition of 1 triggers 
2022-03-15 11:40:35.0061|Quartz.Core.QuartzSchedulerThread|DEBUG|Batch acquisition of 0 triggers 
2022-03-15 11:40:35.0061|Quartz.Core.JobRunShell|DEBUG|Calling Execute on job DEFAULT.Hhmocon.Mes.Repository.QuartzJobRunner 
2022-03-15 11:40:35.2273|Quartz.Core.JobRunShell|DEBUG|Trigger instruction : NoInstruction 
2022-03-15 11:40:35.2296|Quartz.Core.QuartzSchedulerThread|DEBUG|Batch acquisition of 1 triggers 
2022-03-15 11:40:40.0222|Quartz.Core.QuartzSchedulerThread|DEBUG|Batch acquisition of 0 triggers 
2022-03-15 11:40:40.0222|Quartz.Core.JobRunShell|DEBUG|Calling Execute on job DEFAULT.Hhmocon.Mes.Repository.QuartzJobRunner 
2022-03-15 11:40:40.2730|Quartz.Core.JobRunShell|DEBUG|Trigger instruction : NoInstruction 
2022-03-15 11:40:40.2730|Quartz.Core.QuartzSchedulerThread|DEBUG|Batch acquisition of 1 triggers 
2022-03-15 11:40:45.0100|Quartz.Core.QuartzSchedulerThread|DEBUG|Batch acquisition of 0 triggers 
2022-03-15 11:40:45.0100|Quartz.Core.JobRunShell|DEBUG|Calling Execute on job DEFAULT.Hhmocon.Mes.Repository.QuartzJobRunner 
2022-03-15 11:40:45.2536|Quartz.Core.JobRunShell|DEBUG|Trigger instruction : NoInstruction 
2022-03-15 11:40:45.2536|Quartz.Core.QuartzSchedulerThread|DEBUG|Batch acquisition of 1 triggers 
2022-03-15 11:40:50.0044|Quartz.Core.JobRunShell|DEBUG|Calling Execute on job DEFAULT.Hhmocon.Mes.Repository.QuartzJobRunner 
2022-03-15 11:40:50.0044|Quartz.Core.QuartzSchedulerThread|DEBUG|Batch acquisition of 0 triggers 
2022-03-15 11:40:50.2366|Quartz.Core.JobRunShell|DEBUG|Trigger instruction : NoInstruction 
2022-03-15 11:40:50.2366|Quartz.Core.QuartzSchedulerThread|DEBUG|Batch acquisition of 1 triggers 
2022-03-15 11:40:55.0040|Quartz.Core.QuartzSchedulerThread|DEBUG|Batch acquisition of 0 triggers 
2022-03-15 11:40:55.0040|Quartz.Core.JobRunShell|DEBUG|Calling Execute on job DEFAULT.Hhmocon.Mes.Repository.QuartzJobRunner 
2022-03-15 11:40:55.2572|Quartz.Core.JobRunShell|DEBUG|Trigger instruction : NoInstruction 
2022-03-15 11:40:55.2629|Quartz.Core.QuartzSchedulerThread|DEBUG|Batch acquisition of 1 triggers 
2022-03-15 11:41:00.0093|Quartz.Core.QuartzSchedulerThread|DEBUG|Batch acquisition of 0 triggers 
2022-03-15 11:41:00.0093|Quartz.Core.JobRunShell|DEBUG|Calling Execute on job DEFAULT.Hhmocon.Mes.Repository.QuartzJobRunner 
2022-03-15 11:41:00.2509|Quartz.Core.JobRunShell|DEBUG|Trigger instruction : NoInstruction 
2022-03-15 11:41:00.2509|Quartz.Core.QuartzSchedulerThread|DEBUG|Batch acquisition of 1 triggers 
2022-03-15 11:41:05.0093|Quartz.Core.QuartzSchedulerThread|DEBUG|Batch acquisition of 0 triggers 
2022-03-15 11:41:05.0093|Quartz.Core.JobRunShell|DEBUG|Calling Execute on job DEFAULT.Hhmocon.Mes.Repository.QuartzJobRunner 
2022-03-15 11:41:05.2368|Quartz.Core.JobRunShell|DEBUG|Trigger instruction : NoInstruction 
2022-03-15 11:41:05.2368|Quartz.Core.QuartzSchedulerThread|DEBUG|Batch acquisition of 1 triggers 
2022-03-15 11:41:10.0070|Quartz.Core.QuartzSchedulerThread|DEBUG|Batch acquisition of 0 triggers 
2022-03-15 11:41:10.0070|Quartz.Core.JobRunShell|DEBUG|Calling Execute on job DEFAULT.Hhmocon.Mes.Repository.QuartzJobRunner 
2022-03-15 11:41:10.2507|Quartz.Core.JobRunShell|DEBUG|Trigger instruction : NoInstruction 
2022-03-15 11:41:10.2507|Quartz.Core.QuartzSchedulerThread|DEBUG|Batch acquisition of 1 triggers 
2022-03-15 11:41:15.0095|Quartz.Core.QuartzSchedulerThread|DEBUG|Batch acquisition of 0 triggers 
2022-03-15 11:41:15.0095|Quartz.Core.JobRunShell|DEBUG|Calling Execute on job DEFAULT.Hhmocon.Mes.Repository.QuartzJobRunner 
2022-03-15 11:41:15.2340|Quartz.Core.JobRunShell|DEBUG|Trigger instruction : NoInstruction 
2022-03-15 11:41:15.2340|Quartz.Core.QuartzSchedulerThread|DEBUG|Batch acquisition of 1 triggers 
2022-03-15 11:41:20.0075|Quartz.Core.QuartzSchedulerThread|DEBUG|Batch acquisition of 0 triggers 
2022-03-15 11:41:20.0075|Quartz.Core.JobRunShell|DEBUG|Calling Execute on job DEFAULT.Hhmocon.Mes.Repository.QuartzJobRunner 
2022-03-15 11:41:20.2371|Quartz.Core.JobRunShell|DEBUG|Trigger instruction : NoInstruction 
2022-03-15 11:41:20.2371|Quartz.Core.QuartzSchedulerThread|DEBUG|Batch acquisition of 1 triggers 
2022-03-15 11:41:25.0046|Quartz.Core.QuartzSchedulerThread|DEBUG|Batch acquisition of 0 triggers 
2022-03-15 11:41:25.0046|Quartz.Core.JobRunShell|DEBUG|Calling Execute on job DEFAULT.Hhmocon.Mes.Repository.QuartzJobRunner 
2022-03-15 11:41:25.2347|Quartz.Core.JobRunShell|DEBUG|Trigger instruction : NoInstruction 
2022-03-15 11:41:25.2347|Quartz.Core.QuartzSchedulerThread|DEBUG|Batch acquisition of 1 triggers 
2022-03-15 11:41:30.0011|Quartz.Core.QuartzSchedulerThread|DEBUG|Batch acquisition of 0 triggers 
2022-03-15 11:41:30.0011|Quartz.Core.JobRunShell|DEBUG|Calling Execute on job DEFAULT.Hhmocon.Mes.Repository.QuartzJobRunner 
2022-03-15 11:41:30.2419|Quartz.Core.JobRunShell|DEBUG|Trigger instruction : NoInstruction 
2022-03-15 11:41:30.2419|Quartz.Core.QuartzSchedulerThread|DEBUG|Batch acquisition of 1 triggers 
2022-03-15 11:41:35.0095|Quartz.Core.QuartzSchedulerThread|DEBUG|Batch acquisition of 0 triggers 
2022-03-15 11:41:35.0095|Quartz.Core.JobRunShell|DEBUG|Calling Execute on job DEFAULT.Hhmocon.Mes.Repository.QuartzJobRunner 
2022-03-15 11:41:35.2315|Quartz.Core.JobRunShell|DEBUG|Trigger instruction : NoInstruction 
2022-03-15 11:41:35.2315|Quartz.Core.QuartzSchedulerThread|DEBUG|Batch acquisition of 1 triggers 
2022-03-15 11:41:40.0067|Quartz.Core.QuartzSchedulerThread|DEBUG|Batch acquisition of 0 triggers 
2022-03-15 11:41:40.0067|Quartz.Core.JobRunShell|DEBUG|Calling Execute on job DEFAULT.Hhmocon.Mes.Repository.QuartzJobRunner 
2022-03-15 11:41:40.2438|Quartz.Core.JobRunShell|DEBUG|Trigger instruction : NoInstruction 
2022-03-15 11:41:40.2438|Quartz.Core.QuartzSchedulerThread|DEBUG|Batch acquisition of 1 triggers 
2022-03-15 11:41:45.0146|Quartz.Core.QuartzSchedulerThread|DEBUG|Batch acquisition of 0 triggers 
2022-03-15 11:41:45.0146|Quartz.Core.JobRunShell|DEBUG|Calling Execute on job DEFAULT.Hhmocon.Mes.Repository.QuartzJobRunner 
2022-03-15 11:41:45.2611|Quartz.Core.JobRunShell|DEBUG|Trigger instruction : NoInstruction 
2022-03-15 11:41:45.2611|Quartz.Core.QuartzSchedulerThread|DEBUG|Batch acquisition of 1 triggers 
2022-03-15 11:41:50.0034|Quartz.Core.JobRunShell|DEBUG|Calling Execute on job DEFAULT.Hhmocon.Mes.Repository.QuartzJobRunner 
2022-03-15 11:41:50.0034|Quartz.Core.QuartzSchedulerThread|DEBUG|Batch acquisition of 0 triggers 
2022-03-15 11:41:50.2264|Quartz.Core.JobRunShell|DEBUG|Trigger instruction : NoInstruction 
2022-03-15 11:41:50.2264|Quartz.Core.QuartzSchedulerThread|DEBUG|Batch acquisition of 1 triggers 
2022-03-15 11:41:55.0115|Quartz.Core.QuartzSchedulerThread|DEBUG|Batch acquisition of 0 triggers 
2022-03-15 11:41:55.0115|Quartz.Core.JobRunShell|DEBUG|Calling Execute on job DEFAULT.Hhmocon.Mes.Repository.QuartzJobRunner 
2022-03-15 11:41:55.2327|Quartz.Core.JobRunShell|DEBUG|Trigger instruction : NoInstruction 
2022-03-15 11:41:55.2327|Quartz.Core.QuartzSchedulerThread|DEBUG|Batch acquisition of 1 triggers 
2022-03-15 11:42:00.0072|Quartz.Core.QuartzSchedulerThread|DEBUG|Batch acquisition of 0 triggers 
2022-03-15 11:42:00.0072|Quartz.Core.JobRunShell|DEBUG|Calling Execute on job DEFAULT.Hhmocon.Mes.Repository.QuartzJobRunner 
2022-03-15 11:42:00.2891|Quartz.Core.JobRunShell|DEBUG|Trigger instruction : NoInstruction 
2022-03-15 11:42:00.2891|Quartz.Core.QuartzSchedulerThread|DEBUG|Batch acquisition of 1 triggers 
2022-03-15 11:42:05.0074|Quartz.Core.JobRunShell|DEBUG|Calling Execute on job DEFAULT.Hhmocon.Mes.Repository.QuartzJobRunner 
2022-03-15 11:42:05.0074|Quartz.Core.QuartzSchedulerThread|DEBUG|Batch acquisition of 0 triggers 
2022-03-15 11:42:05.2324|Quartz.Core.JobRunShell|DEBUG|Trigger instruction : NoInstruction 
2022-03-15 11:42:05.2324|Quartz.Core.QuartzSchedulerThread|DEBUG|Batch acquisition of 1 triggers 
2022-03-15 11:42:10.0112|Quartz.Core.QuartzSchedulerThread|DEBUG|Batch acquisition of 0 triggers 
2022-03-15 11:42:10.0112|Quartz.Core.JobRunShell|DEBUG|Calling Execute on job DEFAULT.Hhmocon.Mes.Repository.QuartzJobRunner 
2022-03-15 11:42:10.2347|Quartz.Core.JobRunShell|DEBUG|Trigger instruction : NoInstruction 
2022-03-15 11:42:10.2347|Quartz.Core.QuartzSchedulerThread|DEBUG|Batch acquisition of 1 triggers 
2022-03-15 11:42:15.0029|Quartz.Core.QuartzSchedulerThread|DEBUG|Batch acquisition of 0 triggers 
2022-03-15 11:42:15.0029|Quartz.Core.JobRunShell|DEBUG|Calling Execute on job DEFAULT.Hhmocon.Mes.Repository.QuartzJobRunner 
2022-03-15 11:42:15.2348|Quartz.Core.JobRunShell|DEBUG|Trigger instruction : NoInstruction 
2022-03-15 11:42:15.2348|Quartz.Core.QuartzSchedulerThread|DEBUG|Batch acquisition of 1 triggers 
2022-03-15 11:42:20.0065|Quartz.Core.QuartzSchedulerThread|DEBUG|Batch acquisition of 0 triggers 
2022-03-15 11:42:20.0065|Quartz.Core.JobRunShell|DEBUG|Calling Execute on job DEFAULT.Hhmocon.Mes.Repository.QuartzJobRunner 
2022-03-15 11:42:20.2155|Quartz.Core.JobRunShell|DEBUG|Trigger instruction : NoInstruction 
2022-03-15 11:42:20.2155|Quartz.Core.QuartzSchedulerThread|DEBUG|Batch acquisition of 1 triggers 
2022-03-15 11:42:25.0113|Quartz.Core.QuartzSchedulerThread|DEBUG|Batch acquisition of 0 triggers 
2022-03-15 11:42:25.0113|Quartz.Core.JobRunShell|DEBUG|Calling Execute on job DEFAULT.Hhmocon.Mes.Repository.QuartzJobRunner 
2022-03-15 11:42:25.2172|Quartz.Core.JobRunShell|DEBUG|Trigger instruction : NoInstruction 
2022-03-15 11:42:25.2172|Quartz.Core.QuartzSchedulerThread|DEBUG|Batch acquisition of 1 triggers 
2022-03-15 11:42:30.0003|Quartz.Core.JobRunShell|DEBUG|Calling Execute on job DEFAULT.Hhmocon.Mes.Repository.QuartzJobRunner 
2022-03-15 11:42:30.0003|Quartz.Core.QuartzSchedulerThread|DEBUG|Batch acquisition of 0 triggers 
2022-03-15 11:42:30.2429|Quartz.Core.JobRunShell|DEBUG|Trigger instruction : NoInstruction 
2022-03-15 11:42:30.2429|Quartz.Core.QuartzSchedulerThread|DEBUG|Batch acquisition of 1 triggers 
2022-03-15 11:42:35.0108|Quartz.Core.QuartzSchedulerThread|DEBUG|Batch acquisition of 0 triggers 
2022-03-15 11:42:35.0108|Quartz.Core.JobRunShell|DEBUG|Calling Execute on job DEFAULT.Hhmocon.Mes.Repository.QuartzJobRunner 
2022-03-15 11:42:35.2651|Quartz.Core.JobRunShell|DEBUG|Trigger instruction : NoInstruction 
2022-03-15 11:42:35.2651|Quartz.Core.QuartzSchedulerThread|DEBUG|Batch acquisition of 1 triggers 
2022-03-15 11:42:40.0090|Quartz.Core.QuartzSchedulerThread|DEBUG|Batch acquisition of 0 triggers 
2022-03-15 11:42:40.0090|Quartz.Core.JobRunShell|DEBUG|Calling Execute on job DEFAULT.Hhmocon.Mes.Repository.QuartzJobRunner 
2022-03-15 11:42:40.2565|Quartz.Core.JobRunShell|DEBUG|Trigger instruction : NoInstruction 
2022-03-15 11:42:40.2565|Quartz.Core.QuartzSchedulerThread|DEBUG|Batch acquisition of 1 triggers 
2022-03-15 11:42:45.0064|Quartz.Core.JobRunShell|DEBUG|Calling Execute on job DEFAULT.Hhmocon.Mes.Repository.QuartzJobRunner 
2022-03-15 11:42:45.0064|Quartz.Core.QuartzSchedulerThread|DEBUG|Batch acquisition of 0 triggers 
2022-03-15 11:42:45.2286|Quartz.Core.JobRunShell|DEBUG|Trigger instruction : NoInstruction 
2022-03-15 11:42:45.2286|Quartz.Core.QuartzSchedulerThread|DEBUG|Batch acquisition of 1 triggers 
2022-03-15 11:42:50.0038|Quartz.Core.QuartzSchedulerThread|DEBUG|Batch acquisition of 0 triggers 
2022-03-15 11:42:50.0038|Quartz.Core.JobRunShell|DEBUG|Calling Execute on job DEFAULT.Hhmocon.Mes.Repository.QuartzJobRunner 
2022-03-15 11:42:50.2447|Quartz.Core.JobRunShell|DEBUG|Trigger instruction : NoInstruction 
2022-03-15 11:42:50.2457|Quartz.Core.QuartzSchedulerThread|DEBUG|Batch acquisition of 1 triggers 
2022-03-15 11:42:55.0011|Quartz.Core.JobRunShell|DEBUG|Calling Execute on job DEFAULT.Hhmocon.Mes.Repository.QuartzJobRunner 
2022-03-15 11:42:55.0011|Quartz.Core.QuartzSchedulerThread|DEBUG|Batch acquisition of 0 triggers 
2022-03-15 11:42:55.2542|Quartz.Core.JobRunShell|DEBUG|Trigger instruction : NoInstruction 
2022-03-15 11:42:55.2542|Quartz.Core.QuartzSchedulerThread|DEBUG|Batch acquisition of 1 triggers 
2022-03-15 11:43:00.0047|Quartz.Core.QuartzSchedulerThread|DEBUG|Batch acquisition of 0 triggers 
2022-03-15 11:43:00.0047|Quartz.Core.JobRunShell|DEBUG|Calling Execute on job DEFAULT.Hhmocon.Mes.Repository.QuartzJobRunner 
2022-03-15 11:43:00.2616|Quartz.Core.JobRunShell|DEBUG|Trigger instruction : NoInstruction 
2022-03-15 11:43:00.2616|Quartz.Core.QuartzSchedulerThread|DEBUG|Batch acquisition of 1 triggers 
2022-03-15 11:43:05.0072|Quartz.Core.QuartzSchedulerThread|DEBUG|Batch acquisition of 0 triggers 
2022-03-15 11:43:05.0072|Quartz.Core.JobRunShell|DEBUG|Calling Execute on job DEFAULT.Hhmocon.Mes.Repository.QuartzJobRunner 
2022-03-15 11:43:05.2852|Quartz.Core.JobRunShell|DEBUG|Trigger instruction : NoInstruction 
2022-03-15 11:43:05.2852|Quartz.Core.QuartzSchedulerThread|DEBUG|Batch acquisition of 1 triggers 
2022-03-15 11:43:10.0011|Quartz.Core.JobRunShell|DEBUG|Calling Execute on job DEFAULT.Hhmocon.Mes.Repository.QuartzJobRunner 
2022-03-15 11:43:10.0011|Quartz.Core.QuartzSchedulerThread|DEBUG|Batch acquisition of 0 triggers 
2022-03-15 11:43:10.2185|Quartz.Core.JobRunShell|DEBUG|Trigger instruction : NoInstruction 
2022-03-15 11:43:10.2185|Quartz.Core.QuartzSchedulerThread|DEBUG|Batch acquisition of 1 triggers 
2022-03-15 11:43:15.0153|Quartz.Core.QuartzSchedulerThread|DEBUG|Batch acquisition of 0 triggers 
2022-03-15 11:43:15.0153|Quartz.Core.JobRunShell|DEBUG|Calling Execute on job DEFAULT.Hhmocon.Mes.Repository.QuartzJobRunner 
2022-03-15 11:43:15.2453|Quartz.Core.JobRunShell|DEBUG|Trigger instruction : NoInstruction 
2022-03-15 11:43:15.2453|Quartz.Core.QuartzSchedulerThread|DEBUG|Batch acquisition of 1 triggers 
2022-03-15 11:43:15.9783|Hhmocon.Mes.WebApi.Controllers.CheckIn.CheckController|INFO|Login enter 
2022-03-15 11:43:20.0055|Quartz.Core.QuartzSchedulerThread|DEBUG|Batch acquisition of 0 triggers 
2022-03-15 11:43:20.0055|Quartz.Core.JobRunShell|DEBUG|Calling Execute on job DEFAULT.Hhmocon.Mes.Repository.QuartzJobRunner 
2022-03-15 11:43:20.2230|Quartz.Core.JobRunShell|DEBUG|Trigger instruction : NoInstruction 
2022-03-15 11:43:20.2230|Quartz.Core.QuartzSchedulerThread|DEBUG|Batch acquisition of 1 triggers 
2022-03-15 11:43:25.0032|Quartz.Core.QuartzSchedulerThread|DEBUG|Batch acquisition of 0 triggers 
2022-03-15 11:43:25.0032|Quartz.Core.JobRunShell|DEBUG|Calling Execute on job DEFAULT.Hhmocon.Mes.Repository.QuartzJobRunner 
2022-03-15 11:43:25.2330|Quartz.Core.JobRunShell|DEBUG|Trigger instruction : NoInstruction 
2022-03-15 11:43:25.2330|Quartz.Core.QuartzSchedulerThread|DEBUG|Batch acquisition of 1 triggers 
2022-03-15 11:43:30.0027|Quartz.Core.QuartzSchedulerThread|DEBUG|Batch acquisition of 0 triggers 
2022-03-15 11:43:30.0027|Quartz.Core.JobRunShell|DEBUG|Calling Execute on job DEFAULT.Hhmocon.Mes.Repository.QuartzJobRunner 
2022-03-15 11:43:30.2340|Quartz.Core.JobRunShell|DEBUG|Trigger instruction : NoInstruction 
2022-03-15 11:43:30.2340|Quartz.Core.QuartzSchedulerThread|DEBUG|Batch acquisition of 1 triggers 
2022-03-15 11:43:35.0081|Quartz.Core.QuartzSchedulerThread|DEBUG|Batch acquisition of 0 triggers 
2022-03-15 11:43:35.0081|Quartz.Core.JobRunShell|DEBUG|Calling Execute on job DEFAULT.Hhmocon.Mes.Repository.QuartzJobRunner 
2022-03-15 11:43:35.2185|Quartz.Core.JobRunShell|DEBUG|Trigger instruction : NoInstruction 
2022-03-15 11:43:35.2185|Quartz.Core.QuartzSchedulerThread|DEBUG|Batch acquisition of 1 triggers 
2022-03-15 11:43:40.0035|Quartz.Core.JobRunShell|DEBUG|Calling Execute on job DEFAULT.Hhmocon.Mes.Repository.QuartzJobRunner 
2022-03-15 11:43:40.0035|Quartz.Core.QuartzSchedulerThread|DEBUG|Batch acquisition of 0 triggers 
2022-03-15 11:43:40.2497|Quartz.Core.JobRunShell|DEBUG|Trigger instruction : NoInstruction 
2022-03-15 11:43:40.2497|Quartz.Core.QuartzSchedulerThread|DEBUG|Batch acquisition of 1 triggers 
2022-03-15 11:43:45.0149|Quartz.Core.QuartzSchedulerThread|DEBUG|Batch acquisition of 0 triggers 
2022-03-15 11:43:45.0149|Quartz.Core.JobRunShell|DEBUG|Calling Execute on job DEFAULT.Hhmocon.Mes.Repository.QuartzJobRunner 
2022-03-15 11:43:45.2262|Quartz.Core.JobRunShell|DEBUG|Trigger instruction : NoInstruction 
2022-03-15 11:43:45.2358|Quartz.Core.QuartzSchedulerThread|DEBUG|Batch acquisition of 1 triggers 
2022-03-15 11:43:50.0126|Quartz.Core.QuartzSchedulerThread|DEBUG|Batch acquisition of 0 triggers 
2022-03-15 11:43:50.0126|Quartz.Core.JobRunShell|DEBUG|Calling Execute on job DEFAULT.Hhmocon.Mes.Repository.QuartzJobRunner 
2022-03-15 11:43:50.2426|Quartz.Core.JobRunShell|DEBUG|Trigger instruction : NoInstruction 
2022-03-15 11:43:50.2426|Quartz.Core.QuartzSchedulerThread|DEBUG|Batch acquisition of 1 triggers 
2022-03-15 11:43:55.0102|Quartz.Core.QuartzSchedulerThread|DEBUG|Batch acquisition of 0 triggers 
2022-03-15 11:43:55.0102|Quartz.Core.JobRunShell|DEBUG|Calling Execute on job DEFAULT.Hhmocon.Mes.Repository.QuartzJobRunner 
2022-03-15 11:43:55.2516|Quartz.Core.JobRunShell|DEBUG|Trigger instruction : NoInstruction 
2022-03-15 11:43:55.2516|Quartz.Core.QuartzSchedulerThread|DEBUG|Batch acquisition of 1 triggers 
2022-03-15 11:44:00.0023|Quartz.Core.QuartzSchedulerThread|DEBUG|Batch acquisition of 0 triggers 
2022-03-15 11:44:00.0023|Quartz.Core.JobRunShell|DEBUG|Calling Execute on job DEFAULT.Hhmocon.Mes.Repository.QuartzJobRunner 
2022-03-15 11:44:00.2388|Quartz.Core.JobRunShell|DEBUG|Trigger instruction : NoInstruction 
2022-03-15 11:44:00.2388|Quartz.Core.QuartzSchedulerThread|DEBUG|Batch acquisition of 1 triggers 
2022-03-15 11:44:05.0150|Quartz.Core.QuartzSchedulerThread|DEBUG|Batch acquisition of 0 triggers 
2022-03-15 11:44:05.0150|Quartz.Core.JobRunShell|DEBUG|Calling Execute on job DEFAULT.Hhmocon.Mes.Repository.QuartzJobRunner 
2022-03-15 11:44:05.2275|Quartz.Core.JobRunShell|DEBUG|Trigger instruction : NoInstruction 
2022-03-15 11:44:05.2367|Quartz.Core.QuartzSchedulerThread|DEBUG|Batch acquisition of 1 triggers 
2022-03-15 11:44:10.0094|Quartz.Core.QuartzSchedulerThread|DEBUG|Batch acquisition of 0 triggers 
2022-03-15 11:44:10.0094|Quartz.Core.JobRunShell|DEBUG|Calling Execute on job DEFAULT.Hhmocon.Mes.Repository.QuartzJobRunner 
2022-03-15 11:44:10.2048|Quartz.Core.JobRunShell|DEBUG|Trigger instruction : NoInstruction 
2022-03-15 11:44:10.2350|Quartz.Core.QuartzSchedulerThread|DEBUG|Batch acquisition of 1 triggers 
2022-03-15 11:44:15.0235|Quartz.Core.QuartzSchedulerThread|DEBUG|Batch acquisition of 0 triggers 
2022-03-15 11:44:15.0235|Quartz.Core.JobRunShell|DEBUG|Calling Execute on job DEFAULT.Hhmocon.Mes.Repository.QuartzJobRunner 
2022-03-15 11:44:15.3417|Quartz.Core.JobRunShell|DEBUG|Trigger instruction : NoInstruction 
2022-03-15 11:44:15.3417|Quartz.Core.QuartzSchedulerThread|DEBUG|Batch acquisition of 1 triggers 
2022-03-15 11:44:20.0133|Quartz.Core.QuartzSchedulerThread|DEBUG|Batch acquisition of 0 triggers 
2022-03-15 11:44:20.0133|Quartz.Core.JobRunShell|DEBUG|Calling Execute on job DEFAULT.Hhmocon.Mes.Repository.QuartzJobRunner 
2022-03-15 11:44:20.1979|Quartz.Core.JobRunShell|DEBUG|Trigger instruction : NoInstruction 
2022-03-15 11:44:20.1979|Quartz.Core.QuartzSchedulerThread|DEBUG|Batch acquisition of 1 triggers 
2022-03-15 11:44:25.0060|Quartz.Core.QuartzSchedulerThread|DEBUG|Batch acquisition of 0 triggers 
2022-03-15 11:44:25.0060|Quartz.Core.JobRunShell|DEBUG|Calling Execute on job DEFAULT.Hhmocon.Mes.Repository.QuartzJobRunner 
2022-03-15 11:44:25.2337|Quartz.Core.JobRunShell|DEBUG|Trigger instruction : NoInstruction 
2022-03-15 11:44:25.2337|Quartz.Core.QuartzSchedulerThread|DEBUG|Batch acquisition of 1 triggers 
2022-03-15 11:44:30.0003|Quartz.Core.QuartzSchedulerThread|DEBUG|Batch acquisition of 0 triggers 
2022-03-15 11:44:30.0003|Quartz.Core.JobRunShell|DEBUG|Calling Execute on job DEFAULT.Hhmocon.Mes.Repository.QuartzJobRunner 
2022-03-15 11:44:30.2269|Quartz.Core.JobRunShell|DEBUG|Trigger instruction : NoInstruction 
2022-03-15 11:44:30.2269|Quartz.Core.QuartzSchedulerThread|DEBUG|Batch acquisition of 1 triggers 
2022-03-15 11:44:35.0090|Quartz.Core.QuartzSchedulerThread|DEBUG|Batch acquisition of 0 triggers 
2022-03-15 11:44:35.0090|Quartz.Core.JobRunShell|DEBUG|Calling Execute on job DEFAULT.Hhmocon.Mes.Repository.QuartzJobRunner 
2022-03-15 11:44:35.2503|Quartz.Core.JobRunShell|DEBUG|Trigger instruction : NoInstruction 
2022-03-15 11:44:35.2558|Quartz.Core.QuartzSchedulerThread|DEBUG|Batch acquisition of 1 triggers 
2022-03-15 11:44:40.0235|Quartz.Core.QuartzSchedulerThread|DEBUG|Batch acquisition of 0 triggers 
2022-03-15 11:44:40.0235|Quartz.Core.JobRunShell|DEBUG|Calling Execute on job DEFAULT.Hhmocon.Mes.Repository.QuartzJobRunner 
2022-03-15 11:44:40.2790|Quartz.Core.JobRunShell|DEBUG|Trigger instruction : NoInstruction 
2022-03-15 11:44:40.2885|Quartz.Core.QuartzSchedulerThread|DEBUG|Batch acquisition of 1 triggers 
2022-03-15 11:44:45.0069|Quartz.Core.QuartzSchedulerThread|DEBUG|Batch acquisition of 0 triggers 
2022-03-15 11:44:45.0069|Quartz.Core.JobRunShell|DEBUG|Calling Execute on job DEFAULT.Hhmocon.Mes.Repository.QuartzJobRunner 
2022-03-15 11:44:45.2225|Quartz.Core.JobRunShell|DEBUG|Trigger instruction : NoInstruction 
2022-03-15 11:44:45.2225|Quartz.Core.QuartzSchedulerThread|DEBUG|Batch acquisition of 1 triggers 
2022-03-15 11:44:50.0027|Quartz.Core.QuartzSchedulerThread|DEBUG|Batch acquisition of 0 triggers 
2022-03-15 11:44:50.0027|Quartz.Core.JobRunShell|DEBUG|Calling Execute on job DEFAULT.Hhmocon.Mes.Repository.QuartzJobRunner 
2022-03-15 11:44:50.2343|Quartz.Core.JobRunShell|DEBUG|Trigger instruction : NoInstruction 
2022-03-15 11:44:50.2343|Quartz.Core.QuartzSchedulerThread|DEBUG|Batch acquisition of 1 triggers 
2022-03-15 11:44:55.0125|Quartz.Core.QuartzSchedulerThread|DEBUG|Batch acquisition of 0 triggers 
2022-03-15 11:44:55.0125|Quartz.Core.JobRunShell|DEBUG|Calling Execute on job DEFAULT.Hhmocon.Mes.Repository.QuartzJobRunner 
2022-03-15 11:44:55.2519|Quartz.Core.JobRunShell|DEBUG|Trigger instruction : NoInstruction 
2022-03-15 11:44:55.2519|Quartz.Core.QuartzSchedulerThread|DEBUG|Batch acquisition of 1 triggers 
2022-03-15 11:45:00.0077|Quartz.Core.QuartzSchedulerThread|DEBUG|Batch acquisition of 0 triggers 
2022-03-15 11:45:00.0077|Quartz.Core.JobRunShell|DEBUG|Calling Execute on job DEFAULT.Hhmocon.Mes.Repository.QuartzJobRunner 
2022-03-15 11:45:00.2642|Quartz.Core.JobRunShell|DEBUG|Trigger instruction : NoInstruction 
2022-03-15 11:45:00.2642|Quartz.Core.QuartzSchedulerThread|DEBUG|Batch acquisition of 1 triggers 
2022-03-15 11:45:05.0020|Quartz.Core.QuartzSchedulerThread|DEBUG|Batch acquisition of 0 triggers 
2022-03-15 11:45:05.0020|Quartz.Core.JobRunShell|DEBUG|Calling Execute on job DEFAULT.Hhmocon.Mes.Repository.QuartzJobRunner 
2022-03-15 11:45:05.2287|Quartz.Core.JobRunShell|DEBUG|Trigger instruction : NoInstruction 
2022-03-15 11:45:05.2287|Quartz.Core.QuartzSchedulerThread|DEBUG|Batch acquisition of 1 triggers 
2022-03-15 11:45:10.0133|Quartz.Core.JobRunShell|DEBUG|Calling Execute on job DEFAULT.Hhmocon.Mes.Repository.QuartzJobRunner 
2022-03-15 11:45:10.0133|Quartz.Core.QuartzSchedulerThread|DEBUG|Batch acquisition of 0 triggers 
2022-03-15 11:45:10.2504|Quartz.Core.JobRunShell|DEBUG|Trigger instruction : NoInstruction 
2022-03-15 11:45:10.2504|Quartz.Core.QuartzSchedulerThread|DEBUG|Batch acquisition of 1 triggers 
2022-03-15 11:45:15.0004|Quartz.Core.JobRunShell|DEBUG|Calling Execute on job DEFAULT.Hhmocon.Mes.Repository.QuartzJobRunner 
2022-03-15 11:45:15.0004|Quartz.Core.QuartzSchedulerThread|DEBUG|Batch acquisition of 0 triggers 
2022-03-15 11:45:15.2312|Quartz.Core.JobRunShell|DEBUG|Trigger instruction : NoInstruction 
2022-03-15 11:45:15.2312|Quartz.Core.QuartzSchedulerThread|DEBUG|Batch acquisition of 1 triggers 
2022-03-15 11:45:20.0139|Quartz.Core.QuartzSchedulerThread|DEBUG|Batch acquisition of 0 triggers 
2022-03-15 11:45:20.0139|Quartz.Core.JobRunShell|DEBUG|Calling Execute on job DEFAULT.Hhmocon.Mes.Repository.QuartzJobRunner 
2022-03-15 11:45:20.2689|Quartz.Core.JobRunShell|DEBUG|Trigger instruction : NoInstruction 
2022-03-15 11:45:20.2689|Quartz.Core.QuartzSchedulerThread|DEBUG|Batch acquisition of 1 triggers 
2022-03-15 11:45:25.0088|Quartz.Core.QuartzSchedulerThread|DEBUG|Batch acquisition of 0 triggers 
2022-03-15 11:45:25.0088|Quartz.Core.JobRunShell|DEBUG|Calling Execute on job DEFAULT.Hhmocon.Mes.Repository.QuartzJobRunner 
2022-03-15 11:45:25.2651|Quartz.Core.JobRunShell|DEBUG|Trigger instruction : NoInstruction 
2022-03-15 11:45:25.2651|Quartz.Core.QuartzSchedulerThread|DEBUG|Batch acquisition of 1 triggers 
2022-03-15 11:45:30.0143|Quartz.Core.JobRunShell|DEBUG|Calling Execute on job DEFAULT.Hhmocon.Mes.Repository.QuartzJobRunner 
2022-03-15 11:45:30.0143|Quartz.Core.QuartzSchedulerThread|DEBUG|Batch acquisition of 0 triggers 
2022-03-15 11:45:30.2652|Quartz.Core.JobRunShell|DEBUG|Trigger instruction : NoInstruction 
2022-03-15 11:45:30.2652|Quartz.Core.QuartzSchedulerThread|DEBUG|Batch acquisition of 1 triggers 
2022-03-15 11:45:35.0028|Quartz.Core.QuartzSchedulerThread|DEBUG|Batch acquisition of 0 triggers 
2022-03-15 11:45:35.0028|Quartz.Core.JobRunShell|DEBUG|Calling Execute on job DEFAULT.Hhmocon.Mes.Repository.QuartzJobRunner 
2022-03-15 11:45:35.2418|Quartz.Core.JobRunShell|DEBUG|Trigger instruction : NoInstruction 
2022-03-15 11:45:35.2518|Quartz.Core.QuartzSchedulerThread|DEBUG|Batch acquisition of 1 triggers 
2022-03-15 11:45:40.0149|Quartz.Core.JobRunShell|DEBUG|Calling Execute on job DEFAULT.Hhmocon.Mes.Repository.QuartzJobRunner 
2022-03-15 11:45:40.0149|Quartz.Core.QuartzSchedulerThread|DEBUG|Batch acquisition of 0 triggers 
2022-03-15 11:45:40.2347|Quartz.Core.JobRunShell|DEBUG|Trigger instruction : NoInstruction 
2022-03-15 11:45:40.2347|Quartz.Core.QuartzSchedulerThread|DEBUG|Batch acquisition of 1 triggers 
2022-03-15 11:45:45.0113|Quartz.Core.QuartzSchedulerThread|DEBUG|Batch acquisition of 0 triggers 
2022-03-15 11:45:45.0113|Quartz.Core.JobRunShell|DEBUG|Calling Execute on job DEFAULT.Hhmocon.Mes.Repository.QuartzJobRunner 
2022-03-15 11:45:45.2709|Quartz.Core.JobRunShell|DEBUG|Trigger instruction : NoInstruction 
2022-03-15 11:45:45.2709|Quartz.Core.QuartzSchedulerThread|DEBUG|Batch acquisition of 1 triggers 
2022-03-15 11:45:50.0052|Quartz.Core.QuartzSchedulerThread|DEBUG|Batch acquisition of 0 triggers 
2022-03-15 11:45:50.0052|Quartz.Core.JobRunShell|DEBUG|Calling Execute on job DEFAULT.Hhmocon.Mes.Repository.QuartzJobRunner 
2022-03-15 11:45:50.2389|Quartz.Core.JobRunShell|DEBUG|Trigger instruction : NoInstruction 
2022-03-15 11:45:50.2389|Quartz.Core.QuartzSchedulerThread|DEBUG|Batch acquisition of 1 triggers 
2022-03-15 11:45:55.0162|Quartz.Core.QuartzSchedulerThread|DEBUG|Batch acquisition of 0 triggers 
2022-03-15 11:45:55.0162|Quartz.Core.JobRunShell|DEBUG|Calling Execute on job DEFAULT.Hhmocon.Mes.Repository.QuartzJobRunner 
2022-03-15 11:45:55.2445|Quartz.Core.JobRunShell|DEBUG|Trigger instruction : NoInstruction 
2022-03-15 11:45:55.2445|Quartz.Core.QuartzSchedulerThread|DEBUG|Batch acquisition of 1 triggers 
2022-03-15 11:46:00.0060|Quartz.Core.JobRunShell|DEBUG|Calling Execute on job DEFAULT.Hhmocon.Mes.Repository.QuartzJobRunner 
2022-03-15 11:46:00.0060|Quartz.Core.QuartzSchedulerThread|DEBUG|Batch acquisition of 0 triggers 
2022-03-15 11:46:00.2349|Quartz.Core.JobRunShell|DEBUG|Trigger instruction : NoInstruction 
2022-03-15 11:46:00.2490|Quartz.Core.QuartzSchedulerThread|DEBUG|Batch acquisition of 1 triggers 
2022-03-15 11:46:05.0012|Quartz.Core.JobRunShell|DEBUG|Calling Execute on job DEFAULT.Hhmocon.Mes.Repository.QuartzJobRunner 
2022-03-15 11:46:05.0012|Quartz.Core.QuartzSchedulerThread|DEBUG|Batch acquisition of 0 triggers 
2022-03-15 11:46:05.2370|Quartz.Core.JobRunShell|DEBUG|Trigger instruction : NoInstruction 
2022-03-15 11:46:05.2370|Quartz.Core.QuartzSchedulerThread|DEBUG|Batch acquisition of 1 triggers 
2022-03-15 11:46:10.0157|Quartz.Core.QuartzSchedulerThread|DEBUG|Batch acquisition of 0 triggers 
2022-03-15 11:46:10.0157|Quartz.Core.JobRunShell|DEBUG|Calling Execute on job DEFAULT.Hhmocon.Mes.Repository.QuartzJobRunner 
2022-03-15 11:46:10.2583|Quartz.Core.JobRunShell|DEBUG|Trigger instruction : NoInstruction 
2022-03-15 11:46:10.2583|Quartz.Core.QuartzSchedulerThread|DEBUG|Batch acquisition of 1 triggers 
2022-03-15 11:46:15.0109|Quartz.Core.QuartzSchedulerThread|DEBUG|Batch acquisition of 0 triggers 
2022-03-15 11:46:15.0109|Quartz.Core.JobRunShell|DEBUG|Calling Execute on job DEFAULT.Hhmocon.Mes.Repository.QuartzJobRunner 
2022-03-15 11:46:15.2634|Quartz.Core.JobRunShell|DEBUG|Trigger instruction : NoInstruction 
2022-03-15 11:46:15.2634|Quartz.Core.QuartzSchedulerThread|DEBUG|Batch acquisition of 1 triggers 
2022-03-15 11:46:20.0196|Quartz.Core.QuartzSchedulerThread|DEBUG|Batch acquisition of 0 triggers 
2022-03-15 11:46:20.0196|Quartz.Core.JobRunShell|DEBUG|Calling Execute on job DEFAULT.Hhmocon.Mes.Repository.QuartzJobRunner 
2022-03-15 11:46:20.2725|Quartz.Core.JobRunShell|DEBUG|Trigger instruction : NoInstruction 
2022-03-15 11:46:20.2725|Quartz.Core.QuartzSchedulerThread|DEBUG|Batch acquisition of 1 triggers 
2022-03-15 11:46:25.0096|Quartz.Core.QuartzSchedulerThread|DEBUG|Batch acquisition of 0 triggers 
2022-03-15 11:46:25.0096|Quartz.Core.JobRunShell|DEBUG|Calling Execute on job DEFAULT.Hhmocon.Mes.Repository.QuartzJobRunner 
2022-03-15 11:46:25.2328|Quartz.Core.JobRunShell|DEBUG|Trigger instruction : NoInstruction 
2022-03-15 11:46:25.2328|Quartz.Core.QuartzSchedulerThread|DEBUG|Batch acquisition of 1 triggers 
2022-03-15 11:46:30.0043|Quartz.Core.QuartzSchedulerThread|DEBUG|Batch acquisition of 0 triggers 
2022-03-15 11:46:30.0043|Quartz.Core.JobRunShell|DEBUG|Calling Execute on job DEFAULT.Hhmocon.Mes.Repository.QuartzJobRunner 
2022-03-15 11:46:30.2541|Quartz.Core.JobRunShell|DEBUG|Trigger instruction : NoInstruction 
2022-03-15 11:46:30.2579|Quartz.Core.QuartzSchedulerThread|DEBUG|Batch acquisition of 1 triggers 
2022-03-15 11:46:35.0028|Quartz.Core.QuartzSchedulerThread|DEBUG|Batch acquisition of 0 triggers 
2022-03-15 11:46:35.0028|Quartz.Core.JobRunShell|DEBUG|Calling Execute on job DEFAULT.Hhmocon.Mes.Repository.QuartzJobRunner 
2022-03-15 11:46:35.2296|Quartz.Core.JobRunShell|DEBUG|Trigger instruction : NoInstruction 
2022-03-15 11:46:35.2296|Quartz.Core.QuartzSchedulerThread|DEBUG|Batch acquisition of 1 triggers 
2022-03-15 11:46:40.0039|Quartz.Core.QuartzSchedulerThread|DEBUG|Batch acquisition of 0 triggers 
2022-03-15 11:46:40.0039|Quartz.Core.JobRunShell|DEBUG|Calling Execute on job DEFAULT.Hhmocon.Mes.Repository.QuartzJobRunner 
2022-03-15 11:46:40.2461|Quartz.Core.JobRunShell|DEBUG|Trigger instruction : NoInstruction 
2022-03-15 11:46:40.2630|Quartz.Core.QuartzSchedulerThread|DEBUG|Batch acquisition of 1 triggers 
2022-03-15 11:46:45.0041|Quartz.Core.QuartzSchedulerThread|DEBUG|Batch acquisition of 0 triggers 
2022-03-15 11:46:45.0041|Quartz.Core.JobRunShell|DEBUG|Calling Execute on job DEFAULT.Hhmocon.Mes.Repository.QuartzJobRunner 
2022-03-15 11:46:45.2280|Quartz.Core.JobRunShell|DEBUG|Trigger instruction : NoInstruction 
2022-03-15 11:46:45.2280|Quartz.Core.QuartzSchedulerThread|DEBUG|Batch acquisition of 1 triggers 
>>>>>>> 4af8aa86000f05987785e7bbb9167feef3d182cc
2022-03-15 13:19:32.2702|Quartz.Core.QuartzSchedulerThread|DEBUG|Batch acquisition of 0 triggers 
2022-03-15 13:19:32.2702|Quartz.Core.JobRunShell|DEBUG|Calling Execute on job DEFAULT.Hhmocon.Mes.Repository.QuartzJobRunner 
2022-03-15 13:19:32.4026|Hhmocon.Mes.Repository.DemoJob|ERROR|列名 'notice_flag' 无效。 
2022-03-15 13:19:32.4372|Quartz.Core.JobRunShell|ERROR|Job DEFAULT.Hhmocon.Mes.Repository.QuartzJobRunner threw an unhandled Exception:  列名 'notice_flag' 无效。
2022-03-15 13:19:32.4372|Quartz.Core.ErrorLogger|ERROR|Job DEFAULT.Hhmocon.Mes.Repository.QuartzJobRunner threw an exception. Job threw an unhandled exception.
2022-03-15 13:19:32.4372|Quartz.Core.JobRunShell|DEBUG|Trigger instruction : NoInstruction 
2022-03-15 13:19:32.4372|Quartz.Core.QuartzSchedulerThread|DEBUG|Batch acquisition of 1 triggers 
2022-03-15 13:19:32.4372|Quartz.Core.QuartzSchedulerThread|DEBUG|Batch acquisition of 0 triggers 
2022-03-15 13:19:32.4372|Quartz.Core.JobRunShell|DEBUG|Calling Execute on job DEFAULT.Hhmocon.Mes.Repository.QuartzJobRunner 
2022-03-15 13:19:32.5378|Hhmocon.Mes.Repository.DemoJob|ERROR|列名 'notice_flag' 无效。 
2022-03-15 13:19:32.5715|Quartz.Core.JobRunShell|ERROR|Job DEFAULT.Hhmocon.Mes.Repository.QuartzJobRunner threw an unhandled Exception:  列名 'notice_flag' 无效。
2022-03-15 13:19:32.5715|Quartz.Core.ErrorLogger|ERROR|Job DEFAULT.Hhmocon.Mes.Repository.QuartzJobRunner threw an exception. Job threw an unhandled exception.
2022-03-15 13:19:32.5715|Quartz.Core.JobRunShell|DEBUG|Trigger instruction : NoInstruction 
2022-03-15 13:19:32.5715|Quartz.Core.QuartzSchedulerThread|DEBUG|Batch acquisition of 1 triggers 
2022-03-15 13:19:35.0002|Quartz.Core.JobRunShell|DEBUG|Calling Execute on job DEFAULT.Hhmocon.Mes.Repository.QuartzJobRunner 
2022-03-15 13:19:35.0002|Quartz.Core.QuartzSchedulerThread|DEBUG|Batch acquisition of 0 triggers 
2022-03-15 13:19:35.1058|Hhmocon.Mes.Repository.DemoJob|ERROR|列名 'notice_flag' 无效。 
2022-03-15 13:19:35.1392|Quartz.Core.JobRunShell|ERROR|Job DEFAULT.Hhmocon.Mes.Repository.QuartzJobRunner threw an unhandled Exception:  列名 'notice_flag' 无效。
2022-03-15 13:19:35.1392|Quartz.Core.ErrorLogger|ERROR|Job DEFAULT.Hhmocon.Mes.Repository.QuartzJobRunner threw an exception. Job threw an unhandled exception.
2022-03-15 13:19:35.1392|Quartz.Core.JobRunShell|DEBUG|Trigger instruction : NoInstruction 
2022-03-15 13:19:35.1392|Quartz.Core.QuartzSchedulerThread|DEBUG|Batch acquisition of 1 triggers 
2022-03-15 13:19:40.0004|Quartz.Core.QuartzSchedulerThread|DEBUG|Batch acquisition of 0 triggers 
2022-03-15 13:19:40.0004|Quartz.Core.JobRunShell|DEBUG|Calling Execute on job DEFAULT.Hhmocon.Mes.Repository.QuartzJobRunner 
2022-03-15 13:19:40.1077|Hhmocon.Mes.Repository.DemoJob|ERROR|列名 'notice_flag' 无效。 
2022-03-15 13:19:40.1492|Quartz.Core.JobRunShell|ERROR|Job DEFAULT.Hhmocon.Mes.Repository.QuartzJobRunner threw an unhandled Exception:  列名 'notice_flag' 无效。
2022-03-15 13:19:40.1492|Quartz.Core.ErrorLogger|ERROR|Job DEFAULT.Hhmocon.Mes.Repository.QuartzJobRunner threw an exception. Job threw an unhandled exception.
2022-03-15 13:19:40.1492|Quartz.Core.JobRunShell|DEBUG|Trigger instruction : NoInstruction 
2022-03-15 13:19:40.1492|Quartz.Core.QuartzSchedulerThread|DEBUG|Batch acquisition of 1 triggers 
