2022-03-03 13:18:12.1838|Quartz.Core.QuartzSchedulerThread|DEBUG|Batch acquisition of 0 triggers 
2022-03-03 13:18:12.1838|Quartz.Core.JobRunShell|DEBUG|Calling Execute on job DEFAULT.Hhmocon.Mes.Repository.QuartzJobRunner 
2022-03-03 13:18:12.2969|Hhmocon.Mes.Repository.DemoJob|ERROR|列名 'notice_flag' 无效。 
2022-03-03 13:18:12.3306|Quartz.Core.JobRunShell|ERROR|Job DEFAULT.Hhmocon.Mes.Repository.QuartzJobRunner threw an unhandled Exception:  列名 'notice_flag' 无效。
2022-03-03 13:18:12.3306|Quartz.Core.ErrorLogger|ERROR|Job DEFAULT.Hhmocon.Mes.Repository.QuartzJobRunner threw an exception. Job threw an unhandled exception.
2022-03-03 13:18:12.3306|Quartz.Core.JobRunShell|DEBUG|Trigger instruction : NoInstruction 
2022-03-03 13:18:12.3306|Quartz.Core.QuartzSchedulerThread|DEBUG|Batch acquisition of 1 triggers 
2022-03-03 13:18:12.3306|Quartz.Core.QuartzSchedulerThread|DEBUG|Batch acquisition of 0 triggers 
2022-03-03 13:18:12.3306|Quartz.Core.JobRunShell|DEBUG|Calling Execute on job DEFAULT.Hhmocon.Mes.Repository.QuartzJobRunner 
2022-03-03 13:18:12.4358|Hhmocon.Mes.Repository.DemoJob|ERROR|列名 'notice_flag' 无效。 
2022-03-03 13:18:12.4727|Quartz.Core.JobRunShell|ERROR|Job DEFAULT.Hhmocon.Mes.Repository.QuartzJobRunner threw an unhandled Exception:  列名 'notice_flag' 无效。
2022-03-03 13:18:12.4727|Quartz.Core.ErrorLogger|ERROR|Job DEFAULT.Hhmocon.Mes.Repository.QuartzJobRunner threw an exception. Job threw an unhandled exception.
2022-03-03 13:18:12.4727|Quartz.Core.JobRunShell|DEBUG|Trigger instruction : NoInstruction 
2022-03-03 13:18:12.4727|Quartz.Core.QuartzSchedulerThread|DEBUG|Batch acquisition of 1 triggers 
2022-03-03 13:18:15.0003|Quartz.Core.JobRunShell|DEBUG|Calling Execute on job DEFAULT.Hhmocon.Mes.Repository.QuartzJobRunner 
2022-03-03 13:18:15.0003|Quartz.Core.QuartzSchedulerThread|DEBUG|Batch acquisition of 0 triggers 
2022-03-03 13:18:15.1160|Hhmocon.Mes.Repository.DemoJob|ERROR|列名 'notice_flag' 无效。 
2022-03-03 13:18:15.1638|Quartz.Core.JobRunShell|ERROR|Job DEFAULT.Hhmocon.Mes.Repository.QuartzJobRunner threw an unhandled Exception:  列名 'notice_flag' 无效。
2022-03-03 13:18:15.1638|Quartz.Core.ErrorLogger|ERROR|Job DEFAULT.Hhmocon.Mes.Repository.QuartzJobRunner threw an exception. Job threw an unhandled exception.
2022-03-03 13:18:15.1638|Quartz.Core.JobRunShell|DEBUG|Trigger instruction : NoInstruction 
2022-03-03 13:18:15.1638|Quartz.Core.QuartzSchedulerThread|DEBUG|Batch acquisition of 1 triggers 
