2022-12-02 14:40:08.4202|Quartz.Impl.StdSchedulerFactory|INFO|Default Quartz.NET properties loaded from embedded resource file 
2022-12-02 14:40:08.9951|Quartz.Simpl.TaskSchedulingThreadPool|DEBUG|TaskSchedulingThreadPool configured with max concurrency of 10 and TaskScheduler ThreadPoolTaskScheduler. 
2022-12-02 14:40:09.0438|Quartz.Core.SchedulerSignalerImpl|INFO|Initialized Scheduler Signaller of type: Quartz.Core.SchedulerSignalerImpl 
2022-12-02 14:40:09.0548|Quartz.Core.QuartzScheduler|INFO|Quartz Scheduler created 
2022-12-02 14:40:09.0548|Quartz.Core.QuartzScheduler|INFO|JobFactory set to: Autofac.Extras.Quartz.AutofacJobFactory 
2022-12-02 14:40:09.0548|Quartz.Simpl.RAMJobStore|INFO|RAMJobStore initialized. 
2022-12-02 14:40:09.0548|Quartz.Core.QuartzScheduler|INFO|Scheduler meta-data: Quartz Scheduler (v3.3.3.0) 'DefaultQuartzScheduler' with instanceId 'NON_CLUSTERED'
  Scheduler class: 'Quartz.Core.QuartzScheduler' - running locally.
  NOT STARTED.
  Currently in standby mode.
  Number of jobs executed: 0
  Using thread pool 'Quartz.Simpl.DefaultThreadPool' - with 10 threads.
  Using job-store 'Quartz.Simpl.RAMJobStore' - which does not support persistence. and is not clustered.
 
2022-12-02 14:40:09.0688|Quartz.Impl.StdSchedulerFactory|INFO|Quartz scheduler 'DefaultQuartzScheduler' initialized 
2022-12-02 14:40:09.0688|Quartz.Impl.StdSchedulerFactory|INFO|Quartz scheduler version: 3.3.3.0 
2022-12-02 14:40:09.0688|Quartz.Core.QuartzScheduler|INFO|JobFactory set to: Autofac.Extras.Quartz.AutofacJobFactory 
2022-12-02 14:40:09.1778|Quartz.Core.QuartzScheduler|INFO|Scheduler DefaultQuartzScheduler_$_NON_CLUSTERED started. 
2022-12-02 14:40:09.1778|Quartz.Core.QuartzSchedulerThread|DEBUG|Batch acquisition of 1 triggers 
2022-12-02 14:40:10.0155|Quartz.Core.QuartzSchedulerThread|DEBUG|Batch acquisition of 0 triggers 
2022-12-02 14:40:10.0838|Quartz.Core.JobRunShell|DEBUG|Calling Execute on job DEFAULT.Hhmocon.Mes.Repository.QuartzJobRunner 
2022-12-02 18:26:10.9333|Quartz.Impl.StdSchedulerFactory|INFO|Default Quartz.NET properties loaded from embedded resource file 
2022-12-02 18:26:11.3256|Quartz.Simpl.TaskSchedulingThreadPool|DEBUG|TaskSchedulingThreadPool configured with max concurrency of 10 and TaskScheduler ThreadPoolTaskScheduler. 
2022-12-02 18:26:11.3752|Quartz.Core.SchedulerSignalerImpl|INFO|Initialized Scheduler Signaller of type: Quartz.Core.SchedulerSignalerImpl 
2022-12-02 18:26:11.3843|Quartz.Core.QuartzScheduler|INFO|Quartz Scheduler created 
2022-12-02 18:26:11.3843|Quartz.Core.QuartzScheduler|INFO|JobFactory set to: Autofac.Extras.Quartz.AutofacJobFactory 
2022-12-02 18:26:11.3843|Quartz.Simpl.RAMJobStore|INFO|RAMJobStore initialized. 
2022-12-02 18:26:11.3843|Quartz.Core.QuartzScheduler|INFO|Scheduler meta-data: Quartz Scheduler (v3.3.3.0) 'DefaultQuartzScheduler' with instanceId 'NON_CLUSTERED'
  Scheduler class: 'Quartz.Core.QuartzScheduler' - running locally.
  NOT STARTED.
  Currently in standby mode.
  Number of jobs executed: 0
  Using thread pool 'Quartz.Simpl.DefaultThreadPool' - with 10 threads.
  Using job-store 'Quartz.Simpl.RAMJobStore' - which does not support persistence. and is not clustered.
 
2022-12-02 18:26:11.3843|Quartz.Impl.StdSchedulerFactory|INFO|Quartz scheduler 'DefaultQuartzScheduler' initialized 
2022-12-02 18:26:11.3843|Quartz.Impl.StdSchedulerFactory|INFO|Quartz scheduler version: 3.3.3.0 
2022-12-02 18:26:11.3969|Quartz.Core.QuartzScheduler|INFO|JobFactory set to: Autofac.Extras.Quartz.AutofacJobFactory 
2022-12-02 18:26:11.5014|Quartz.Core.QuartzScheduler|INFO|Scheduler DefaultQuartzScheduler_$_NON_CLUSTERED started. 
2022-12-02 18:26:11.5119|Quartz.Core.QuartzSchedulerThread|DEBUG|Batch acquisition of 1 triggers 
2022-12-02 18:26:15.0760|Quartz.Core.QuartzSchedulerThread|DEBUG|Batch acquisition of 0 triggers 
2022-12-02 18:26:15.1151|Quartz.Core.JobRunShell|DEBUG|Calling Execute on job DEFAULT.Hhmocon.Mes.Repository.QuartzJobRunner 
2022-12-02 18:34:16.3724|Quartz.Impl.StdSchedulerFactory|INFO|Default Quartz.NET properties loaded from embedded resource file 
2022-12-02 18:34:16.9332|Quartz.Simpl.TaskSchedulingThreadPool|DEBUG|TaskSchedulingThreadPool configured with max concurrency of 10 and TaskScheduler ThreadPoolTaskScheduler. 
2022-12-02 18:34:16.9821|Quartz.Core.SchedulerSignalerImpl|INFO|Initialized Scheduler Signaller of type: Quartz.Core.SchedulerSignalerImpl 
2022-12-02 18:34:16.9821|Quartz.Core.QuartzScheduler|INFO|Quartz Scheduler created 
2022-12-02 18:34:16.9821|Quartz.Core.QuartzScheduler|INFO|JobFactory set to: Autofac.Extras.Quartz.AutofacJobFactory 
2022-12-02 18:34:16.9821|Quartz.Simpl.RAMJobStore|INFO|RAMJobStore initialized. 
2022-12-02 18:34:16.9910|Quartz.Core.QuartzScheduler|INFO|Scheduler meta-data: Quartz Scheduler (v3.3.3.0) 'DefaultQuartzScheduler' with instanceId 'NON_CLUSTERED'
  Scheduler class: 'Quartz.Core.QuartzScheduler' - running locally.
  NOT STARTED.
  Currently in standby mode.
  Number of jobs executed: 0
  Using thread pool 'Quartz.Simpl.DefaultThreadPool' - with 10 threads.
  Using job-store 'Quartz.Simpl.RAMJobStore' - which does not support persistence. and is not clustered.
 
2022-12-02 18:34:16.9910|Quartz.Impl.StdSchedulerFactory|INFO|Quartz scheduler 'DefaultQuartzScheduler' initialized 
2022-12-02 18:34:16.9910|Quartz.Impl.StdSchedulerFactory|INFO|Quartz scheduler version: 3.3.3.0 
2022-12-02 18:34:16.9910|Quartz.Core.QuartzScheduler|INFO|JobFactory set to: Autofac.Extras.Quartz.AutofacJobFactory 
2022-12-02 18:34:17.3666|Quartz.Core.QuartzScheduler|INFO|Scheduler DefaultQuartzScheduler_$_NON_CLUSTERED started. 
2022-12-02 18:34:17.3666|Quartz.Core.QuartzSchedulerThread|DEBUG|Batch acquisition of 1 triggers 
2022-12-02 18:34:20.1204|Quartz.Core.QuartzSchedulerThread|DEBUG|Batch acquisition of 0 triggers 
2022-12-02 18:34:20.5161|Quartz.Core.JobRunShell|DEBUG|Calling Execute on job DEFAULT.Hhmocon.Mes.Repository.QuartzJobRunner 
2022-12-02 18:36:25.0280|Quartz.Impl.StdSchedulerFactory|INFO|Default Quartz.NET properties loaded from embedded resource file 
2022-12-02 18:36:25.4114|Quartz.Simpl.TaskSchedulingThreadPool|DEBUG|TaskSchedulingThreadPool configured with max concurrency of 10 and TaskScheduler ThreadPoolTaskScheduler. 
2022-12-02 18:36:25.4425|Quartz.Core.SchedulerSignalerImpl|INFO|Initialized Scheduler Signaller of type: Quartz.Core.SchedulerSignalerImpl 
2022-12-02 18:36:25.4437|Quartz.Core.QuartzScheduler|INFO|Quartz Scheduler created 
2022-12-02 18:36:25.4437|Quartz.Core.QuartzScheduler|INFO|JobFactory set to: Autofac.Extras.Quartz.AutofacJobFactory 
2022-12-02 18:36:25.4437|Quartz.Simpl.RAMJobStore|INFO|RAMJobStore initialized. 
2022-12-02 18:36:25.4437|Quartz.Core.QuartzScheduler|INFO|Scheduler meta-data: Quartz Scheduler (v3.3.3.0) 'DefaultQuartzScheduler' with instanceId 'NON_CLUSTERED'
  Scheduler class: 'Quartz.Core.QuartzScheduler' - running locally.
  NOT STARTED.
  Currently in standby mode.
  Number of jobs executed: 0
  Using thread pool 'Quartz.Simpl.DefaultThreadPool' - with 10 threads.
  Using job-store 'Quartz.Simpl.RAMJobStore' - which does not support persistence. and is not clustered.
 
2022-12-02 18:36:25.4437|Quartz.Impl.StdSchedulerFactory|INFO|Quartz scheduler 'DefaultQuartzScheduler' initialized 
2022-12-02 18:36:25.4437|Quartz.Impl.StdSchedulerFactory|INFO|Quartz scheduler version: 3.3.3.0 
2022-12-02 18:36:25.4437|Quartz.Core.QuartzScheduler|INFO|JobFactory set to: Autofac.Extras.Quartz.AutofacJobFactory 
2022-12-02 18:36:25.5175|Quartz.Core.QuartzScheduler|INFO|Scheduler DefaultQuartzScheduler_$_NON_CLUSTERED started. 
2022-12-02 18:36:25.5278|Quartz.Core.QuartzSchedulerThread|DEBUG|Batch acquisition of 1 triggers 
2022-12-02 18:36:25.6309|Quartz.Core.QuartzSchedulerThread|DEBUG|Batch acquisition of 0 triggers 
2022-12-02 18:36:25.6552|Quartz.Core.JobRunShell|DEBUG|Calling Execute on job DEFAULT.Hhmocon.Mes.Repository.QuartzJobRunner 
2022-12-02 18:38:40.5848|Quartz.Impl.StdSchedulerFactory|INFO|Default Quartz.NET properties loaded from embedded resource file 
2022-12-02 18:38:41.0989|Quartz.Simpl.TaskSchedulingThreadPool|DEBUG|TaskSchedulingThreadPool configured with max concurrency of 10 and TaskScheduler ThreadPoolTaskScheduler. 
2022-12-02 18:38:41.1508|Quartz.Core.SchedulerSignalerImpl|INFO|Initialized Scheduler Signaller of type: Quartz.Core.SchedulerSignalerImpl 
2022-12-02 18:38:41.1508|Quartz.Core.QuartzScheduler|INFO|Quartz Scheduler created 
2022-12-02 18:38:41.1508|Quartz.Core.QuartzScheduler|INFO|JobFactory set to: Autofac.Extras.Quartz.AutofacJobFactory 
2022-12-02 18:38:41.1508|Quartz.Simpl.RAMJobStore|INFO|RAMJobStore initialized. 
2022-12-02 18:38:41.1508|Quartz.Core.QuartzScheduler|INFO|Scheduler meta-data: Quartz Scheduler (v3.3.3.0) 'DefaultQuartzScheduler' with instanceId 'NON_CLUSTERED'
  Scheduler class: 'Quartz.Core.QuartzScheduler' - running locally.
  NOT STARTED.
  Currently in standby mode.
  Number of jobs executed: 0
  Using thread pool 'Quartz.Simpl.DefaultThreadPool' - with 10 threads.
  Using job-store 'Quartz.Simpl.RAMJobStore' - which does not support persistence. and is not clustered.
 
2022-12-02 18:38:41.1508|Quartz.Impl.StdSchedulerFactory|INFO|Quartz scheduler 'DefaultQuartzScheduler' initialized 
2022-12-02 18:38:41.1627|Quartz.Impl.StdSchedulerFactory|INFO|Quartz scheduler version: 3.3.3.0 
2022-12-02 18:38:41.1627|Quartz.Core.QuartzScheduler|INFO|JobFactory set to: Autofac.Extras.Quartz.AutofacJobFactory 
2022-12-02 18:38:41.2751|Quartz.Core.QuartzScheduler|INFO|Scheduler DefaultQuartzScheduler_$_NON_CLUSTERED started. 
2022-12-02 18:38:41.3031|Quartz.Core.QuartzSchedulerThread|DEBUG|Batch acquisition of 1 triggers 
2022-12-02 18:38:45.0384|Quartz.Core.QuartzSchedulerThread|DEBUG|Batch acquisition of 0 triggers 
2022-12-02 18:38:45.1410|Quartz.Core.JobRunShell|DEBUG|Calling Execute on job DEFAULT.Hhmocon.Mes.Repository.QuartzJobRunner 
