2023-04-20 10:09:23.4211|Quartz.Impl.StdSchedulerFactory|INFO|Default Quartz.NET properties loaded from embedded resource file 
2023-04-20 10:09:24.2884|Quartz.Simpl.TaskSchedulingThreadPool|DEBUG|TaskSchedulingThreadPool configured with max concurrency of 10 and TaskScheduler ThreadPoolTaskScheduler. 
2023-04-20 10:09:24.4232|Quartz.Core.SchedulerSignalerImpl|INFO|Initialized Scheduler Signaller of type: Quartz.Core.SchedulerSignalerImpl 
2023-04-20 10:09:24.4232|Quartz.Core.QuartzScheduler|INFO|Quartz Scheduler created 
2023-04-20 10:09:24.4232|Quartz.Core.QuartzScheduler|INFO|JobFactory set to: Autofac.Extras.Quartz.AutofacJobFactory 
2023-04-20 10:09:24.4232|Quartz.Simpl.RAMJobStore|INFO|RAMJobStore initialized. 
2023-04-20 10:09:24.4624|Quartz.Core.QuartzScheduler|INFO|Scheduler meta-data: Quartz Scheduler (v3.3.3.0) 'DefaultQuartzScheduler' with instanceId 'NON_CLUSTERED'
  Scheduler class: 'Quartz.Core.QuartzScheduler' - running locally.
  NOT STARTED.
  Currently in standby mode.
  Number of jobs executed: 0
  Using thread pool 'Quartz.Simpl.DefaultThreadPool' - with 10 threads.
  Using job-store 'Quartz.Simpl.RAMJobStore' - which does not support persistence. and is not clustered.
 
2023-04-20 10:09:24.4624|Quartz.Impl.StdSchedulerFactory|INFO|Quartz scheduler 'DefaultQuartzScheduler' initialized 
2023-04-20 10:09:24.4624|Quartz.Impl.StdSchedulerFactory|INFO|Quartz scheduler version: 3.3.3.0 
2023-04-20 10:09:24.4663|Quartz.Core.QuartzScheduler|INFO|JobFactory set to: Autofac.Extras.Quartz.AutofacJobFactory 
2023-04-20 10:09:25.3163|Quartz.Core.QuartzScheduler|INFO|Scheduler DefaultQuartzScheduler_$_NON_CLUSTERED started. 
2023-04-20 10:09:25.3289|Quartz.Core.QuartzSchedulerThread|DEBUG|Batch acquisition of 1 triggers 
2023-04-20 10:09:25.4364|Quartz.Core.QuartzSchedulerThread|DEBUG|Batch acquisition of 0 triggers 
2023-04-20 10:09:25.5027|Quartz.Core.JobRunShell|DEBUG|Calling Execute on job DEFAULT.Hhmocon.Mes.Repository.QuartzJobRunner 
2023-04-20 10:09:28.7183|Microsoft.Hosting.Lifetime|INFO|Now listening on: http://localhost:8081 
2023-04-20 10:09:28.7183|Microsoft.Hosting.Lifetime|INFO|Now listening on: http://[::]:8081 
2023-04-20 10:09:28.7183|Microsoft.Hosting.Lifetime|INFO|Application started. Press Ctrl+C to shut down. 
2023-04-20 10:09:28.7183|Microsoft.Hosting.Lifetime|INFO|Hosting environment: Development 
2023-04-20 10:09:28.7183|Microsoft.Hosting.Lifetime|INFO|Content root path: E:\Project\Hhmocon.Mes\Hhmocon.Mes.WebApi 
2023-04-20 10:09:33.9702|Quartz.Core.JobRunShell|DEBUG|Trigger instruction : NoInstruction 
2023-04-20 10:09:33.9702|Quartz.Core.QuartzSchedulerThread|DEBUG|Batch acquisition of 1 triggers 
2023-04-20 10:09:33.9702|Quartz.Core.QuartzSchedulerThread|DEBUG|Batch acquisition of 0 triggers 
2023-04-20 10:09:33.9702|Quartz.Core.JobRunShell|DEBUG|Calling Execute on job DEFAULT.Hhmocon.Mes.Repository.QuartzJobRunner 
2023-04-20 10:09:34.9178|Quartz.Core.JobRunShell|DEBUG|Trigger instruction : NoInstruction 
2023-04-20 10:09:34.9377|Quartz.Core.QuartzSchedulerThread|DEBUG|Batch acquisition of 1 triggers 
2023-04-20 10:09:35.0011|Quartz.Core.QuartzSchedulerThread|DEBUG|Batch acquisition of 0 triggers 
2023-04-20 10:09:35.0011|Quartz.Core.JobRunShell|DEBUG|Calling Execute on job DEFAULT.Hhmocon.Mes.Repository.QuartzJobRunner 
2023-04-20 10:09:35.9590|Quartz.Core.JobRunShell|DEBUG|Trigger instruction : NoInstruction 
2023-04-20 10:09:35.9590|Quartz.Core.QuartzSchedulerThread|DEBUG|Batch acquisition of 1 triggers 
2023-04-20 10:09:40.0163|Quartz.Core.QuartzSchedulerThread|DEBUG|Batch acquisition of 0 triggers 
2023-04-20 10:09:40.0163|Quartz.Core.JobRunShell|DEBUG|Calling Execute on job DEFAULT.Hhmocon.Mes.Repository.QuartzJobRunner 
2023-04-20 10:09:40.8038|Quartz.Core.JobRunShell|DEBUG|Trigger instruction : NoInstruction 
2023-04-20 10:09:40.8038|Quartz.Core.QuartzSchedulerThread|DEBUG|Batch acquisition of 1 triggers 
2023-04-20 10:09:45.0031|Quartz.Core.QuartzSchedulerThread|DEBUG|Batch acquisition of 0 triggers 
2023-04-20 10:09:45.0031|Quartz.Core.JobRunShell|DEBUG|Calling Execute on job DEFAULT.Hhmocon.Mes.Repository.QuartzJobRunner 
2023-04-20 10:09:45.8203|Quartz.Core.JobRunShell|DEBUG|Trigger instruction : NoInstruction 
2023-04-20 10:09:45.8203|Quartz.Core.QuartzSchedulerThread|DEBUG|Batch acquisition of 1 triggers 
2023-04-20 10:09:50.0220|Quartz.Core.QuartzSchedulerThread|DEBUG|Batch acquisition of 0 triggers 
2023-04-20 10:09:50.0220|Quartz.Core.JobRunShell|DEBUG|Calling Execute on job DEFAULT.Hhmocon.Mes.Repository.QuartzJobRunner 
2023-04-20 10:09:50.9742|Quartz.Core.JobRunShell|DEBUG|Trigger instruction : NoInstruction 
2023-04-20 10:09:50.9742|Quartz.Core.QuartzSchedulerThread|DEBUG|Batch acquisition of 1 triggers 
2023-04-20 10:09:55.0143|Quartz.Core.QuartzSchedulerThread|DEBUG|Batch acquisition of 0 triggers 
2023-04-20 10:09:55.0143|Quartz.Core.JobRunShell|DEBUG|Calling Execute on job DEFAULT.Hhmocon.Mes.Repository.QuartzJobRunner 
2023-04-20 10:09:55.8354|Quartz.Core.JobRunShell|DEBUG|Trigger instruction : NoInstruction 
2023-04-20 10:09:55.8354|Quartz.Core.QuartzSchedulerThread|DEBUG|Batch acquisition of 1 triggers 
2023-04-20 10:10:00.0150|Quartz.Core.QuartzSchedulerThread|DEBUG|Batch acquisition of 0 triggers 
2023-04-20 10:10:00.0150|Quartz.Core.JobRunShell|DEBUG|Calling Execute on job DEFAULT.Hhmocon.Mes.Repository.QuartzJobRunner 
2023-04-20 10:10:00.7148|Quartz.Core.JobRunShell|DEBUG|Trigger instruction : NoInstruction 
2023-04-20 10:10:00.7160|Quartz.Core.QuartzSchedulerThread|DEBUG|Batch acquisition of 1 triggers 
2023-04-20 10:10:05.0023|Quartz.Core.QuartzSchedulerThread|DEBUG|Batch acquisition of 0 triggers 
2023-04-20 10:10:05.0023|Quartz.Core.JobRunShell|DEBUG|Calling Execute on job DEFAULT.Hhmocon.Mes.Repository.QuartzJobRunner 
2023-04-20 10:10:05.7704|Quartz.Core.JobRunShell|DEBUG|Trigger instruction : NoInstruction 
2023-04-20 10:10:05.7704|Quartz.Core.QuartzSchedulerThread|DEBUG|Batch acquisition of 1 triggers 
2023-04-20 10:10:10.0089|Quartz.Core.QuartzSchedulerThread|DEBUG|Batch acquisition of 0 triggers 
2023-04-20 10:10:10.0089|Quartz.Core.JobRunShell|DEBUG|Calling Execute on job DEFAULT.Hhmocon.Mes.Repository.QuartzJobRunner 
2023-04-20 10:10:10.6989|Quartz.Core.JobRunShell|DEBUG|Trigger instruction : NoInstruction 
2023-04-20 10:10:10.6989|Quartz.Core.QuartzSchedulerThread|DEBUG|Batch acquisition of 1 triggers 
2023-04-20 10:10:15.0071|Quartz.Core.QuartzSchedulerThread|DEBUG|Batch acquisition of 0 triggers 
2023-04-20 10:10:15.0071|Quartz.Core.JobRunShell|DEBUG|Calling Execute on job DEFAULT.Hhmocon.Mes.Repository.QuartzJobRunner 
2023-04-20 10:10:15.7590|Quartz.Core.JobRunShell|DEBUG|Trigger instruction : NoInstruction 
2023-04-20 10:10:15.7590|Quartz.Core.QuartzSchedulerThread|DEBUG|Batch acquisition of 1 triggers 
2023-04-20 10:10:20.0128|Quartz.Core.QuartzSchedulerThread|DEBUG|Batch acquisition of 0 triggers 
2023-04-20 10:10:20.0160|Quartz.Core.JobRunShell|DEBUG|Calling Execute on job DEFAULT.Hhmocon.Mes.Repository.QuartzJobRunner 
2023-04-20 10:10:20.7029|Quartz.Core.JobRunShell|DEBUG|Trigger instruction : NoInstruction 
2023-04-20 10:10:20.7029|Quartz.Core.QuartzSchedulerThread|DEBUG|Batch acquisition of 1 triggers 
2023-04-20 10:10:25.0052|Quartz.Core.QuartzSchedulerThread|DEBUG|Batch acquisition of 0 triggers 
2023-04-20 10:10:25.0052|Quartz.Core.JobRunShell|DEBUG|Calling Execute on job DEFAULT.Hhmocon.Mes.Repository.QuartzJobRunner 
2023-04-20 10:10:26.1184|Quartz.Core.JobRunShell|DEBUG|Trigger instruction : NoInstruction 
2023-04-20 10:10:26.1184|Quartz.Core.QuartzSchedulerThread|DEBUG|Batch acquisition of 1 triggers 
2023-04-20 10:10:30.0046|Quartz.Core.QuartzSchedulerThread|DEBUG|Batch acquisition of 0 triggers 
2023-04-20 10:10:30.0046|Quartz.Core.JobRunShell|DEBUG|Calling Execute on job DEFAULT.Hhmocon.Mes.Repository.QuartzJobRunner 
2023-04-20 10:10:30.7063|Quartz.Core.JobRunShell|DEBUG|Trigger instruction : NoInstruction 
2023-04-20 10:10:30.7063|Quartz.Core.QuartzSchedulerThread|DEBUG|Batch acquisition of 1 triggers 
2023-04-20 10:10:35.0035|Quartz.Core.QuartzSchedulerThread|DEBUG|Batch acquisition of 0 triggers 
2023-04-20 10:10:35.0035|Quartz.Core.JobRunShell|DEBUG|Calling Execute on job DEFAULT.Hhmocon.Mes.Repository.QuartzJobRunner 
2023-04-20 10:10:35.7648|Quartz.Core.JobRunShell|DEBUG|Trigger instruction : NoInstruction 
2023-04-20 10:10:35.7648|Quartz.Core.QuartzSchedulerThread|DEBUG|Batch acquisition of 1 triggers 
2023-04-20 10:10:40.0069|Quartz.Core.QuartzSchedulerThread|DEBUG|Batch acquisition of 0 triggers 
2023-04-20 10:10:40.0069|Quartz.Core.JobRunShell|DEBUG|Calling Execute on job DEFAULT.Hhmocon.Mes.Repository.QuartzJobRunner 
2023-04-20 10:10:40.7139|Quartz.Core.JobRunShell|DEBUG|Trigger instruction : NoInstruction 
2023-04-20 10:10:40.7269|Quartz.Core.QuartzSchedulerThread|DEBUG|Batch acquisition of 1 triggers 
2023-04-20 10:10:45.0079|Quartz.Core.QuartzSchedulerThread|DEBUG|Batch acquisition of 0 triggers 
2023-04-20 10:10:45.0079|Quartz.Core.JobRunShell|DEBUG|Calling Execute on job DEFAULT.Hhmocon.Mes.Repository.QuartzJobRunner 
2023-04-20 10:10:45.8092|Quartz.Core.JobRunShell|DEBUG|Trigger instruction : NoInstruction 
2023-04-20 10:10:45.8108|Quartz.Core.QuartzSchedulerThread|DEBUG|Batch acquisition of 1 triggers 
2023-04-20 10:10:50.0144|Quartz.Core.QuartzSchedulerThread|DEBUG|Batch acquisition of 0 triggers 
2023-04-20 10:10:50.0144|Quartz.Core.JobRunShell|DEBUG|Calling Execute on job DEFAULT.Hhmocon.Mes.Repository.QuartzJobRunner 
2023-04-20 10:10:50.6545|Quartz.Core.JobRunShell|DEBUG|Trigger instruction : NoInstruction 
2023-04-20 10:10:50.6545|Quartz.Core.QuartzSchedulerThread|DEBUG|Batch acquisition of 1 triggers 
2023-04-20 10:10:55.0107|Quartz.Core.QuartzSchedulerThread|DEBUG|Batch acquisition of 0 triggers 
2023-04-20 10:10:55.0107|Quartz.Core.JobRunShell|DEBUG|Calling Execute on job DEFAULT.Hhmocon.Mes.Repository.QuartzJobRunner 
2023-04-20 10:10:56.1042|Quartz.Core.JobRunShell|DEBUG|Trigger instruction : NoInstruction 
2023-04-20 10:10:56.1042|Quartz.Core.QuartzSchedulerThread|DEBUG|Batch acquisition of 1 triggers 
2023-04-20 10:11:00.0006|Quartz.Core.QuartzSchedulerThread|DEBUG|Batch acquisition of 0 triggers 
2023-04-20 10:11:00.0006|Quartz.Core.JobRunShell|DEBUG|Calling Execute on job DEFAULT.Hhmocon.Mes.Repository.QuartzJobRunner 
2023-04-20 10:11:00.7024|Quartz.Core.JobRunShell|DEBUG|Trigger instruction : NoInstruction 
2023-04-20 10:11:00.7024|Quartz.Core.QuartzSchedulerThread|DEBUG|Batch acquisition of 1 triggers 
2023-04-20 10:11:05.0029|Quartz.Core.QuartzSchedulerThread|DEBUG|Batch acquisition of 0 triggers 
2023-04-20 10:11:05.0029|Quartz.Core.JobRunShell|DEBUG|Calling Execute on job DEFAULT.Hhmocon.Mes.Repository.QuartzJobRunner 
2023-04-20 10:11:05.7804|Quartz.Core.JobRunShell|DEBUG|Trigger instruction : NoInstruction 
2023-04-20 10:11:05.7804|Quartz.Core.QuartzSchedulerThread|DEBUG|Batch acquisition of 1 triggers 
2023-04-20 10:11:10.0096|Quartz.Core.QuartzSchedulerThread|DEBUG|Batch acquisition of 0 triggers 
2023-04-20 10:11:10.0096|Quartz.Core.JobRunShell|DEBUG|Calling Execute on job DEFAULT.Hhmocon.Mes.Repository.QuartzJobRunner 
2023-04-20 10:11:10.6609|Quartz.Core.JobRunShell|DEBUG|Trigger instruction : NoInstruction 
2023-04-20 10:11:10.6693|Quartz.Core.QuartzSchedulerThread|DEBUG|Batch acquisition of 1 triggers 
2023-04-20 10:11:15.0119|Quartz.Core.QuartzSchedulerThread|DEBUG|Batch acquisition of 0 triggers 
2023-04-20 10:11:15.0137|Quartz.Core.JobRunShell|DEBUG|Calling Execute on job DEFAULT.Hhmocon.Mes.Repository.QuartzJobRunner 
2023-04-20 10:11:15.8669|Quartz.Core.JobRunShell|DEBUG|Trigger instruction : NoInstruction 
2023-04-20 10:11:15.8669|Quartz.Core.QuartzSchedulerThread|DEBUG|Batch acquisition of 1 triggers 
2023-04-20 10:11:20.0147|Quartz.Core.QuartzSchedulerThread|DEBUG|Batch acquisition of 0 triggers 
2023-04-20 10:11:20.0147|Quartz.Core.JobRunShell|DEBUG|Calling Execute on job DEFAULT.Hhmocon.Mes.Repository.QuartzJobRunner 
2023-04-20 10:11:20.6572|Quartz.Core.JobRunShell|DEBUG|Trigger instruction : NoInstruction 
2023-04-20 10:11:20.6572|Quartz.Core.QuartzSchedulerThread|DEBUG|Batch acquisition of 1 triggers 
2023-04-20 10:11:25.0063|Quartz.Core.QuartzSchedulerThread|DEBUG|Batch acquisition of 0 triggers 
2023-04-20 10:11:25.0063|Quartz.Core.JobRunShell|DEBUG|Calling Execute on job DEFAULT.Hhmocon.Mes.Repository.QuartzJobRunner 
2023-04-20 10:11:26.0691|Quartz.Core.JobRunShell|DEBUG|Trigger instruction : NoInstruction 
2023-04-20 10:11:26.0691|Quartz.Core.QuartzSchedulerThread|DEBUG|Batch acquisition of 1 triggers 
2023-04-20 10:11:30.0017|Quartz.Core.QuartzSchedulerThread|DEBUG|Batch acquisition of 0 triggers 
2023-04-20 10:11:30.0017|Quartz.Core.JobRunShell|DEBUG|Calling Execute on job DEFAULT.Hhmocon.Mes.Repository.QuartzJobRunner 
2023-04-20 10:11:30.6611|Quartz.Core.JobRunShell|DEBUG|Trigger instruction : NoInstruction 
2023-04-20 10:11:30.6611|Quartz.Core.QuartzSchedulerThread|DEBUG|Batch acquisition of 1 triggers 
2023-04-20 10:11:35.0050|Quartz.Core.QuartzSchedulerThread|DEBUG|Batch acquisition of 0 triggers 
2023-04-20 10:11:35.0050|Quartz.Core.JobRunShell|DEBUG|Calling Execute on job DEFAULT.Hhmocon.Mes.Repository.QuartzJobRunner 
2023-04-20 10:11:35.7639|Quartz.Core.JobRunShell|DEBUG|Trigger instruction : NoInstruction 
2023-04-20 10:11:35.7639|Quartz.Core.QuartzSchedulerThread|DEBUG|Batch acquisition of 1 triggers 
2023-04-20 10:11:40.0105|Quartz.Core.JobRunShell|DEBUG|Calling Execute on job DEFAULT.Hhmocon.Mes.Repository.QuartzJobRunner 
2023-04-20 10:11:40.0105|Quartz.Core.QuartzSchedulerThread|DEBUG|Batch acquisition of 0 triggers 
2023-04-20 10:11:40.6778|Quartz.Core.JobRunShell|DEBUG|Trigger instruction : NoInstruction 
2023-04-20 10:11:40.6778|Quartz.Core.QuartzSchedulerThread|DEBUG|Batch acquisition of 1 triggers 
2023-04-20 10:11:45.0078|Quartz.Core.QuartzSchedulerThread|DEBUG|Batch acquisition of 0 triggers 
2023-04-20 10:11:45.0078|Quartz.Core.JobRunShell|DEBUG|Calling Execute on job DEFAULT.Hhmocon.Mes.Repository.QuartzJobRunner 
2023-04-20 10:11:45.7595|Quartz.Core.JobRunShell|DEBUG|Trigger instruction : NoInstruction 
2023-04-20 10:11:45.7595|Quartz.Core.QuartzSchedulerThread|DEBUG|Batch acquisition of 1 triggers 
2023-04-20 10:11:50.0087|Quartz.Core.QuartzSchedulerThread|DEBUG|Batch acquisition of 0 triggers 
2023-04-20 10:11:50.0087|Quartz.Core.JobRunShell|DEBUG|Calling Execute on job DEFAULT.Hhmocon.Mes.Repository.QuartzJobRunner 
2023-04-20 10:11:50.7122|Quartz.Core.JobRunShell|DEBUG|Trigger instruction : NoInstruction 
2023-04-20 10:11:50.7122|Quartz.Core.QuartzSchedulerThread|DEBUG|Batch acquisition of 1 triggers 
2023-04-20 10:11:55.0020|Quartz.Core.QuartzSchedulerThread|DEBUG|Batch acquisition of 0 triggers 
2023-04-20 10:11:55.0020|Quartz.Core.JobRunShell|DEBUG|Calling Execute on job DEFAULT.Hhmocon.Mes.Repository.QuartzJobRunner 
2023-04-20 10:11:56.0207|Quartz.Core.JobRunShell|DEBUG|Trigger instruction : NoInstruction 
2023-04-20 10:11:56.0207|Quartz.Core.QuartzSchedulerThread|DEBUG|Batch acquisition of 1 triggers 
2023-04-20 10:12:00.0031|Quartz.Core.QuartzSchedulerThread|DEBUG|Batch acquisition of 0 triggers 
2023-04-20 10:12:00.0031|Quartz.Core.JobRunShell|DEBUG|Calling Execute on job DEFAULT.Hhmocon.Mes.Repository.QuartzJobRunner 
2023-04-20 10:12:00.6656|Quartz.Core.JobRunShell|DEBUG|Trigger instruction : NoInstruction 
2023-04-20 10:12:00.6656|Quartz.Core.QuartzSchedulerThread|DEBUG|Batch acquisition of 1 triggers 
2023-04-20 10:12:05.0118|Quartz.Core.QuartzSchedulerThread|DEBUG|Batch acquisition of 0 triggers 
2023-04-20 10:12:05.0136|Quartz.Core.JobRunShell|DEBUG|Calling Execute on job DEFAULT.Hhmocon.Mes.Repository.QuartzJobRunner 
2023-04-20 10:12:06.0547|Quartz.Core.JobRunShell|DEBUG|Trigger instruction : NoInstruction 
2023-04-20 10:12:06.0547|Quartz.Core.QuartzSchedulerThread|DEBUG|Batch acquisition of 1 triggers 
2023-04-20 10:12:10.0005|Quartz.Core.QuartzSchedulerThread|DEBUG|Batch acquisition of 0 triggers 
2023-04-20 10:12:10.0005|Quartz.Core.JobRunShell|DEBUG|Calling Execute on job DEFAULT.Hhmocon.Mes.Repository.QuartzJobRunner 
2023-04-20 10:12:10.6984|Quartz.Core.JobRunShell|DEBUG|Trigger instruction : NoInstruction 
2023-04-20 10:12:10.6984|Quartz.Core.QuartzSchedulerThread|DEBUG|Batch acquisition of 1 triggers 
2023-04-20 10:12:24.1389|Quartz.Core.QuartzSchedulerThread|DEBUG|Batch acquisition of 0 triggers 
2023-04-20 10:12:24.1389|Quartz.Core.JobRunShell|DEBUG|Calling Execute on job DEFAULT.Hhmocon.Mes.Repository.QuartzJobRunner 
2023-04-20 10:13:07.6148|Quartz.Core.QuartzSchedulerThread|DEBUG|Batch acquisition of 0 triggers 
2023-04-20 10:18:06.3087|Quartz.Core.QuartzSchedulerThread|DEBUG|Batch acquisition of 0 triggers 
2023-04-20 10:19:03.2703|Quartz.Core.QuartzSchedulerThread|DEBUG|Batch acquisition of 0 triggers 
2023-04-20 10:20:17.9797|Quartz.Core.JobRunShell|DEBUG|Trigger instruction : NoInstruction 
2023-04-20 10:20:47.2350|Quartz.Core.QuartzSchedulerThread|DEBUG|Batch acquisition of 0 triggers 
2023-04-20 10:20:49.8456|Quartz.Core.QuartzSchedulerThread|DEBUG|Batch acquisition of 1 triggers 
2023-04-20 10:21:22.7895|Quartz.Core.QuartzSchedulerThread|DEBUG|Batch acquisition of 0 triggers 
2023-04-20 10:21:22.7895|Quartz.Core.JobRunShell|DEBUG|Calling Execute on job DEFAULT.Hhmocon.Mes.Repository.QuartzJobRunner 
2023-04-20 10:21:48.1759|Quartz.Core.QuartzSchedulerThread|DEBUG|Batch acquisition of 0 triggers 
2023-04-20 10:21:52.1607|Quartz.Core.JobRunShell|DEBUG|Trigger instruction : NoInstruction 
2023-04-20 10:22:00.4178|Quartz.Core.QuartzSchedulerThread|DEBUG|Batch acquisition of 1 triggers 
2023-04-20 10:22:33.1165|Quartz.Core.QuartzSchedulerThread|DEBUG|Batch acquisition of 0 triggers 
2023-04-20 10:22:33.1165|Quartz.Core.JobRunShell|DEBUG|Calling Execute on job DEFAULT.Hhmocon.Mes.Repository.QuartzJobRunner 
2023-04-20 10:23:19.9084|Quartz.Core.QuartzSchedulerThread|DEBUG|Batch acquisition of 0 triggers 
2023-04-20 10:23:50.5964|Quartz.Core.QuartzSchedulerThread|DEBUG|Batch acquisition of 0 triggers 
2023-04-20 10:25:24.6235|Quartz.Core.QuartzSchedulerThread|DEBUG|Batch acquisition of 0 triggers 
2023-04-20 10:26:24.2962|Quartz.Core.QuartzSchedulerThread|DEBUG|Batch acquisition of 0 triggers 
2023-04-20 10:28:52.2452|Quartz.Core.QuartzSchedulerThread|DEBUG|Batch acquisition of 0 triggers 
2023-04-20 10:30:31.4952|Quartz.Core.QuartzSchedulerThread|DEBUG|Batch acquisition of 0 triggers 
2023-04-20 10:31:46.3828|Quartz.Core.QuartzSchedulerThread|DEBUG|Batch acquisition of 0 triggers 
2023-04-20 10:32:02.9455|Hhmocon.Mes.Repository.DemoJob|ERROR|The operation has timed out. 
2023-04-20 10:32:12.6227|Quartz.Core.QuartzSchedulerThread|DEBUG|Batch acquisition of 0 triggers 
2023-04-20 10:32:14.9593|Quartz.Core.JobRunShell|ERROR|Job DEFAULT.Hhmocon.Mes.Repository.QuartzJobRunner threw an unhandled Exception:  The operation has timed out.
2023-04-20 10:32:32.8319|Quartz.Core.ErrorLogger|ERROR|Job DEFAULT.Hhmocon.Mes.Repository.QuartzJobRunner threw an exception. Job threw an unhandled exception.
2023-04-20 10:32:35.5616|Quartz.Core.JobRunShell|DEBUG|Trigger instruction : NoInstruction 
2023-04-20 10:32:38.8507|Quartz.Core.QuartzSchedulerThread|DEBUG|Batch acquisition of 1 triggers 
2023-04-20 10:33:06.6160|Quartz.Core.QuartzSchedulerThread|DEBUG|Batch acquisition of 0 triggers 
2023-04-20 10:33:06.6160|Quartz.Core.JobRunShell|DEBUG|Calling Execute on job DEFAULT.Hhmocon.Mes.Repository.QuartzJobRunner 
2023-04-20 10:33:51.8368|Quartz.Core.QuartzSchedulerThread|DEBUG|Batch acquisition of 0 triggers 
2023-04-20 10:34:34.5818|Quartz.Core.QuartzSchedulerThread|DEBUG|Batch acquisition of 0 triggers 
2023-04-20 10:34:42.3648|Quartz.Core.JobRunShell|DEBUG|Trigger instruction : NoInstruction 
2023-04-20 10:34:43.1239|Quartz.Core.QuartzSchedulerThread|DEBUG|Batch acquisition of 1 triggers 
2023-04-20 10:34:43.6803|Quartz.Core.QuartzSchedulerThread|DEBUG|Batch acquisition of 0 triggers 
2023-04-20 10:34:43.6803|Quartz.Core.JobRunShell|DEBUG|Calling Execute on job DEFAULT.Hhmocon.Mes.Repository.QuartzJobRunner 
2023-04-20 10:37:04.3630|Quartz.Core.QuartzSchedulerThread|DEBUG|Batch acquisition of 0 triggers 
2023-04-20 10:39:25.0363|Quartz.Core.QuartzSchedulerThread|DEBUG|Batch acquisition of 0 triggers 
2023-04-20 10:39:33.6368|Quartz.Core.JobRunShell|DEBUG|Trigger instruction : NoInstruction 
2023-04-20 10:39:33.6844|Quartz.Core.QuartzSchedulerThread|DEBUG|Batch acquisition of 1 triggers 
2023-04-20 10:39:33.7383|Quartz.Core.QuartzSchedulerThread|DEBUG|Batch acquisition of 0 triggers 
2023-04-20 10:39:33.7383|Quartz.Core.JobRunShell|DEBUG|Calling Execute on job DEFAULT.Hhmocon.Mes.Repository.QuartzJobRunner 
2023-04-20 10:40:11.6986|Quartz.Core.QuartzSchedulerThread|DEBUG|Batch acquisition of 0 triggers 
2023-04-20 10:40:33.1408|Quartz.Core.JobRunShell|DEBUG|Trigger instruction : NoInstruction 
2023-04-20 10:40:46.3957|Quartz.Core.QuartzSchedulerThread|DEBUG|Batch acquisition of 0 triggers 
2023-04-20 10:40:47.1083|Quartz.Core.QuartzSchedulerThread|DEBUG|Batch acquisition of 1 triggers 
2023-04-20 10:40:47.1686|Quartz.Core.QuartzSchedulerThread|DEBUG|Batch acquisition of 0 triggers 
2023-04-20 10:40:47.1686|Quartz.Core.JobRunShell|DEBUG|Calling Execute on job DEFAULT.Hhmocon.Mes.Repository.QuartzJobRunner 
2023-04-20 10:41:27.6158|Quartz.Core.QuartzSchedulerThread|DEBUG|Batch acquisition of 0 triggers 
2023-04-20 10:41:51.3441|Quartz.Core.QuartzSchedulerThread|DEBUG|Batch acquisition of 0 triggers 
2023-04-20 10:41:57.8220|Quartz.Core.JobRunShell|DEBUG|Trigger instruction : NoInstruction 
2023-04-20 10:42:13.5199|Quartz.Core.QuartzSchedulerThread|DEBUG|Batch acquisition of 1 triggers 
2023-04-20 10:42:27.9510|Quartz.Core.JobRunShell|DEBUG|Calling Execute on job DEFAULT.Hhmocon.Mes.Repository.QuartzJobRunner 
2023-04-20 10:42:27.9510|Quartz.Core.QuartzSchedulerThread|DEBUG|Batch acquisition of 0 triggers 
2023-04-20 10:43:03.5636|Quartz.Core.QuartzSchedulerThread|DEBUG|Batch acquisition of 0 triggers 
2023-04-20 10:43:39.2115|Quartz.Core.JobRunShell|DEBUG|Trigger instruction : NoInstruction 
2023-04-20 10:43:42.6852|Quartz.Core.QuartzSchedulerThread|DEBUG|Batch acquisition of 1 triggers 
2023-04-20 10:43:43.2705|Quartz.Core.QuartzSchedulerThread|DEBUG|Batch acquisition of 0 triggers 
2023-04-20 10:43:43.2705|Quartz.Core.JobRunShell|DEBUG|Calling Execute on job DEFAULT.Hhmocon.Mes.Repository.QuartzJobRunner 
2023-04-20 10:44:19.8655|Quartz.Core.QuartzSchedulerThread|DEBUG|Batch acquisition of 0 triggers 
2023-04-20 10:44:44.9493|Quartz.Core.JobRunShell|DEBUG|Trigger instruction : NoInstruction 
2023-04-20 10:44:46.9786|Quartz.Core.QuartzSchedulerThread|DEBUG|Batch acquisition of 1 triggers 
2023-04-20 10:44:47.5779|Quartz.Core.QuartzSchedulerThread|DEBUG|Batch acquisition of 0 triggers 
2023-04-20 10:44:47.5779|Quartz.Core.JobRunShell|DEBUG|Calling Execute on job DEFAULT.Hhmocon.Mes.Repository.QuartzJobRunner 
2023-04-20 10:47:32.6302|Quartz.Core.QuartzSchedulerThread|DEBUG|Batch acquisition of 0 triggers 
2023-04-20 10:47:54.4212|Quartz.Core.JobRunShell|DEBUG|Trigger instruction : NoInstruction 
2023-04-20 10:47:55.4143|Quartz.Core.QuartzSchedulerThread|DEBUG|Batch acquisition of 1 triggers 
2023-04-20 10:47:55.5035|Quartz.Core.QuartzSchedulerThread|DEBUG|Batch acquisition of 0 triggers 
2023-04-20 10:47:55.5035|Quartz.Core.JobRunShell|DEBUG|Calling Execute on job DEFAULT.Hhmocon.Mes.Repository.QuartzJobRunner 
2023-04-20 10:47:59.3140|Quartz.Core.JobRunShell|DEBUG|Trigger instruction : NoInstruction 
2023-04-20 10:47:59.3485|Quartz.Core.QuartzSchedulerThread|DEBUG|Batch acquisition of 1 triggers 
2023-04-20 10:48:00.0464|Quartz.Core.QuartzSchedulerThread|DEBUG|Batch acquisition of 0 triggers 
2023-04-20 10:48:00.0464|Quartz.Core.JobRunShell|DEBUG|Calling Execute on job DEFAULT.Hhmocon.Mes.Repository.QuartzJobRunner 
2023-04-20 10:48:00.7842|Quartz.Core.JobRunShell|DEBUG|Trigger instruction : NoInstruction 
2023-04-20 10:48:00.7842|Quartz.Core.QuartzSchedulerThread|DEBUG|Batch acquisition of 1 triggers 
2023-04-20 10:48:05.0039|Quartz.Core.QuartzSchedulerThread|DEBUG|Batch acquisition of 0 triggers 
2023-04-20 10:48:05.0039|Quartz.Core.JobRunShell|DEBUG|Calling Execute on job DEFAULT.Hhmocon.Mes.Repository.QuartzJobRunner 
2023-04-20 10:48:05.7741|Quartz.Core.JobRunShell|DEBUG|Trigger instruction : NoInstruction 
2023-04-20 10:48:05.7741|Quartz.Core.QuartzSchedulerThread|DEBUG|Batch acquisition of 1 triggers 
2023-04-20 10:48:10.0156|Quartz.Core.JobRunShell|DEBUG|Calling Execute on job DEFAULT.Hhmocon.Mes.Repository.QuartzJobRunner 
2023-04-20 10:48:10.0156|Quartz.Core.QuartzSchedulerThread|DEBUG|Batch acquisition of 0 triggers 
2023-04-20 10:48:10.7539|Quartz.Core.JobRunShell|DEBUG|Trigger instruction : NoInstruction 
2023-04-20 10:48:10.7539|Quartz.Core.QuartzSchedulerThread|DEBUG|Batch acquisition of 1 triggers 
2023-04-20 10:48:15.0015|Quartz.Core.QuartzSchedulerThread|DEBUG|Batch acquisition of 0 triggers 
2023-04-20 10:48:15.0015|Quartz.Core.JobRunShell|DEBUG|Calling Execute on job DEFAULT.Hhmocon.Mes.Repository.QuartzJobRunner 
2023-04-20 10:48:15.7531|Quartz.Core.JobRunShell|DEBUG|Trigger instruction : NoInstruction 
2023-04-20 10:48:15.7531|Quartz.Core.QuartzSchedulerThread|DEBUG|Batch acquisition of 1 triggers 
2023-04-20 10:48:20.0102|Quartz.Core.QuartzSchedulerThread|DEBUG|Batch acquisition of 0 triggers 
2023-04-20 10:48:20.0102|Quartz.Core.JobRunShell|DEBUG|Calling Execute on job DEFAULT.Hhmocon.Mes.Repository.QuartzJobRunner 
2023-04-20 10:48:20.7436|Quartz.Core.JobRunShell|DEBUG|Trigger instruction : NoInstruction 
2023-04-20 10:48:20.7436|Quartz.Core.QuartzSchedulerThread|DEBUG|Batch acquisition of 1 triggers 
2023-04-20 10:48:25.0057|Quartz.Core.QuartzSchedulerThread|DEBUG|Batch acquisition of 0 triggers 
2023-04-20 10:48:25.0057|Quartz.Core.JobRunShell|DEBUG|Calling Execute on job DEFAULT.Hhmocon.Mes.Repository.QuartzJobRunner 
2023-04-20 10:48:25.7230|Quartz.Core.JobRunShell|DEBUG|Trigger instruction : NoInstruction 
2023-04-20 10:48:25.7230|Quartz.Core.QuartzSchedulerThread|DEBUG|Batch acquisition of 1 triggers 
2023-04-20 10:48:30.0049|Quartz.Core.QuartzSchedulerThread|DEBUG|Batch acquisition of 0 triggers 
2023-04-20 10:48:30.0049|Quartz.Core.JobRunShell|DEBUG|Calling Execute on job DEFAULT.Hhmocon.Mes.Repository.QuartzJobRunner 
2023-04-20 10:48:30.7433|Quartz.Core.JobRunShell|DEBUG|Trigger instruction : NoInstruction 
2023-04-20 10:48:30.7433|Quartz.Core.QuartzSchedulerThread|DEBUG|Batch acquisition of 1 triggers 
2023-04-20 10:48:35.0026|Quartz.Core.QuartzSchedulerThread|DEBUG|Batch acquisition of 0 triggers 
2023-04-20 10:48:35.0026|Quartz.Core.JobRunShell|DEBUG|Calling Execute on job DEFAULT.Hhmocon.Mes.Repository.QuartzJobRunner 
2023-04-20 10:48:35.6898|Quartz.Core.JobRunShell|DEBUG|Trigger instruction : NoInstruction 
2023-04-20 10:48:35.6898|Quartz.Core.QuartzSchedulerThread|DEBUG|Batch acquisition of 1 triggers 
2023-04-20 10:48:40.0068|Quartz.Core.QuartzSchedulerThread|DEBUG|Batch acquisition of 0 triggers 
2023-04-20 10:48:40.0068|Quartz.Core.JobRunShell|DEBUG|Calling Execute on job DEFAULT.Hhmocon.Mes.Repository.QuartzJobRunner 
2023-04-20 10:48:40.7685|Quartz.Core.JobRunShell|DEBUG|Trigger instruction : NoInstruction 
2023-04-20 10:48:40.7685|Quartz.Core.QuartzSchedulerThread|DEBUG|Batch acquisition of 1 triggers 
2023-04-20 10:48:45.0132|Quartz.Core.QuartzSchedulerThread|DEBUG|Batch acquisition of 0 triggers 
2023-04-20 10:48:45.0137|Quartz.Core.JobRunShell|DEBUG|Calling Execute on job DEFAULT.Hhmocon.Mes.Repository.QuartzJobRunner 
2023-04-20 10:48:45.7332|Quartz.Core.JobRunShell|DEBUG|Trigger instruction : NoInstruction 
2023-04-20 10:48:45.7332|Quartz.Core.QuartzSchedulerThread|DEBUG|Batch acquisition of 1 triggers 
2023-04-20 10:48:50.0098|Quartz.Core.QuartzSchedulerThread|DEBUG|Batch acquisition of 0 triggers 
2023-04-20 10:48:50.0098|Quartz.Core.JobRunShell|DEBUG|Calling Execute on job DEFAULT.Hhmocon.Mes.Repository.QuartzJobRunner 
2023-04-20 10:48:50.7852|Quartz.Core.JobRunShell|DEBUG|Trigger instruction : NoInstruction 
2023-04-20 10:48:50.7852|Quartz.Core.QuartzSchedulerThread|DEBUG|Batch acquisition of 1 triggers 
2023-04-20 10:48:55.0086|Quartz.Core.QuartzSchedulerThread|DEBUG|Batch acquisition of 0 triggers 
2023-04-20 10:48:55.0086|Quartz.Core.JobRunShell|DEBUG|Calling Execute on job DEFAULT.Hhmocon.Mes.Repository.QuartzJobRunner 
2023-04-20 10:48:55.7163|Quartz.Core.JobRunShell|DEBUG|Trigger instruction : NoInstruction 
2023-04-20 10:48:55.7180|Quartz.Core.QuartzSchedulerThread|DEBUG|Batch acquisition of 1 triggers 
2023-04-20 10:49:00.0111|Quartz.Core.QuartzSchedulerThread|DEBUG|Batch acquisition of 0 triggers 
2023-04-20 10:49:00.0111|Quartz.Core.JobRunShell|DEBUG|Calling Execute on job DEFAULT.Hhmocon.Mes.Repository.QuartzJobRunner 
2023-04-20 10:49:01.0050|Quartz.Core.JobRunShell|DEBUG|Trigger instruction : NoInstruction 
2023-04-20 10:49:01.0050|Quartz.Core.QuartzSchedulerThread|DEBUG|Batch acquisition of 1 triggers 
2023-04-20 10:49:05.0179|Quartz.Core.QuartzSchedulerThread|DEBUG|Batch acquisition of 0 triggers 
2023-04-20 10:49:05.0179|Quartz.Core.JobRunShell|DEBUG|Calling Execute on job DEFAULT.Hhmocon.Mes.Repository.QuartzJobRunner 
2023-04-20 10:49:05.6686|Quartz.Core.JobRunShell|DEBUG|Trigger instruction : NoInstruction 
2023-04-20 10:49:05.6699|Quartz.Core.QuartzSchedulerThread|DEBUG|Batch acquisition of 1 triggers 
2023-04-20 10:49:10.0139|Quartz.Core.QuartzSchedulerThread|DEBUG|Batch acquisition of 0 triggers 
2023-04-20 10:49:10.0139|Quartz.Core.JobRunShell|DEBUG|Calling Execute on job DEFAULT.Hhmocon.Mes.Repository.QuartzJobRunner 
2023-04-20 10:49:10.7944|Quartz.Core.JobRunShell|DEBUG|Trigger instruction : NoInstruction 
2023-04-20 10:49:10.7958|Quartz.Core.QuartzSchedulerThread|DEBUG|Batch acquisition of 1 triggers 
2023-04-20 10:49:15.0120|Quartz.Core.QuartzSchedulerThread|DEBUG|Batch acquisition of 0 triggers 
2023-04-20 10:49:15.0120|Quartz.Core.JobRunShell|DEBUG|Calling Execute on job DEFAULT.Hhmocon.Mes.Repository.QuartzJobRunner 
2023-04-20 10:49:15.6878|Quartz.Core.JobRunShell|DEBUG|Trigger instruction : NoInstruction 
2023-04-20 10:49:15.6878|Quartz.Core.QuartzSchedulerThread|DEBUG|Batch acquisition of 1 triggers 
2023-04-20 10:49:20.0056|Quartz.Core.QuartzSchedulerThread|DEBUG|Batch acquisition of 0 triggers 
2023-04-20 10:49:20.0056|Quartz.Core.JobRunShell|DEBUG|Calling Execute on job DEFAULT.Hhmocon.Mes.Repository.QuartzJobRunner 
2023-04-20 10:49:20.7920|Quartz.Core.JobRunShell|DEBUG|Trigger instruction : NoInstruction 
2023-04-20 10:49:20.7920|Quartz.Core.QuartzSchedulerThread|DEBUG|Batch acquisition of 1 triggers 
2023-04-20 10:49:25.0069|Quartz.Core.QuartzSchedulerThread|DEBUG|Batch acquisition of 0 triggers 
2023-04-20 10:49:25.0069|Quartz.Core.JobRunShell|DEBUG|Calling Execute on job DEFAULT.Hhmocon.Mes.Repository.QuartzJobRunner 
2023-04-20 10:49:25.6647|Quartz.Core.JobRunShell|DEBUG|Trigger instruction : NoInstruction 
2023-04-20 10:49:25.6647|Quartz.Core.QuartzSchedulerThread|DEBUG|Batch acquisition of 1 triggers 
2023-04-20 10:49:30.0051|Quartz.Core.QuartzSchedulerThread|DEBUG|Batch acquisition of 0 triggers 
2023-04-20 10:49:30.0051|Quartz.Core.JobRunShell|DEBUG|Calling Execute on job DEFAULT.Hhmocon.Mes.Repository.QuartzJobRunner 
2023-04-20 10:49:30.7408|Quartz.Core.JobRunShell|DEBUG|Trigger instruction : NoInstruction 
2023-04-20 10:49:30.7408|Quartz.Core.QuartzSchedulerThread|DEBUG|Batch acquisition of 1 triggers 
2023-04-20 10:49:35.0095|Quartz.Core.QuartzSchedulerThread|DEBUG|Batch acquisition of 0 triggers 
2023-04-20 10:49:35.0095|Quartz.Core.JobRunShell|DEBUG|Calling Execute on job DEFAULT.Hhmocon.Mes.Repository.QuartzJobRunner 
2023-04-20 10:49:35.6999|Quartz.Core.JobRunShell|DEBUG|Trigger instruction : NoInstruction 
2023-04-20 10:49:35.7014|Quartz.Core.QuartzSchedulerThread|DEBUG|Batch acquisition of 1 triggers 
2023-04-20 10:49:40.0078|Quartz.Core.QuartzSchedulerThread|DEBUG|Batch acquisition of 0 triggers 
2023-04-20 10:49:40.0078|Quartz.Core.JobRunShell|DEBUG|Calling Execute on job DEFAULT.Hhmocon.Mes.Repository.QuartzJobRunner 
2023-04-20 10:49:40.7610|Quartz.Core.JobRunShell|DEBUG|Trigger instruction : NoInstruction 
2023-04-20 10:49:40.7610|Quartz.Core.QuartzSchedulerThread|DEBUG|Batch acquisition of 1 triggers 
2023-04-20 10:49:45.0057|Quartz.Core.QuartzSchedulerThread|DEBUG|Batch acquisition of 0 triggers 
2023-04-20 10:49:45.0057|Quartz.Core.JobRunShell|DEBUG|Calling Execute on job DEFAULT.Hhmocon.Mes.Repository.QuartzJobRunner 
2023-04-20 10:49:45.7386|Quartz.Core.JobRunShell|DEBUG|Trigger instruction : NoInstruction 
2023-04-20 10:49:45.7386|Quartz.Core.QuartzSchedulerThread|DEBUG|Batch acquisition of 1 triggers 
2023-04-20 10:49:50.0118|Quartz.Core.QuartzSchedulerThread|DEBUG|Batch acquisition of 0 triggers 
2023-04-20 10:49:50.0179|Quartz.Core.JobRunShell|DEBUG|Calling Execute on job DEFAULT.Hhmocon.Mes.Repository.QuartzJobRunner 
2023-04-20 10:49:50.8033|Quartz.Core.JobRunShell|DEBUG|Trigger instruction : NoInstruction 
2023-04-20 10:49:50.8033|Quartz.Core.QuartzSchedulerThread|DEBUG|Batch acquisition of 1 triggers 
2023-04-20 10:49:55.0086|Quartz.Core.QuartzSchedulerThread|DEBUG|Batch acquisition of 0 triggers 
2023-04-20 10:49:55.0086|Quartz.Core.JobRunShell|DEBUG|Calling Execute on job DEFAULT.Hhmocon.Mes.Repository.QuartzJobRunner 
2023-04-20 10:49:55.7145|Quartz.Core.JobRunShell|DEBUG|Trigger instruction : NoInstruction 
2023-04-20 10:49:55.7145|Quartz.Core.QuartzSchedulerThread|DEBUG|Batch acquisition of 1 triggers 
2023-04-20 10:50:00.0086|Quartz.Core.JobRunShell|DEBUG|Calling Execute on job DEFAULT.Hhmocon.Mes.Repository.QuartzJobRunner 
2023-04-20 10:50:00.0086|Quartz.Core.QuartzSchedulerThread|DEBUG|Batch acquisition of 0 triggers 
2023-04-20 10:50:00.7878|Quartz.Core.JobRunShell|DEBUG|Trigger instruction : NoInstruction 
2023-04-20 10:50:00.7878|Quartz.Core.QuartzSchedulerThread|DEBUG|Batch acquisition of 1 triggers 
2023-04-20 10:50:05.0135|Quartz.Core.QuartzSchedulerThread|DEBUG|Batch acquisition of 0 triggers 
2023-04-20 10:50:05.0135|Quartz.Core.JobRunShell|DEBUG|Calling Execute on job DEFAULT.Hhmocon.Mes.Repository.QuartzJobRunner 
2023-04-20 10:50:05.7325|Quartz.Core.JobRunShell|DEBUG|Trigger instruction : NoInstruction 
2023-04-20 10:50:05.7325|Quartz.Core.QuartzSchedulerThread|DEBUG|Batch acquisition of 1 triggers 
2023-04-20 10:50:10.0013|Quartz.Core.QuartzSchedulerThread|DEBUG|Batch acquisition of 0 triggers 
2023-04-20 10:50:10.0013|Quartz.Core.JobRunShell|DEBUG|Calling Execute on job DEFAULT.Hhmocon.Mes.Repository.QuartzJobRunner 
2023-04-20 10:50:10.8675|Quartz.Core.JobRunShell|DEBUG|Trigger instruction : NoInstruction 
2023-04-20 10:50:10.8675|Quartz.Core.QuartzSchedulerThread|DEBUG|Batch acquisition of 1 triggers 
2023-04-20 10:50:15.0485|Quartz.Core.QuartzSchedulerThread|DEBUG|Batch acquisition of 0 triggers 
2023-04-20 10:50:17.2452|Quartz.Core.JobRunShell|DEBUG|Calling Execute on job DEFAULT.Hhmocon.Mes.Repository.QuartzJobRunner 
2023-04-20 10:50:46.7483|Quartz.Core.QuartzSchedulerThread|DEBUG|Batch acquisition of 0 triggers 
2023-04-20 10:52:26.8854|Quartz.Impl.StdSchedulerFactory|INFO|Default Quartz.NET properties loaded from embedded resource file 
2023-04-20 10:52:27.2237|Quartz.Simpl.TaskSchedulingThreadPool|DEBUG|TaskSchedulingThreadPool configured with max concurrency of 10 and TaskScheduler ThreadPoolTaskScheduler. 
2023-04-20 10:52:27.2557|Quartz.Core.SchedulerSignalerImpl|INFO|Initialized Scheduler Signaller of type: Quartz.Core.SchedulerSignalerImpl 
2023-04-20 10:52:27.2557|Quartz.Core.QuartzScheduler|INFO|Quartz Scheduler created 
2023-04-20 10:52:27.2557|Quartz.Core.QuartzScheduler|INFO|JobFactory set to: Autofac.Extras.Quartz.AutofacJobFactory 
2023-04-20 10:52:27.2557|Quartz.Simpl.RAMJobStore|INFO|RAMJobStore initialized. 
2023-04-20 10:52:27.2647|Quartz.Core.QuartzScheduler|INFO|Scheduler meta-data: Quartz Scheduler (v3.3.3.0) 'DefaultQuartzScheduler' with instanceId 'NON_CLUSTERED'
  Scheduler class: 'Quartz.Core.QuartzScheduler' - running locally.
  NOT STARTED.
  Currently in standby mode.
  Number of jobs executed: 0
  Using thread pool 'Quartz.Simpl.DefaultThreadPool' - with 10 threads.
  Using job-store 'Quartz.Simpl.RAMJobStore' - which does not support persistence. and is not clustered.
 
2023-04-20 10:52:27.2647|Quartz.Impl.StdSchedulerFactory|INFO|Quartz scheduler 'DefaultQuartzScheduler' initialized 
2023-04-20 10:52:27.2647|Quartz.Impl.StdSchedulerFactory|INFO|Quartz scheduler version: 3.3.3.0 
2023-04-20 10:52:27.2647|Quartz.Core.QuartzScheduler|INFO|JobFactory set to: Autofac.Extras.Quartz.AutofacJobFactory 
2023-04-20 10:52:27.3363|Quartz.Core.QuartzScheduler|INFO|Scheduler DefaultQuartzScheduler_$_NON_CLUSTERED started. 
2023-04-20 10:52:27.3454|Quartz.Core.QuartzSchedulerThread|DEBUG|Batch acquisition of 1 triggers 
2023-04-20 10:52:27.9562|Microsoft.Hosting.Lifetime|INFO|Now listening on: http://localhost:8081 
2023-04-20 10:52:27.9562|Microsoft.Hosting.Lifetime|INFO|Now listening on: http://[::]:8081 
2023-04-20 10:52:27.9562|Microsoft.Hosting.Lifetime|INFO|Application started. Press Ctrl+C to shut down. 
2023-04-20 10:52:27.9562|Microsoft.Hosting.Lifetime|INFO|Hosting environment: Development 
2023-04-20 10:52:27.9562|Microsoft.Hosting.Lifetime|INFO|Content root path: E:\Project\Hhmocon.Mes\Hhmocon.Mes.WebApi 
2023-04-20 10:52:30.0893|Quartz.Core.QuartzSchedulerThread|DEBUG|Batch acquisition of 0 triggers 
2023-04-20 10:52:30.2514|Quartz.Core.JobRunShell|DEBUG|Calling Execute on job DEFAULT.Hhmocon.Mes.Repository.QuartzJobRunner 
2023-04-20 10:52:32.7493|Quartz.Core.JobRunShell|DEBUG|Trigger instruction : NoInstruction 
2023-04-20 10:52:32.7493|Quartz.Core.QuartzSchedulerThread|DEBUG|Batch acquisition of 1 triggers 
2023-04-20 10:52:35.0017|Quartz.Core.QuartzSchedulerThread|DEBUG|Batch acquisition of 0 triggers 
2023-04-20 10:52:35.0017|Quartz.Core.JobRunShell|DEBUG|Calling Execute on job DEFAULT.Hhmocon.Mes.Repository.QuartzJobRunner 
2023-04-20 10:52:36.1451|Quartz.Core.JobRunShell|DEBUG|Trigger instruction : NoInstruction 
2023-04-20 10:52:36.1451|Quartz.Core.QuartzSchedulerThread|DEBUG|Batch acquisition of 1 triggers 
2023-04-20 10:52:40.0156|Quartz.Core.QuartzSchedulerThread|DEBUG|Batch acquisition of 0 triggers 
2023-04-20 10:52:40.0156|Quartz.Core.JobRunShell|DEBUG|Calling Execute on job DEFAULT.Hhmocon.Mes.Repository.QuartzJobRunner 
2023-04-20 10:52:40.8314|Quartz.Core.JobRunShell|DEBUG|Trigger instruction : NoInstruction 
2023-04-20 10:52:40.8314|Quartz.Core.QuartzSchedulerThread|DEBUG|Batch acquisition of 1 triggers 
2023-04-20 10:52:45.0105|Quartz.Core.QuartzSchedulerThread|DEBUG|Batch acquisition of 0 triggers 
2023-04-20 10:52:45.0105|Quartz.Core.JobRunShell|DEBUG|Calling Execute on job DEFAULT.Hhmocon.Mes.Repository.QuartzJobRunner 
2023-04-20 10:52:46.4447|Quartz.Core.JobRunShell|DEBUG|Trigger instruction : NoInstruction 
2023-04-20 10:52:46.4447|Quartz.Core.QuartzSchedulerThread|DEBUG|Batch acquisition of 1 triggers 
2023-04-20 10:52:50.0056|Quartz.Core.QuartzSchedulerThread|DEBUG|Batch acquisition of 0 triggers 
2023-04-20 10:52:50.0056|Quartz.Core.JobRunShell|DEBUG|Calling Execute on job DEFAULT.Hhmocon.Mes.Repository.QuartzJobRunner 
2023-04-20 10:52:50.6279|Quartz.Core.JobRunShell|DEBUG|Trigger instruction : NoInstruction 
2023-04-20 10:52:50.6279|Quartz.Core.QuartzSchedulerThread|DEBUG|Batch acquisition of 1 triggers 
2023-04-20 10:52:54.1498|Hhmocon.Mes.WebApi.Controllers.CheckIn.CheckController|INFO|Login enter 
2023-04-20 10:52:55.0083|Quartz.Core.QuartzSchedulerThread|DEBUG|Batch acquisition of 0 triggers 
2023-04-20 10:52:55.0083|Quartz.Core.JobRunShell|DEBUG|Calling Execute on job DEFAULT.Hhmocon.Mes.Repository.QuartzJobRunner 
2023-04-20 10:52:55.8381|Quartz.Core.JobRunShell|DEBUG|Trigger instruction : NoInstruction 
2023-04-20 10:52:55.8381|Quartz.Core.QuartzSchedulerThread|DEBUG|Batch acquisition of 1 triggers 
2023-04-20 10:53:00.0019|Quartz.Core.QuartzSchedulerThread|DEBUG|Batch acquisition of 0 triggers 
2023-04-20 10:53:00.0019|Quartz.Core.JobRunShell|DEBUG|Calling Execute on job DEFAULT.Hhmocon.Mes.Repository.QuartzJobRunner 
2023-04-20 10:53:00.6573|Quartz.Core.JobRunShell|DEBUG|Trigger instruction : NoInstruction 
2023-04-20 10:53:00.6573|Quartz.Core.QuartzSchedulerThread|DEBUG|Batch acquisition of 1 triggers 
2023-04-20 10:53:05.0057|Quartz.Core.QuartzSchedulerThread|DEBUG|Batch acquisition of 0 triggers 
2023-04-20 10:53:05.0057|Quartz.Core.JobRunShell|DEBUG|Calling Execute on job DEFAULT.Hhmocon.Mes.Repository.QuartzJobRunner 
2023-04-20 10:53:05.8161|Quartz.Core.JobRunShell|DEBUG|Trigger instruction : NoInstruction 
2023-04-20 10:53:05.8161|Quartz.Core.QuartzSchedulerThread|DEBUG|Batch acquisition of 1 triggers 
2023-04-20 10:53:10.0165|Quartz.Core.QuartzSchedulerThread|DEBUG|Batch acquisition of 0 triggers 
2023-04-20 10:53:10.0165|Quartz.Core.JobRunShell|DEBUG|Calling Execute on job DEFAULT.Hhmocon.Mes.Repository.QuartzJobRunner 
2023-04-20 10:53:10.6893|Quartz.Core.JobRunShell|DEBUG|Trigger instruction : NoInstruction 
2023-04-20 10:53:10.6893|Quartz.Core.QuartzSchedulerThread|DEBUG|Batch acquisition of 1 triggers 
2023-04-20 10:53:15.0074|Quartz.Core.QuartzSchedulerThread|DEBUG|Batch acquisition of 0 triggers 
2023-04-20 10:53:15.0074|Quartz.Core.JobRunShell|DEBUG|Calling Execute on job DEFAULT.Hhmocon.Mes.Repository.QuartzJobRunner 
2023-04-20 10:53:15.7828|Quartz.Core.JobRunShell|DEBUG|Trigger instruction : NoInstruction 
2023-04-20 10:53:15.7828|Quartz.Core.QuartzSchedulerThread|DEBUG|Batch acquisition of 1 triggers 
2023-04-20 10:53:20.0137|Quartz.Core.QuartzSchedulerThread|DEBUG|Batch acquisition of 0 triggers 
2023-04-20 10:53:20.0137|Quartz.Core.JobRunShell|DEBUG|Calling Execute on job DEFAULT.Hhmocon.Mes.Repository.QuartzJobRunner 
2023-04-20 10:53:20.8496|Quartz.Core.JobRunShell|DEBUG|Trigger instruction : NoInstruction 
2023-04-20 10:53:20.8496|Quartz.Core.QuartzSchedulerThread|DEBUG|Batch acquisition of 1 triggers 
2023-04-20 10:53:25.0002|Quartz.Core.QuartzSchedulerThread|DEBUG|Batch acquisition of 0 triggers 
2023-04-20 10:53:25.0002|Quartz.Core.JobRunShell|DEBUG|Calling Execute on job DEFAULT.Hhmocon.Mes.Repository.QuartzJobRunner 
2023-04-20 10:53:25.6040|Quartz.Core.JobRunShell|DEBUG|Trigger instruction : NoInstruction 
2023-04-20 10:53:25.6040|Quartz.Core.QuartzSchedulerThread|DEBUG|Batch acquisition of 1 triggers 
2023-04-20 10:53:30.0162|Quartz.Core.QuartzSchedulerThread|DEBUG|Batch acquisition of 0 triggers 
2023-04-20 10:53:30.0162|Quartz.Core.JobRunShell|DEBUG|Calling Execute on job DEFAULT.Hhmocon.Mes.Repository.QuartzJobRunner 
2023-04-20 10:53:30.7933|Quartz.Core.JobRunShell|DEBUG|Trigger instruction : NoInstruction 
2023-04-20 10:53:30.7965|Quartz.Core.QuartzSchedulerThread|DEBUG|Batch acquisition of 1 triggers 
2023-04-20 10:53:35.0037|Quartz.Core.QuartzSchedulerThread|DEBUG|Batch acquisition of 0 triggers 
2023-04-20 10:53:35.0037|Quartz.Core.JobRunShell|DEBUG|Calling Execute on job DEFAULT.Hhmocon.Mes.Repository.QuartzJobRunner 
2023-04-20 10:53:35.5848|Quartz.Core.JobRunShell|DEBUG|Trigger instruction : NoInstruction 
2023-04-20 10:53:35.5848|Quartz.Core.QuartzSchedulerThread|DEBUG|Batch acquisition of 1 triggers 
2023-04-20 10:53:44.5374|Quartz.Core.QuartzSchedulerThread|DEBUG|Batch acquisition of 0 triggers 
2023-04-20 10:53:44.5374|Quartz.Core.JobRunShell|DEBUG|Calling Execute on job DEFAULT.Hhmocon.Mes.Repository.QuartzJobRunner 
2023-04-20 10:54:12.6487|Quartz.Core.QuartzSchedulerThread|DEBUG|Batch acquisition of 0 triggers 
2023-04-20 10:54:41.4178|Quartz.Core.QuartzSchedulerThread|DEBUG|Batch acquisition of 0 triggers 
2023-04-20 10:55:17.2799|Quartz.Core.QuartzSchedulerThread|DEBUG|Batch acquisition of 0 triggers 
2023-04-20 10:55:29.1857|Quartz.Core.JobRunShell|DEBUG|Trigger instruction : NoInstruction 
2023-04-20 10:55:31.0366|Quartz.Core.QuartzSchedulerThread|DEBUG|Batch acquisition of 1 triggers 
2023-04-20 10:55:40.7506|Quartz.Core.QuartzSchedulerThread|DEBUG|Batch acquisition of 0 triggers 
2023-04-20 10:55:40.7506|Quartz.Core.JobRunShell|DEBUG|Calling Execute on job DEFAULT.Hhmocon.Mes.Repository.QuartzJobRunner 
2023-04-20 10:56:22.4366|Quartz.Core.QuartzSchedulerThread|DEBUG|Batch acquisition of 0 triggers 
2023-04-20 10:56:22.4545|Quartz.Core.JobRunShell|DEBUG|Trigger instruction : NoInstruction 
2023-04-20 10:56:44.5016|Quartz.Core.QuartzSchedulerThread|DEBUG|Batch acquisition of 1 triggers 
2023-04-20 10:56:46.0945|Quartz.Core.QuartzSchedulerThread|DEBUG|Batch acquisition of 0 triggers 
2023-04-20 10:57:04.7074|Quartz.Core.JobRunShell|DEBUG|Calling Execute on job DEFAULT.Hhmocon.Mes.Repository.QuartzJobRunner 
2023-04-20 10:58:51.2256|Quartz.Core.QuartzSchedulerThread|DEBUG|Batch acquisition of 0 triggers 
2023-04-20 10:59:21.4549|Quartz.Core.QuartzSchedulerThread|DEBUG|Batch acquisition of 0 triggers 
2023-04-20 11:00:58.2274|Quartz.Core.QuartzSchedulerThread|DEBUG|Batch acquisition of 0 triggers 
2023-04-20 11:01:43.4961|Quartz.Core.QuartzSchedulerThread|DEBUG|Batch acquisition of 0 triggers 
2023-04-20 11:01:55.5142|Quartz.Core.JobRunShell|DEBUG|Trigger instruction : NoInstruction 
2023-04-20 11:01:56.3378|Quartz.Core.QuartzSchedulerThread|DEBUG|Batch acquisition of 1 triggers 
2023-04-20 11:02:00.5343|Quartz.Core.QuartzSchedulerThread|DEBUG|Batch acquisition of 0 triggers 
2023-04-20 11:02:02.4241|Quartz.Core.JobRunShell|DEBUG|Calling Execute on job DEFAULT.Hhmocon.Mes.Repository.QuartzJobRunner 
2023-04-20 11:02:35.7462|Quartz.Core.QuartzSchedulerThread|DEBUG|Batch acquisition of 0 triggers 
2023-04-20 11:03:19.2781|Quartz.Core.QuartzSchedulerThread|DEBUG|Batch acquisition of 0 triggers 
2023-04-20 11:03:47.0756|Quartz.Core.QuartzSchedulerThread|DEBUG|Batch acquisition of 0 triggers 
2023-04-20 11:03:58.6548|Quartz.Core.JobRunShell|DEBUG|Trigger instruction : NoInstruction 
2023-04-20 11:04:02.7510|Quartz.Core.QuartzSchedulerThread|DEBUG|Batch acquisition of 1 triggers 
2023-04-20 11:04:06.5693|Quartz.Core.QuartzSchedulerThread|DEBUG|Batch acquisition of 0 triggers 
2023-04-20 11:04:06.5693|Quartz.Core.JobRunShell|DEBUG|Calling Execute on job DEFAULT.Hhmocon.Mes.Repository.QuartzJobRunner 
2023-04-20 11:05:36.4341|Quartz.Core.QuartzSchedulerThread|DEBUG|Batch acquisition of 0 triggers 
2023-04-20 11:05:40.5956|Quartz.Core.JobRunShell|DEBUG|Trigger instruction : NoInstruction 
2023-04-20 11:05:42.7395|Quartz.Core.QuartzSchedulerThread|DEBUG|Batch acquisition of 1 triggers 
2023-04-20 11:05:44.8253|Quartz.Core.QuartzSchedulerThread|DEBUG|Batch acquisition of 0 triggers 
2023-04-20 11:05:45.4058|Quartz.Core.JobRunShell|DEBUG|Calling Execute on job DEFAULT.Hhmocon.Mes.Repository.QuartzJobRunner 
2023-04-20 11:06:16.2156|Quartz.Core.JobRunShell|DEBUG|Trigger instruction : NoInstruction 
2023-04-20 11:06:16.9450|Quartz.Core.QuartzSchedulerThread|DEBUG|Batch acquisition of 0 triggers 
2023-04-20 11:06:22.2934|Quartz.Core.QuartzSchedulerThread|DEBUG|Batch acquisition of 1 triggers 
2023-04-20 11:06:22.9266|Quartz.Core.QuartzSchedulerThread|DEBUG|Batch acquisition of 0 triggers 
2023-04-20 11:06:22.9848|Quartz.Core.JobRunShell|DEBUG|Calling Execute on job DEFAULT.Hhmocon.Mes.Repository.QuartzJobRunner 
2023-04-20 11:06:26.9925|Quartz.Core.JobRunShell|DEBUG|Trigger instruction : NoInstruction 
2023-04-20 11:06:26.9925|Quartz.Core.QuartzSchedulerThread|DEBUG|Batch acquisition of 1 triggers 
2023-04-20 11:06:26.9995|Quartz.Core.QuartzSchedulerThread|DEBUG|Batch acquisition of 0 triggers 
2023-04-20 11:06:26.9995|Quartz.Core.JobRunShell|DEBUG|Calling Execute on job DEFAULT.Hhmocon.Mes.Repository.QuartzJobRunner 
2023-04-20 11:06:27.7605|Quartz.Core.JobRunShell|DEBUG|Trigger instruction : NoInstruction 
2023-04-20 11:06:27.7605|Quartz.Core.QuartzSchedulerThread|DEBUG|Batch acquisition of 1 triggers 
2023-04-20 11:06:27.7635|Quartz.Core.QuartzSchedulerThread|DEBUG|Batch acquisition of 0 triggers 
2023-04-20 11:06:27.7635|Quartz.Core.JobRunShell|DEBUG|Calling Execute on job DEFAULT.Hhmocon.Mes.Repository.QuartzJobRunner 
2023-04-20 11:06:28.4902|Quartz.Core.JobRunShell|DEBUG|Trigger instruction : NoInstruction 
2023-04-20 11:06:28.4902|Quartz.Core.QuartzSchedulerThread|DEBUG|Batch acquisition of 1 triggers 
2023-04-20 11:06:28.4902|Quartz.Core.QuartzSchedulerThread|DEBUG|Batch acquisition of 0 triggers 
2023-04-20 11:06:28.4902|Quartz.Core.JobRunShell|DEBUG|Calling Execute on job DEFAULT.Hhmocon.Mes.Repository.QuartzJobRunner 
2023-04-20 11:06:29.2839|Quartz.Core.JobRunShell|DEBUG|Trigger instruction : NoInstruction 
2023-04-20 11:06:29.2839|Quartz.Core.QuartzSchedulerThread|DEBUG|Batch acquisition of 1 triggers 
2023-04-20 11:06:29.2839|Quartz.Core.QuartzSchedulerThread|DEBUG|Batch acquisition of 0 triggers 
2023-04-20 11:06:29.2839|Quartz.Core.JobRunShell|DEBUG|Calling Execute on job DEFAULT.Hhmocon.Mes.Repository.QuartzJobRunner 
2023-04-20 11:06:29.9559|Quartz.Core.JobRunShell|DEBUG|Trigger instruction : NoInstruction 
2023-04-20 11:06:29.9559|Quartz.Core.QuartzSchedulerThread|DEBUG|Batch acquisition of 1 triggers 
2023-04-20 11:06:29.9559|Quartz.Core.QuartzSchedulerThread|DEBUG|Batch acquisition of 0 triggers 
2023-04-20 11:06:29.9559|Quartz.Core.JobRunShell|DEBUG|Calling Execute on job DEFAULT.Hhmocon.Mes.Repository.QuartzJobRunner 
2023-04-20 11:06:30.6366|Quartz.Core.JobRunShell|DEBUG|Trigger instruction : NoInstruction 
2023-04-20 11:06:30.6366|Quartz.Core.QuartzSchedulerThread|DEBUG|Batch acquisition of 1 triggers 
2023-04-20 11:06:30.6388|Quartz.Core.QuartzSchedulerThread|DEBUG|Batch acquisition of 0 triggers 
2023-04-20 11:06:30.6388|Quartz.Core.JobRunShell|DEBUG|Calling Execute on job DEFAULT.Hhmocon.Mes.Repository.QuartzJobRunner 
2023-04-20 11:06:31.2976|Quartz.Core.JobRunShell|DEBUG|Trigger instruction : NoInstruction 
2023-04-20 11:06:31.2976|Quartz.Core.QuartzSchedulerThread|DEBUG|Batch acquisition of 1 triggers 
2023-04-20 11:06:31.2976|Quartz.Core.QuartzSchedulerThread|DEBUG|Batch acquisition of 0 triggers 
2023-04-20 11:06:31.2976|Quartz.Core.JobRunShell|DEBUG|Calling Execute on job DEFAULT.Hhmocon.Mes.Repository.QuartzJobRunner 
2023-04-20 11:06:31.9473|Quartz.Core.JobRunShell|DEBUG|Trigger instruction : NoInstruction 
2023-04-20 11:06:31.9473|Quartz.Core.QuartzSchedulerThread|DEBUG|Batch acquisition of 1 triggers 
2023-04-20 11:06:31.9473|Quartz.Core.QuartzSchedulerThread|DEBUG|Batch acquisition of 0 triggers 
2023-04-20 11:06:31.9561|Quartz.Core.JobRunShell|DEBUG|Calling Execute on job DEFAULT.Hhmocon.Mes.Repository.QuartzJobRunner 
2023-04-20 11:06:32.6288|Quartz.Core.JobRunShell|DEBUG|Trigger instruction : NoInstruction 
2023-04-20 11:06:32.6288|Quartz.Core.QuartzSchedulerThread|DEBUG|Batch acquisition of 1 triggers 
2023-04-20 11:06:32.6288|Quartz.Core.QuartzSchedulerThread|DEBUG|Batch acquisition of 0 triggers 
2023-04-20 11:06:32.6288|Quartz.Core.JobRunShell|DEBUG|Calling Execute on job DEFAULT.Hhmocon.Mes.Repository.QuartzJobRunner 
2023-04-20 11:06:33.3345|Quartz.Core.JobRunShell|DEBUG|Trigger instruction : NoInstruction 
2023-04-20 11:06:33.3345|Quartz.Core.QuartzSchedulerThread|DEBUG|Batch acquisition of 1 triggers 
2023-04-20 11:06:35.0025|Quartz.Core.QuartzSchedulerThread|DEBUG|Batch acquisition of 0 triggers 
2023-04-20 11:06:35.0025|Quartz.Core.JobRunShell|DEBUG|Calling Execute on job DEFAULT.Hhmocon.Mes.Repository.QuartzJobRunner 
2023-04-20 11:06:36.3884|Quartz.Core.JobRunShell|DEBUG|Trigger instruction : NoInstruction 
2023-04-20 11:06:36.3884|Quartz.Core.QuartzSchedulerThread|DEBUG|Batch acquisition of 1 triggers 
2023-04-20 11:06:40.0103|Quartz.Core.QuartzSchedulerThread|DEBUG|Batch acquisition of 0 triggers 
2023-04-20 11:06:40.0103|Quartz.Core.JobRunShell|DEBUG|Calling Execute on job DEFAULT.Hhmocon.Mes.Repository.QuartzJobRunner 
2023-04-20 11:06:41.1260|Quartz.Core.JobRunShell|DEBUG|Trigger instruction : NoInstruction 
2023-04-20 11:06:41.1260|Quartz.Core.QuartzSchedulerThread|DEBUG|Batch acquisition of 1 triggers 
2023-04-20 11:06:45.0067|Quartz.Core.QuartzSchedulerThread|DEBUG|Batch acquisition of 0 triggers 
2023-04-20 11:06:45.0067|Quartz.Core.JobRunShell|DEBUG|Calling Execute on job DEFAULT.Hhmocon.Mes.Repository.QuartzJobRunner 
2023-04-20 11:06:45.7473|Quartz.Core.JobRunShell|DEBUG|Trigger instruction : NoInstruction 
2023-04-20 11:06:45.7486|Quartz.Core.QuartzSchedulerThread|DEBUG|Batch acquisition of 1 triggers 
2023-04-20 11:06:50.0143|Quartz.Core.QuartzSchedulerThread|DEBUG|Batch acquisition of 0 triggers 
2023-04-20 11:06:50.0143|Quartz.Core.JobRunShell|DEBUG|Calling Execute on job DEFAULT.Hhmocon.Mes.Repository.QuartzJobRunner 
2023-04-20 11:06:50.6783|Quartz.Core.JobRunShell|DEBUG|Trigger instruction : NoInstruction 
2023-04-20 11:06:50.6783|Quartz.Core.QuartzSchedulerThread|DEBUG|Batch acquisition of 1 triggers 
2023-04-20 11:06:55.0107|Quartz.Core.QuartzSchedulerThread|DEBUG|Batch acquisition of 0 triggers 
2023-04-20 11:06:55.0107|Quartz.Core.JobRunShell|DEBUG|Calling Execute on job DEFAULT.Hhmocon.Mes.Repository.QuartzJobRunner 
2023-04-20 11:06:56.0001|Quartz.Core.JobRunShell|DEBUG|Trigger instruction : NoInstruction 
2023-04-20 11:06:56.0001|Quartz.Core.QuartzSchedulerThread|DEBUG|Batch acquisition of 1 triggers 
2023-04-20 11:07:00.0115|Quartz.Core.QuartzSchedulerThread|DEBUG|Batch acquisition of 0 triggers 
2023-04-20 11:07:00.0115|Quartz.Core.JobRunShell|DEBUG|Calling Execute on job DEFAULT.Hhmocon.Mes.Repository.QuartzJobRunner 
2023-04-20 11:07:00.7405|Quartz.Core.JobRunShell|DEBUG|Trigger instruction : NoInstruction 
2023-04-20 11:07:00.7405|Quartz.Core.QuartzSchedulerThread|DEBUG|Batch acquisition of 1 triggers 
2023-04-20 11:07:05.0022|Quartz.Core.QuartzSchedulerThread|DEBUG|Batch acquisition of 0 triggers 
2023-04-20 11:07:05.0022|Quartz.Core.JobRunShell|DEBUG|Calling Execute on job DEFAULT.Hhmocon.Mes.Repository.QuartzJobRunner 
2023-04-20 11:07:05.7163|Quartz.Core.JobRunShell|DEBUG|Trigger instruction : NoInstruction 
2023-04-20 11:07:05.7163|Quartz.Core.QuartzSchedulerThread|DEBUG|Batch acquisition of 1 triggers 
2023-04-20 11:07:10.0089|Quartz.Core.QuartzSchedulerThread|DEBUG|Batch acquisition of 0 triggers 
2023-04-20 11:07:10.0089|Quartz.Core.JobRunShell|DEBUG|Calling Execute on job DEFAULT.Hhmocon.Mes.Repository.QuartzJobRunner 
2023-04-20 11:07:10.6689|Quartz.Core.JobRunShell|DEBUG|Trigger instruction : NoInstruction 
2023-04-20 11:07:10.6702|Quartz.Core.QuartzSchedulerThread|DEBUG|Batch acquisition of 1 triggers 
2023-04-20 11:07:15.0064|Quartz.Core.QuartzSchedulerThread|DEBUG|Batch acquisition of 0 triggers 
2023-04-20 11:07:15.0064|Quartz.Core.JobRunShell|DEBUG|Calling Execute on job DEFAULT.Hhmocon.Mes.Repository.QuartzJobRunner 
2023-04-20 11:07:16.4374|Quartz.Core.JobRunShell|DEBUG|Trigger instruction : NoInstruction 
2023-04-20 11:07:16.4374|Quartz.Core.QuartzSchedulerThread|DEBUG|Batch acquisition of 1 triggers 
2023-04-20 11:07:20.0078|Quartz.Core.QuartzSchedulerThread|DEBUG|Batch acquisition of 0 triggers 
2023-04-20 11:07:20.0078|Quartz.Core.JobRunShell|DEBUG|Calling Execute on job DEFAULT.Hhmocon.Mes.Repository.QuartzJobRunner 
2023-04-20 11:07:21.2712|Quartz.Core.JobRunShell|DEBUG|Trigger instruction : NoInstruction 
2023-04-20 11:07:21.2712|Quartz.Core.QuartzSchedulerThread|DEBUG|Batch acquisition of 1 triggers 
2023-04-20 11:07:25.0025|Quartz.Core.QuartzSchedulerThread|DEBUG|Batch acquisition of 0 triggers 
2023-04-20 11:07:25.0025|Quartz.Core.JobRunShell|DEBUG|Calling Execute on job DEFAULT.Hhmocon.Mes.Repository.QuartzJobRunner 
2023-04-20 11:07:26.3853|Quartz.Core.JobRunShell|DEBUG|Trigger instruction : NoInstruction 
2023-04-20 11:07:26.3853|Quartz.Core.QuartzSchedulerThread|DEBUG|Batch acquisition of 1 triggers 
2023-04-20 11:07:30.0011|Quartz.Core.QuartzSchedulerThread|DEBUG|Batch acquisition of 0 triggers 
2023-04-20 11:07:30.0011|Quartz.Core.JobRunShell|DEBUG|Calling Execute on job DEFAULT.Hhmocon.Mes.Repository.QuartzJobRunner 
2023-04-20 11:07:31.3177|Quartz.Core.JobRunShell|DEBUG|Trigger instruction : NoInstruction 
2023-04-20 11:07:31.3177|Quartz.Core.QuartzSchedulerThread|DEBUG|Batch acquisition of 1 triggers 
2023-04-20 11:07:35.0085|Quartz.Core.QuartzSchedulerThread|DEBUG|Batch acquisition of 0 triggers 
2023-04-20 11:07:35.0085|Quartz.Core.JobRunShell|DEBUG|Calling Execute on job DEFAULT.Hhmocon.Mes.Repository.QuartzJobRunner 
2023-04-20 11:07:36.1138|Quartz.Core.JobRunShell|DEBUG|Trigger instruction : NoInstruction 
2023-04-20 11:07:36.1138|Quartz.Core.QuartzSchedulerThread|DEBUG|Batch acquisition of 1 triggers 
2023-04-20 11:07:40.0070|Quartz.Core.QuartzSchedulerThread|DEBUG|Batch acquisition of 0 triggers 
2023-04-20 11:07:40.0070|Quartz.Core.JobRunShell|DEBUG|Calling Execute on job DEFAULT.Hhmocon.Mes.Repository.QuartzJobRunner 
2023-04-20 11:07:40.9836|Quartz.Core.JobRunShell|DEBUG|Trigger instruction : NoInstruction 
2023-04-20 11:07:40.9836|Quartz.Core.QuartzSchedulerThread|DEBUG|Batch acquisition of 1 triggers 
2023-04-20 11:07:45.0051|Quartz.Core.QuartzSchedulerThread|DEBUG|Batch acquisition of 0 triggers 
2023-04-20 11:07:45.0051|Quartz.Core.JobRunShell|DEBUG|Calling Execute on job DEFAULT.Hhmocon.Mes.Repository.QuartzJobRunner 
2023-04-20 11:07:45.9590|Quartz.Core.JobRunShell|DEBUG|Trigger instruction : NoInstruction 
2023-04-20 11:07:45.9590|Quartz.Core.QuartzSchedulerThread|DEBUG|Batch acquisition of 1 triggers 
2023-04-20 11:07:50.0008|Quartz.Core.QuartzSchedulerThread|DEBUG|Batch acquisition of 0 triggers 
2023-04-20 11:07:50.0008|Quartz.Core.JobRunShell|DEBUG|Calling Execute on job DEFAULT.Hhmocon.Mes.Repository.QuartzJobRunner 
2023-04-20 11:07:50.6775|Quartz.Core.JobRunShell|DEBUG|Trigger instruction : NoInstruction 
2023-04-20 11:07:50.6775|Quartz.Core.QuartzSchedulerThread|DEBUG|Batch acquisition of 1 triggers 
2023-04-20 11:07:55.0087|Quartz.Core.QuartzSchedulerThread|DEBUG|Batch acquisition of 0 triggers 
2023-04-20 11:07:55.0087|Quartz.Core.JobRunShell|DEBUG|Calling Execute on job DEFAULT.Hhmocon.Mes.Repository.QuartzJobRunner 
2023-04-20 11:07:55.7333|Quartz.Core.JobRunShell|DEBUG|Trigger instruction : NoInstruction 
2023-04-20 11:07:55.7333|Quartz.Core.QuartzSchedulerThread|DEBUG|Batch acquisition of 1 triggers 
2023-04-20 11:08:00.0165|Quartz.Core.QuartzSchedulerThread|DEBUG|Batch acquisition of 0 triggers 
2023-04-20 11:08:00.0165|Quartz.Core.JobRunShell|DEBUG|Calling Execute on job DEFAULT.Hhmocon.Mes.Repository.QuartzJobRunner 
2023-04-20 11:08:00.7375|Quartz.Core.JobRunShell|DEBUG|Trigger instruction : NoInstruction 
2023-04-20 11:08:00.7375|Quartz.Core.QuartzSchedulerThread|DEBUG|Batch acquisition of 1 triggers 
2023-04-20 11:08:05.0056|Quartz.Core.JobRunShell|DEBUG|Calling Execute on job DEFAULT.Hhmocon.Mes.Repository.QuartzJobRunner 
2023-04-20 11:08:05.0056|Quartz.Core.QuartzSchedulerThread|DEBUG|Batch acquisition of 0 triggers 
2023-04-20 11:08:05.6963|Quartz.Core.JobRunShell|DEBUG|Trigger instruction : NoInstruction 
2023-04-20 11:08:05.6963|Quartz.Core.QuartzSchedulerThread|DEBUG|Batch acquisition of 1 triggers 
2023-04-20 11:08:10.0017|Quartz.Core.QuartzSchedulerThread|DEBUG|Batch acquisition of 0 triggers 
2023-04-20 11:08:10.0017|Quartz.Core.JobRunShell|DEBUG|Calling Execute on job DEFAULT.Hhmocon.Mes.Repository.QuartzJobRunner 
2023-04-20 11:08:11.0458|Quartz.Core.JobRunShell|DEBUG|Trigger instruction : NoInstruction 
2023-04-20 11:08:11.0458|Quartz.Core.QuartzSchedulerThread|DEBUG|Batch acquisition of 1 triggers 
2023-04-20 11:08:15.0111|Quartz.Core.QuartzSchedulerThread|DEBUG|Batch acquisition of 0 triggers 
2023-04-20 11:08:15.0111|Quartz.Core.JobRunShell|DEBUG|Calling Execute on job DEFAULT.Hhmocon.Mes.Repository.QuartzJobRunner 
2023-04-20 11:08:16.0346|Quartz.Core.JobRunShell|DEBUG|Trigger instruction : NoInstruction 
2023-04-20 11:08:16.0346|Quartz.Core.QuartzSchedulerThread|DEBUG|Batch acquisition of 1 triggers 
2023-04-20 11:08:20.0054|Quartz.Core.QuartzSchedulerThread|DEBUG|Batch acquisition of 0 triggers 
2023-04-20 11:08:20.0054|Quartz.Core.JobRunShell|DEBUG|Calling Execute on job DEFAULT.Hhmocon.Mes.Repository.QuartzJobRunner 
2023-04-20 11:08:21.1076|Quartz.Core.JobRunShell|DEBUG|Trigger instruction : NoInstruction 
2023-04-20 11:08:21.1076|Quartz.Core.QuartzSchedulerThread|DEBUG|Batch acquisition of 1 triggers 
2023-04-20 11:08:25.0019|Quartz.Core.QuartzSchedulerThread|DEBUG|Batch acquisition of 0 triggers 
2023-04-20 11:08:25.0019|Quartz.Core.JobRunShell|DEBUG|Calling Execute on job DEFAULT.Hhmocon.Mes.Repository.QuartzJobRunner 
2023-04-20 11:08:25.7214|Quartz.Core.JobRunShell|DEBUG|Trigger instruction : NoInstruction 
2023-04-20 11:08:25.7214|Quartz.Core.QuartzSchedulerThread|DEBUG|Batch acquisition of 1 triggers 
2023-04-20 11:08:30.0152|Quartz.Core.QuartzSchedulerThread|DEBUG|Batch acquisition of 0 triggers 
2023-04-20 11:08:30.0152|Quartz.Core.JobRunShell|DEBUG|Calling Execute on job DEFAULT.Hhmocon.Mes.Repository.QuartzJobRunner 
2023-04-20 11:08:30.7451|Quartz.Core.JobRunShell|DEBUG|Trigger instruction : NoInstruction 
2023-04-20 11:08:30.7641|Quartz.Core.QuartzSchedulerThread|DEBUG|Batch acquisition of 1 triggers 
2023-04-20 11:08:35.0134|Quartz.Core.QuartzSchedulerThread|DEBUG|Batch acquisition of 0 triggers 
2023-04-20 11:08:35.0134|Quartz.Core.JobRunShell|DEBUG|Calling Execute on job DEFAULT.Hhmocon.Mes.Repository.QuartzJobRunner 
2023-04-20 11:08:35.9924|Quartz.Core.JobRunShell|DEBUG|Trigger instruction : NoInstruction 
2023-04-20 11:08:35.9924|Quartz.Core.QuartzSchedulerThread|DEBUG|Batch acquisition of 1 triggers 
2023-04-20 11:08:40.0040|Quartz.Core.QuartzSchedulerThread|DEBUG|Batch acquisition of 0 triggers 
2023-04-20 11:08:40.0040|Quartz.Core.JobRunShell|DEBUG|Calling Execute on job DEFAULT.Hhmocon.Mes.Repository.QuartzJobRunner 
2023-04-20 11:08:40.9105|Quartz.Core.JobRunShell|DEBUG|Trigger instruction : NoInstruction 
2023-04-20 11:08:40.9105|Quartz.Core.QuartzSchedulerThread|DEBUG|Batch acquisition of 1 triggers 
2023-04-20 11:08:45.0160|Quartz.Core.QuartzSchedulerThread|DEBUG|Batch acquisition of 0 triggers 
2023-04-20 11:08:45.0160|Quartz.Core.JobRunShell|DEBUG|Calling Execute on job DEFAULT.Hhmocon.Mes.Repository.QuartzJobRunner 
2023-04-20 11:08:45.7030|Quartz.Core.JobRunShell|DEBUG|Trigger instruction : NoInstruction 
2023-04-20 11:08:45.7030|Quartz.Core.QuartzSchedulerThread|DEBUG|Batch acquisition of 1 triggers 
2023-04-20 11:08:50.0139|Quartz.Core.JobRunShell|DEBUG|Calling Execute on job DEFAULT.Hhmocon.Mes.Repository.QuartzJobRunner 
2023-04-20 11:08:50.0139|Quartz.Core.QuartzSchedulerThread|DEBUG|Batch acquisition of 0 triggers 
2023-04-20 11:08:50.9570|Quartz.Core.JobRunShell|DEBUG|Trigger instruction : NoInstruction 
2023-04-20 11:08:50.9570|Quartz.Core.QuartzSchedulerThread|DEBUG|Batch acquisition of 1 triggers 
2023-04-20 14:40:38.3671|Quartz.Impl.StdSchedulerFactory|INFO|Default Quartz.NET properties loaded from embedded resource file 
2023-04-20 14:40:38.8792|Quartz.Simpl.TaskSchedulingThreadPool|DEBUG|TaskSchedulingThreadPool configured with max concurrency of 10 and TaskScheduler ThreadPoolTaskScheduler. 
2023-04-20 14:40:38.9255|Quartz.Core.SchedulerSignalerImpl|INFO|Initialized Scheduler Signaller of type: Quartz.Core.SchedulerSignalerImpl 
2023-04-20 14:40:38.9255|Quartz.Core.QuartzScheduler|INFO|Quartz Scheduler created 
2023-04-20 14:40:38.9394|Quartz.Core.QuartzScheduler|INFO|JobFactory set to: Autofac.Extras.Quartz.AutofacJobFactory 
2023-04-20 14:40:38.9394|Quartz.Simpl.RAMJobStore|INFO|RAMJobStore initialized. 
2023-04-20 14:40:38.9394|Quartz.Core.QuartzScheduler|INFO|Scheduler meta-data: Quartz Scheduler (v3.3.3.0) 'DefaultQuartzScheduler' with instanceId 'NON_CLUSTERED'
  Scheduler class: 'Quartz.Core.QuartzScheduler' - running locally.
  NOT STARTED.
  Currently in standby mode.
  Number of jobs executed: 0
  Using thread pool 'Quartz.Simpl.DefaultThreadPool' - with 10 threads.
  Using job-store 'Quartz.Simpl.RAMJobStore' - which does not support persistence. and is not clustered.
 
2023-04-20 14:40:38.9394|Quartz.Impl.StdSchedulerFactory|INFO|Quartz scheduler 'DefaultQuartzScheduler' initialized 
2023-04-20 14:40:38.9394|Quartz.Impl.StdSchedulerFactory|INFO|Quartz scheduler version: 3.3.3.0 
2023-04-20 14:40:38.9534|Quartz.Core.QuartzScheduler|INFO|JobFactory set to: Autofac.Extras.Quartz.AutofacJobFactory 
2023-04-20 14:40:39.0557|Quartz.Core.QuartzScheduler|INFO|Scheduler DefaultQuartzScheduler_$_NON_CLUSTERED started. 
2023-04-20 14:40:39.0641|Quartz.Core.QuartzSchedulerThread|DEBUG|Batch acquisition of 1 triggers 
2023-04-20 14:40:39.7247|Microsoft.Hosting.Lifetime|INFO|Now listening on: http://localhost:8081 
2023-04-20 14:40:39.7247|Microsoft.Hosting.Lifetime|INFO|Now listening on: http://[::]:8081 
2023-04-20 14:40:39.7247|Microsoft.Hosting.Lifetime|INFO|Application started. Press Ctrl+C to shut down. 
2023-04-20 14:40:39.7247|Microsoft.Hosting.Lifetime|INFO|Hosting environment: Development 
2023-04-20 14:40:39.7247|Microsoft.Hosting.Lifetime|INFO|Content root path: E:\Project\Hhmocon.Mes\Hhmocon.Mes.WebApi 
2023-04-20 14:40:40.0328|Quartz.Core.QuartzSchedulerThread|DEBUG|Batch acquisition of 0 triggers 
2023-04-20 14:40:40.0649|Quartz.Core.JobRunShell|DEBUG|Calling Execute on job DEFAULT.Hhmocon.Mes.Repository.QuartzJobRunner 
2023-04-20 14:40:46.3025|Quartz.Core.JobRunShell|DEBUG|Trigger instruction : NoInstruction 
2023-04-20 14:40:46.3924|Quartz.Core.QuartzSchedulerThread|DEBUG|Batch acquisition of 1 triggers 
2023-04-20 14:40:46.3924|Quartz.Core.QuartzSchedulerThread|DEBUG|Batch acquisition of 0 triggers 
2023-04-20 14:40:46.4038|Quartz.Core.JobRunShell|DEBUG|Calling Execute on job DEFAULT.Hhmocon.Mes.Repository.QuartzJobRunner 
2023-04-20 14:40:47.5004|Quartz.Core.JobRunShell|DEBUG|Trigger instruction : NoInstruction 
2023-04-20 14:40:47.5004|Quartz.Core.QuartzSchedulerThread|DEBUG|Batch acquisition of 1 triggers 
2023-04-20 14:40:50.0037|Quartz.Core.QuartzSchedulerThread|DEBUG|Batch acquisition of 0 triggers 
2023-04-20 14:40:50.0037|Quartz.Core.JobRunShell|DEBUG|Calling Execute on job DEFAULT.Hhmocon.Mes.Repository.QuartzJobRunner 
2023-04-20 14:40:51.2619|Quartz.Core.JobRunShell|DEBUG|Trigger instruction : NoInstruction 
2023-04-20 14:40:51.2641|Quartz.Core.QuartzSchedulerThread|DEBUG|Batch acquisition of 1 triggers 
2023-04-20 14:40:55.0130|Quartz.Core.QuartzSchedulerThread|DEBUG|Batch acquisition of 0 triggers 
2023-04-20 14:40:55.0130|Quartz.Core.JobRunShell|DEBUG|Calling Execute on job DEFAULT.Hhmocon.Mes.Repository.QuartzJobRunner 
2023-04-20 14:40:55.8038|Quartz.Core.JobRunShell|DEBUG|Trigger instruction : NoInstruction 
2023-04-20 14:40:55.8038|Quartz.Core.QuartzSchedulerThread|DEBUG|Batch acquisition of 1 triggers 
2023-04-20 14:41:00.0130|Quartz.Core.QuartzSchedulerThread|DEBUG|Batch acquisition of 0 triggers 
2023-04-20 14:41:00.0132|Quartz.Core.JobRunShell|DEBUG|Calling Execute on job DEFAULT.Hhmocon.Mes.Repository.QuartzJobRunner 
2023-04-20 14:41:00.6698|Quartz.Core.JobRunShell|DEBUG|Trigger instruction : NoInstruction 
2023-04-20 14:41:00.6698|Quartz.Core.QuartzSchedulerThread|DEBUG|Batch acquisition of 1 triggers 
2023-04-20 14:41:05.0057|Quartz.Core.QuartzSchedulerThread|DEBUG|Batch acquisition of 0 triggers 
2023-04-20 14:41:05.0057|Quartz.Core.JobRunShell|DEBUG|Calling Execute on job DEFAULT.Hhmocon.Mes.Repository.QuartzJobRunner 
2023-04-20 14:41:05.8509|Quartz.Core.JobRunShell|DEBUG|Trigger instruction : NoInstruction 
2023-04-20 14:41:05.8509|Quartz.Core.QuartzSchedulerThread|DEBUG|Batch acquisition of 1 triggers 
2023-04-20 14:41:10.0117|Quartz.Core.QuartzSchedulerThread|DEBUG|Batch acquisition of 0 triggers 
2023-04-20 14:41:10.0117|Quartz.Core.JobRunShell|DEBUG|Calling Execute on job DEFAULT.Hhmocon.Mes.Repository.QuartzJobRunner 
2023-04-20 14:41:10.8101|Quartz.Core.JobRunShell|DEBUG|Trigger instruction : NoInstruction 
2023-04-20 14:41:10.8101|Quartz.Core.QuartzSchedulerThread|DEBUG|Batch acquisition of 1 triggers 
2023-04-20 14:41:15.0094|Quartz.Core.QuartzSchedulerThread|DEBUG|Batch acquisition of 0 triggers 
2023-04-20 14:41:15.0094|Quartz.Core.JobRunShell|DEBUG|Calling Execute on job DEFAULT.Hhmocon.Mes.Repository.QuartzJobRunner 
2023-04-20 14:41:15.8417|Quartz.Core.JobRunShell|DEBUG|Trigger instruction : NoInstruction 
2023-04-20 14:41:15.8417|Quartz.Core.QuartzSchedulerThread|DEBUG|Batch acquisition of 1 triggers 
2023-04-20 14:41:20.0086|Quartz.Core.QuartzSchedulerThread|DEBUG|Batch acquisition of 0 triggers 
2023-04-20 14:41:20.0086|Quartz.Core.JobRunShell|DEBUG|Calling Execute on job DEFAULT.Hhmocon.Mes.Repository.QuartzJobRunner 
2023-04-20 14:41:21.1096|Quartz.Core.JobRunShell|DEBUG|Trigger instruction : NoInstruction 
2023-04-20 14:41:21.1096|Quartz.Core.QuartzSchedulerThread|DEBUG|Batch acquisition of 1 triggers 
2023-04-20 14:41:25.0150|Quartz.Core.QuartzSchedulerThread|DEBUG|Batch acquisition of 0 triggers 
2023-04-20 14:41:25.0150|Quartz.Core.JobRunShell|DEBUG|Calling Execute on job DEFAULT.Hhmocon.Mes.Repository.QuartzJobRunner 
2023-04-20 14:41:25.8396|Quartz.Core.JobRunShell|DEBUG|Trigger instruction : NoInstruction 
2023-04-20 14:41:25.8396|Quartz.Core.QuartzSchedulerThread|DEBUG|Batch acquisition of 1 triggers 
2023-04-20 14:41:30.0114|Quartz.Core.QuartzSchedulerThread|DEBUG|Batch acquisition of 0 triggers 
2023-04-20 14:41:30.0114|Quartz.Core.JobRunShell|DEBUG|Calling Execute on job DEFAULT.Hhmocon.Mes.Repository.QuartzJobRunner 
2023-04-20 14:41:30.7060|Quartz.Core.JobRunShell|DEBUG|Trigger instruction : NoInstruction 
2023-04-20 14:41:30.7060|Quartz.Core.QuartzSchedulerThread|DEBUG|Batch acquisition of 1 triggers 
2023-04-20 14:41:35.0067|Quartz.Core.QuartzSchedulerThread|DEBUG|Batch acquisition of 0 triggers 
2023-04-20 14:41:35.0067|Quartz.Core.JobRunShell|DEBUG|Calling Execute on job DEFAULT.Hhmocon.Mes.Repository.QuartzJobRunner 
2023-04-20 14:41:36.1887|Quartz.Core.JobRunShell|DEBUG|Trigger instruction : NoInstruction 
2023-04-20 14:41:36.1887|Quartz.Core.QuartzSchedulerThread|DEBUG|Batch acquisition of 1 triggers 
2023-04-20 14:41:40.0178|Quartz.Core.QuartzSchedulerThread|DEBUG|Batch acquisition of 0 triggers 
2023-04-20 14:41:40.0178|Quartz.Core.JobRunShell|DEBUG|Calling Execute on job DEFAULT.Hhmocon.Mes.Repository.QuartzJobRunner 
2023-04-20 14:41:40.9035|Quartz.Core.JobRunShell|DEBUG|Trigger instruction : NoInstruction 
2023-04-20 14:41:40.9049|Quartz.Core.QuartzSchedulerThread|DEBUG|Batch acquisition of 1 triggers 
2023-04-20 14:41:45.0124|Quartz.Core.QuartzSchedulerThread|DEBUG|Batch acquisition of 0 triggers 
2023-04-20 14:41:45.0142|Quartz.Core.JobRunShell|DEBUG|Calling Execute on job DEFAULT.Hhmocon.Mes.Repository.QuartzJobRunner 
2023-04-20 14:41:45.7542|Quartz.Core.JobRunShell|DEBUG|Trigger instruction : NoInstruction 
2023-04-20 14:41:45.7542|Quartz.Core.QuartzSchedulerThread|DEBUG|Batch acquisition of 1 triggers 
2023-04-20 14:41:50.0177|Quartz.Core.QuartzSchedulerThread|DEBUG|Batch acquisition of 0 triggers 
2023-04-20 14:41:50.0177|Quartz.Core.JobRunShell|DEBUG|Calling Execute on job DEFAULT.Hhmocon.Mes.Repository.QuartzJobRunner 
2023-04-20 14:41:51.2519|Quartz.Core.JobRunShell|DEBUG|Trigger instruction : NoInstruction 
2023-04-20 14:41:51.2519|Quartz.Core.QuartzSchedulerThread|DEBUG|Batch acquisition of 1 triggers 
2023-04-20 14:41:54.1868|Hhmocon.Mes.WebApi.Controllers.CheckIn.CheckController|INFO|Login enter 
2023-04-20 14:41:55.0255|Quartz.Core.QuartzSchedulerThread|DEBUG|Batch acquisition of 0 triggers 
2023-04-20 14:41:55.0424|Quartz.Core.JobRunShell|DEBUG|Calling Execute on job DEFAULT.Hhmocon.Mes.Repository.QuartzJobRunner 
2023-04-20 14:41:55.9264|Quartz.Core.JobRunShell|DEBUG|Trigger instruction : NoInstruction 
2023-04-20 14:41:55.9264|Quartz.Core.QuartzSchedulerThread|DEBUG|Batch acquisition of 1 triggers 
2023-04-20 14:42:00.0023|Quartz.Core.QuartzSchedulerThread|DEBUG|Batch acquisition of 0 triggers 
2023-04-20 14:42:00.0023|Quartz.Core.JobRunShell|DEBUG|Calling Execute on job DEFAULT.Hhmocon.Mes.Repository.QuartzJobRunner 
2023-04-20 14:42:00.6390|Quartz.Core.JobRunShell|DEBUG|Trigger instruction : NoInstruction 
2023-04-20 14:42:00.6390|Quartz.Core.QuartzSchedulerThread|DEBUG|Batch acquisition of 1 triggers 
2023-04-20 14:42:05.0066|Quartz.Core.QuartzSchedulerThread|DEBUG|Batch acquisition of 0 triggers 
2023-04-20 14:42:05.0066|Quartz.Core.JobRunShell|DEBUG|Calling Execute on job DEFAULT.Hhmocon.Mes.Repository.QuartzJobRunner 
2023-04-20 14:42:06.1771|Quartz.Core.JobRunShell|DEBUG|Trigger instruction : NoInstruction 
2023-04-20 14:42:06.1771|Quartz.Core.QuartzSchedulerThread|DEBUG|Batch acquisition of 1 triggers 
2023-04-20 14:42:10.0181|Quartz.Core.QuartzSchedulerThread|DEBUG|Batch acquisition of 0 triggers 
2023-04-20 14:42:10.0181|Quartz.Core.JobRunShell|DEBUG|Calling Execute on job DEFAULT.Hhmocon.Mes.Repository.QuartzJobRunner 
2023-04-20 14:42:11.1663|Quartz.Core.JobRunShell|DEBUG|Trigger instruction : NoInstruction 
2023-04-20 14:42:11.1663|Quartz.Core.QuartzSchedulerThread|DEBUG|Batch acquisition of 1 triggers 
2023-04-20 14:42:15.0073|Quartz.Core.QuartzSchedulerThread|DEBUG|Batch acquisition of 0 triggers 
2023-04-20 14:42:15.0073|Quartz.Core.JobRunShell|DEBUG|Calling Execute on job DEFAULT.Hhmocon.Mes.Repository.QuartzJobRunner 
2023-04-20 14:42:15.7981|Quartz.Core.JobRunShell|DEBUG|Trigger instruction : NoInstruction 
2023-04-20 14:42:15.7981|Quartz.Core.QuartzSchedulerThread|DEBUG|Batch acquisition of 1 triggers 
2023-04-20 14:42:20.0024|Quartz.Core.QuartzSchedulerThread|DEBUG|Batch acquisition of 0 triggers 
2023-04-20 14:42:20.0024|Quartz.Core.JobRunShell|DEBUG|Calling Execute on job DEFAULT.Hhmocon.Mes.Repository.QuartzJobRunner 
2023-04-20 14:42:20.9056|Quartz.Core.JobRunShell|DEBUG|Trigger instruction : NoInstruction 
2023-04-20 14:42:20.9056|Quartz.Core.QuartzSchedulerThread|DEBUG|Batch acquisition of 1 triggers 
2023-04-20 14:42:32.8057|Quartz.Core.QuartzSchedulerThread|DEBUG|Batch acquisition of 0 triggers 
2023-04-20 14:42:32.8057|Quartz.Core.JobRunShell|DEBUG|Calling Execute on job DEFAULT.Hhmocon.Mes.Repository.QuartzJobRunner 
2023-04-20 14:43:13.8723|Quartz.Core.QuartzSchedulerThread|DEBUG|Batch acquisition of 0 triggers 
2023-04-20 14:43:45.6473|Quartz.Core.QuartzSchedulerThread|DEBUG|Batch acquisition of 0 triggers 
2023-04-20 14:44:22.7690|Quartz.Core.QuartzSchedulerThread|DEBUG|Batch acquisition of 0 triggers 
2023-04-20 14:45:04.9121|Quartz.Core.QuartzSchedulerThread|DEBUG|Batch acquisition of 0 triggers 
2023-04-20 14:45:14.4590|Quartz.Core.JobRunShell|DEBUG|Trigger instruction : NoInstruction 
2023-04-20 14:45:21.2230|Quartz.Core.QuartzSchedulerThread|DEBUG|Batch acquisition of 1 triggers 
2023-04-20 14:45:21.2230|Quartz.Core.QuartzSchedulerThread|DEBUG|Batch acquisition of 0 triggers 
2023-04-20 14:45:21.2325|Quartz.Core.JobRunShell|DEBUG|Calling Execute on job DEFAULT.Hhmocon.Mes.Repository.QuartzJobRunner 
2023-04-20 14:46:13.4800|Quartz.Core.QuartzSchedulerThread|DEBUG|Batch acquisition of 0 triggers 
2023-04-20 14:46:53.9106|Quartz.Core.QuartzSchedulerThread|DEBUG|Batch acquisition of 0 triggers 
2023-04-20 14:47:09.4502|Quartz.Core.JobRunShell|DEBUG|Trigger instruction : NoInstruction 
2023-04-20 14:47:10.4241|Quartz.Core.QuartzSchedulerThread|DEBUG|Batch acquisition of 1 triggers 
2023-04-20 14:47:11.2990|Quartz.Core.QuartzSchedulerThread|DEBUG|Batch acquisition of 0 triggers 
2023-04-20 14:47:11.2990|Quartz.Core.JobRunShell|DEBUG|Calling Execute on job DEFAULT.Hhmocon.Mes.Repository.QuartzJobRunner 
2023-04-20 14:47:40.2259|Quartz.Core.QuartzSchedulerThread|DEBUG|Batch acquisition of 0 triggers 
2023-04-20 14:48:43.0468|Quartz.Core.QuartzSchedulerThread|DEBUG|Batch acquisition of 0 triggers 
2023-04-20 14:48:48.2519|Quartz.Core.JobRunShell|DEBUG|Trigger instruction : NoInstruction 
2023-04-20 14:48:56.4394|Quartz.Core.QuartzSchedulerThread|DEBUG|Batch acquisition of 1 triggers 
2023-04-20 14:49:02.0722|Quartz.Core.QuartzSchedulerThread|DEBUG|Batch acquisition of 0 triggers 
2023-04-20 14:49:02.0722|Quartz.Core.JobRunShell|DEBUG|Calling Execute on job DEFAULT.Hhmocon.Mes.Repository.QuartzJobRunner 
2023-04-20 14:49:35.6366|Quartz.Core.QuartzSchedulerThread|DEBUG|Batch acquisition of 0 triggers 
2023-04-20 14:49:44.9896|Quartz.Core.JobRunShell|DEBUG|Trigger instruction : NoInstruction 
2023-04-20 14:49:45.4197|Quartz.Core.QuartzSchedulerThread|DEBUG|Batch acquisition of 1 triggers 
2023-04-20 14:49:47.7105|Quartz.Core.QuartzSchedulerThread|DEBUG|Batch acquisition of 0 triggers 
2023-04-20 14:49:48.4549|Quartz.Core.JobRunShell|DEBUG|Calling Execute on job DEFAULT.Hhmocon.Mes.Repository.QuartzJobRunner 
2023-04-20 14:50:05.6709|Quartz.Core.JobRunShell|DEBUG|Trigger instruction : NoInstruction 
2023-04-20 14:50:06.4740|Quartz.Core.QuartzSchedulerThread|DEBUG|Batch acquisition of 1 triggers 
2023-04-20 14:50:07.5440|Quartz.Core.QuartzSchedulerThread|DEBUG|Batch acquisition of 0 triggers 
2023-04-20 14:50:07.5480|Quartz.Core.JobRunShell|DEBUG|Calling Execute on job DEFAULT.Hhmocon.Mes.Repository.QuartzJobRunner 
2023-04-20 14:50:12.0790|Quartz.Core.JobRunShell|DEBUG|Trigger instruction : NoInstruction 
2023-04-20 14:50:12.0790|Quartz.Core.QuartzSchedulerThread|DEBUG|Batch acquisition of 1 triggers 
2023-04-20 14:50:12.0790|Quartz.Core.QuartzSchedulerThread|DEBUG|Batch acquisition of 0 triggers 
2023-04-20 14:50:12.0790|Quartz.Core.JobRunShell|DEBUG|Calling Execute on job DEFAULT.Hhmocon.Mes.Repository.QuartzJobRunner 
2023-04-20 14:50:12.8405|Quartz.Core.JobRunShell|DEBUG|Trigger instruction : NoInstruction 
2023-04-20 14:50:12.8426|Quartz.Core.QuartzSchedulerThread|DEBUG|Batch acquisition of 1 triggers 
2023-04-20 14:50:15.0015|Quartz.Core.QuartzSchedulerThread|DEBUG|Batch acquisition of 0 triggers 
2023-04-20 14:50:15.0015|Quartz.Core.JobRunShell|DEBUG|Calling Execute on job DEFAULT.Hhmocon.Mes.Repository.QuartzJobRunner 
2023-04-20 14:50:15.7724|Quartz.Core.JobRunShell|DEBUG|Trigger instruction : NoInstruction 
2023-04-20 14:50:15.7724|Quartz.Core.QuartzSchedulerThread|DEBUG|Batch acquisition of 1 triggers 
2023-04-20 14:50:20.0126|Quartz.Core.QuartzSchedulerThread|DEBUG|Batch acquisition of 0 triggers 
2023-04-20 14:50:20.0166|Quartz.Core.JobRunShell|DEBUG|Calling Execute on job DEFAULT.Hhmocon.Mes.Repository.QuartzJobRunner 
2023-04-20 14:50:21.0425|Quartz.Core.JobRunShell|DEBUG|Trigger instruction : NoInstruction 
2023-04-20 14:50:21.0425|Quartz.Core.QuartzSchedulerThread|DEBUG|Batch acquisition of 1 triggers 
2023-04-20 14:50:25.0049|Quartz.Core.JobRunShell|DEBUG|Calling Execute on job DEFAULT.Hhmocon.Mes.Repository.QuartzJobRunner 
2023-04-20 14:50:25.0049|Quartz.Core.QuartzSchedulerThread|DEBUG|Batch acquisition of 0 triggers 
2023-04-20 14:50:26.4045|Quartz.Core.JobRunShell|DEBUG|Trigger instruction : NoInstruction 
2023-04-20 14:50:26.4045|Quartz.Core.QuartzSchedulerThread|DEBUG|Batch acquisition of 1 triggers 
2023-04-20 14:50:30.0007|Quartz.Core.QuartzSchedulerThread|DEBUG|Batch acquisition of 0 triggers 
2023-04-20 14:50:30.0007|Quartz.Core.JobRunShell|DEBUG|Calling Execute on job DEFAULT.Hhmocon.Mes.Repository.QuartzJobRunner 
2023-04-20 14:50:31.0233|Quartz.Core.JobRunShell|DEBUG|Trigger instruction : NoInstruction 
2023-04-20 14:50:31.0233|Quartz.Core.QuartzSchedulerThread|DEBUG|Batch acquisition of 1 triggers 
2023-04-20 14:50:35.0093|Quartz.Core.QuartzSchedulerThread|DEBUG|Batch acquisition of 0 triggers 
2023-04-20 14:50:35.0093|Quartz.Core.JobRunShell|DEBUG|Calling Execute on job DEFAULT.Hhmocon.Mes.Repository.QuartzJobRunner 
2023-04-20 14:50:35.7817|Quartz.Core.JobRunShell|DEBUG|Trigger instruction : NoInstruction 
2023-04-20 14:50:35.7817|Quartz.Core.QuartzSchedulerThread|DEBUG|Batch acquisition of 1 triggers 
2023-04-20 14:50:40.0116|Quartz.Core.QuartzSchedulerThread|DEBUG|Batch acquisition of 0 triggers 
2023-04-20 14:50:40.0116|Quartz.Core.JobRunShell|DEBUG|Calling Execute on job DEFAULT.Hhmocon.Mes.Repository.QuartzJobRunner 
2023-04-20 14:50:40.7363|Quartz.Core.JobRunShell|DEBUG|Trigger instruction : NoInstruction 
2023-04-20 14:50:40.7363|Quartz.Core.QuartzSchedulerThread|DEBUG|Batch acquisition of 1 triggers 
2023-04-20 14:50:45.0112|Quartz.Core.QuartzSchedulerThread|DEBUG|Batch acquisition of 0 triggers 
2023-04-20 14:50:45.0112|Quartz.Core.JobRunShell|DEBUG|Calling Execute on job DEFAULT.Hhmocon.Mes.Repository.QuartzJobRunner 
2023-04-20 14:50:45.7055|Quartz.Core.JobRunShell|DEBUG|Trigger instruction : NoInstruction 
2023-04-20 14:50:45.7055|Quartz.Core.QuartzSchedulerThread|DEBUG|Batch acquisition of 1 triggers 
2023-04-20 14:50:50.0062|Quartz.Core.QuartzSchedulerThread|DEBUG|Batch acquisition of 0 triggers 
2023-04-20 14:50:50.0062|Quartz.Core.JobRunShell|DEBUG|Calling Execute on job DEFAULT.Hhmocon.Mes.Repository.QuartzJobRunner 
2023-04-20 14:50:50.7380|Quartz.Core.JobRunShell|DEBUG|Trigger instruction : NoInstruction 
2023-04-20 14:50:50.7380|Quartz.Core.QuartzSchedulerThread|DEBUG|Batch acquisition of 1 triggers 
2023-04-20 14:50:55.0028|Quartz.Core.QuartzSchedulerThread|DEBUG|Batch acquisition of 0 triggers 
2023-04-20 14:50:55.0028|Quartz.Core.JobRunShell|DEBUG|Calling Execute on job DEFAULT.Hhmocon.Mes.Repository.QuartzJobRunner 
2023-04-20 14:50:55.7556|Quartz.Core.JobRunShell|DEBUG|Trigger instruction : NoInstruction 
2023-04-20 14:50:55.7556|Quartz.Core.QuartzSchedulerThread|DEBUG|Batch acquisition of 1 triggers 
2023-04-20 14:51:00.0127|Quartz.Core.QuartzSchedulerThread|DEBUG|Batch acquisition of 0 triggers 
2023-04-20 14:51:00.0127|Quartz.Core.JobRunShell|DEBUG|Calling Execute on job DEFAULT.Hhmocon.Mes.Repository.QuartzJobRunner 
2023-04-20 14:51:00.7230|Quartz.Core.JobRunShell|DEBUG|Trigger instruction : NoInstruction 
2023-04-20 14:51:00.7230|Quartz.Core.QuartzSchedulerThread|DEBUG|Batch acquisition of 1 triggers 
2023-04-20 14:51:05.0038|Quartz.Core.QuartzSchedulerThread|DEBUG|Batch acquisition of 0 triggers 
2023-04-20 14:51:05.0038|Quartz.Core.JobRunShell|DEBUG|Calling Execute on job DEFAULT.Hhmocon.Mes.Repository.QuartzJobRunner 
2023-04-20 14:51:05.7447|Quartz.Core.JobRunShell|DEBUG|Trigger instruction : NoInstruction 
2023-04-20 14:51:05.7447|Quartz.Core.QuartzSchedulerThread|DEBUG|Batch acquisition of 1 triggers 
2023-04-20 14:51:10.0142|Quartz.Core.QuartzSchedulerThread|DEBUG|Batch acquisition of 0 triggers 
2023-04-20 14:51:10.0142|Quartz.Core.JobRunShell|DEBUG|Calling Execute on job DEFAULT.Hhmocon.Mes.Repository.QuartzJobRunner 
2023-04-20 14:51:11.0612|Quartz.Core.JobRunShell|DEBUG|Trigger instruction : NoInstruction 
2023-04-20 14:51:11.0612|Quartz.Core.QuartzSchedulerThread|DEBUG|Batch acquisition of 1 triggers 
2023-04-20 14:51:15.0112|Quartz.Core.QuartzSchedulerThread|DEBUG|Batch acquisition of 0 triggers 
2023-04-20 14:51:15.0112|Quartz.Core.JobRunShell|DEBUG|Calling Execute on job DEFAULT.Hhmocon.Mes.Repository.QuartzJobRunner 
2023-04-20 14:51:15.7383|Quartz.Core.JobRunShell|DEBUG|Trigger instruction : NoInstruction 
2023-04-20 14:51:15.7383|Quartz.Core.QuartzSchedulerThread|DEBUG|Batch acquisition of 1 triggers 
2023-04-20 14:51:20.0039|Quartz.Core.QuartzSchedulerThread|DEBUG|Batch acquisition of 0 triggers 
2023-04-20 14:51:20.0039|Quartz.Core.JobRunShell|DEBUG|Calling Execute on job DEFAULT.Hhmocon.Mes.Repository.QuartzJobRunner 
2023-04-20 14:51:20.9749|Quartz.Core.JobRunShell|DEBUG|Trigger instruction : NoInstruction 
2023-04-20 14:51:20.9749|Quartz.Core.QuartzSchedulerThread|DEBUG|Batch acquisition of 1 triggers 
2023-04-20 14:51:25.0068|Quartz.Core.QuartzSchedulerThread|DEBUG|Batch acquisition of 0 triggers 
2023-04-20 14:51:25.0068|Quartz.Core.JobRunShell|DEBUG|Calling Execute on job DEFAULT.Hhmocon.Mes.Repository.QuartzJobRunner 
2023-04-20 14:51:25.7988|Quartz.Core.JobRunShell|DEBUG|Trigger instruction : NoInstruction 
2023-04-20 14:51:25.7988|Quartz.Core.QuartzSchedulerThread|DEBUG|Batch acquisition of 1 triggers 
2023-04-20 14:51:30.0072|Quartz.Core.QuartzSchedulerThread|DEBUG|Batch acquisition of 0 triggers 
2023-04-20 14:51:30.0072|Quartz.Core.JobRunShell|DEBUG|Calling Execute on job DEFAULT.Hhmocon.Mes.Repository.QuartzJobRunner 
2023-04-20 14:51:30.7447|Quartz.Core.JobRunShell|DEBUG|Trigger instruction : NoInstruction 
2023-04-20 14:51:30.7447|Quartz.Core.QuartzSchedulerThread|DEBUG|Batch acquisition of 1 triggers 
2023-04-20 14:51:35.0147|Quartz.Core.JobRunShell|DEBUG|Calling Execute on job DEFAULT.Hhmocon.Mes.Repository.QuartzJobRunner 
2023-04-20 14:51:35.0147|Quartz.Core.QuartzSchedulerThread|DEBUG|Batch acquisition of 0 triggers 
2023-04-20 14:51:35.7294|Quartz.Core.JobRunShell|DEBUG|Trigger instruction : NoInstruction 
2023-04-20 14:51:35.7294|Quartz.Core.QuartzSchedulerThread|DEBUG|Batch acquisition of 1 triggers 
2023-04-20 14:51:40.0068|Quartz.Core.JobRunShell|DEBUG|Calling Execute on job DEFAULT.Hhmocon.Mes.Repository.QuartzJobRunner 
2023-04-20 14:51:40.0068|Quartz.Core.QuartzSchedulerThread|DEBUG|Batch acquisition of 0 triggers 
2023-04-20 14:51:40.7179|Quartz.Core.JobRunShell|DEBUG|Trigger instruction : NoInstruction 
2023-04-20 14:51:40.7179|Quartz.Core.QuartzSchedulerThread|DEBUG|Batch acquisition of 1 triggers 
2023-04-20 14:51:45.0040|Quartz.Core.QuartzSchedulerThread|DEBUG|Batch acquisition of 0 triggers 
2023-04-20 14:51:45.0040|Quartz.Core.JobRunShell|DEBUG|Calling Execute on job DEFAULT.Hhmocon.Mes.Repository.QuartzJobRunner 
2023-04-20 14:51:46.0367|Quartz.Core.JobRunShell|DEBUG|Trigger instruction : NoInstruction 
2023-04-20 14:51:46.0367|Quartz.Core.QuartzSchedulerThread|DEBUG|Batch acquisition of 1 triggers 
2023-04-20 14:51:50.0122|Quartz.Core.QuartzSchedulerThread|DEBUG|Batch acquisition of 0 triggers 
2023-04-20 14:51:50.0122|Quartz.Core.JobRunShell|DEBUG|Calling Execute on job DEFAULT.Hhmocon.Mes.Repository.QuartzJobRunner 
2023-04-20 14:51:51.0977|Quartz.Core.JobRunShell|DEBUG|Trigger instruction : NoInstruction 
2023-04-20 14:51:51.0977|Quartz.Core.QuartzSchedulerThread|DEBUG|Batch acquisition of 1 triggers 
2023-04-20 14:51:55.0082|Quartz.Core.QuartzSchedulerThread|DEBUG|Batch acquisition of 0 triggers 
2023-04-20 14:51:55.0082|Quartz.Core.JobRunShell|DEBUG|Calling Execute on job DEFAULT.Hhmocon.Mes.Repository.QuartzJobRunner 
2023-04-20 14:51:55.7879|Quartz.Core.JobRunShell|DEBUG|Trigger instruction : NoInstruction 
2023-04-20 14:51:55.7879|Quartz.Core.QuartzSchedulerThread|DEBUG|Batch acquisition of 1 triggers 
2023-04-20 14:52:00.0035|Quartz.Core.QuartzSchedulerThread|DEBUG|Batch acquisition of 0 triggers 
2023-04-20 14:52:00.0035|Quartz.Core.JobRunShell|DEBUG|Calling Execute on job DEFAULT.Hhmocon.Mes.Repository.QuartzJobRunner 
2023-04-20 14:52:00.7937|Quartz.Core.JobRunShell|DEBUG|Trigger instruction : NoInstruction 
2023-04-20 14:52:00.7952|Quartz.Core.QuartzSchedulerThread|DEBUG|Batch acquisition of 1 triggers 
2023-04-20 14:52:05.0061|Quartz.Core.QuartzSchedulerThread|DEBUG|Batch acquisition of 0 triggers 
2023-04-20 14:52:05.0061|Quartz.Core.JobRunShell|DEBUG|Calling Execute on job DEFAULT.Hhmocon.Mes.Repository.QuartzJobRunner 
2023-04-20 14:52:06.1013|Quartz.Core.JobRunShell|DEBUG|Trigger instruction : NoInstruction 
2023-04-20 14:52:06.1013|Quartz.Core.QuartzSchedulerThread|DEBUG|Batch acquisition of 1 triggers 
2023-04-20 14:52:10.0145|Quartz.Core.QuartzSchedulerThread|DEBUG|Batch acquisition of 0 triggers 
2023-04-20 14:52:10.0145|Quartz.Core.JobRunShell|DEBUG|Calling Execute on job DEFAULT.Hhmocon.Mes.Repository.QuartzJobRunner 
2023-04-20 14:52:10.7551|Quartz.Core.JobRunShell|DEBUG|Trigger instruction : NoInstruction 
2023-04-20 14:52:10.7551|Quartz.Core.QuartzSchedulerThread|DEBUG|Batch acquisition of 1 triggers 
2023-04-20 14:52:15.0078|Quartz.Core.QuartzSchedulerThread|DEBUG|Batch acquisition of 0 triggers 
2023-04-20 14:52:15.0078|Quartz.Core.JobRunShell|DEBUG|Calling Execute on job DEFAULT.Hhmocon.Mes.Repository.QuartzJobRunner 
2023-04-20 14:52:15.7604|Quartz.Core.JobRunShell|DEBUG|Trigger instruction : NoInstruction 
2023-04-20 14:52:15.7604|Quartz.Core.QuartzSchedulerThread|DEBUG|Batch acquisition of 1 triggers 
2023-04-20 14:52:20.0070|Quartz.Core.QuartzSchedulerThread|DEBUG|Batch acquisition of 0 triggers 
2023-04-20 14:52:20.0070|Quartz.Core.JobRunShell|DEBUG|Calling Execute on job DEFAULT.Hhmocon.Mes.Repository.QuartzJobRunner 
2023-04-20 14:52:21.4589|Quartz.Core.JobRunShell|DEBUG|Trigger instruction : NoInstruction 
2023-04-20 14:52:21.4589|Quartz.Core.QuartzSchedulerThread|DEBUG|Batch acquisition of 1 triggers 
2023-04-20 14:52:25.0031|Quartz.Core.QuartzSchedulerThread|DEBUG|Batch acquisition of 0 triggers 
2023-04-20 14:52:25.0031|Quartz.Core.JobRunShell|DEBUG|Calling Execute on job DEFAULT.Hhmocon.Mes.Repository.QuartzJobRunner 
2023-04-20 14:52:25.7408|Quartz.Core.JobRunShell|DEBUG|Trigger instruction : NoInstruction 
2023-04-20 14:52:25.7408|Quartz.Core.QuartzSchedulerThread|DEBUG|Batch acquisition of 1 triggers 
2023-04-20 14:52:30.0065|Quartz.Core.JobRunShell|DEBUG|Calling Execute on job DEFAULT.Hhmocon.Mes.Repository.QuartzJobRunner 
2023-04-20 14:52:30.0065|Quartz.Core.QuartzSchedulerThread|DEBUG|Batch acquisition of 0 triggers 
2023-04-20 14:52:30.7104|Quartz.Core.JobRunShell|DEBUG|Trigger instruction : NoInstruction 
2023-04-20 14:52:30.7104|Quartz.Core.QuartzSchedulerThread|DEBUG|Batch acquisition of 1 triggers 
2023-04-20 14:52:35.0004|Quartz.Core.QuartzSchedulerThread|DEBUG|Batch acquisition of 0 triggers 
2023-04-20 14:52:35.0004|Quartz.Core.JobRunShell|DEBUG|Calling Execute on job DEFAULT.Hhmocon.Mes.Repository.QuartzJobRunner 
2023-04-20 14:52:35.7045|Quartz.Core.JobRunShell|DEBUG|Trigger instruction : NoInstruction 
2023-04-20 14:52:35.7045|Quartz.Core.QuartzSchedulerThread|DEBUG|Batch acquisition of 1 triggers 
2023-04-20 14:52:40.0076|Quartz.Core.JobRunShell|DEBUG|Calling Execute on job DEFAULT.Hhmocon.Mes.Repository.QuartzJobRunner 
2023-04-20 14:52:40.0074|Quartz.Core.QuartzSchedulerThread|DEBUG|Batch acquisition of 0 triggers 
2023-04-20 14:52:40.7074|Quartz.Core.JobRunShell|DEBUG|Trigger instruction : NoInstruction 
2023-04-20 14:52:40.7074|Quartz.Core.QuartzSchedulerThread|DEBUG|Batch acquisition of 1 triggers 
2023-04-20 14:52:45.0046|Quartz.Core.JobRunShell|DEBUG|Calling Execute on job DEFAULT.Hhmocon.Mes.Repository.QuartzJobRunner 
2023-04-20 14:52:45.0046|Quartz.Core.QuartzSchedulerThread|DEBUG|Batch acquisition of 0 triggers 
2023-04-20 14:52:45.6986|Quartz.Core.JobRunShell|DEBUG|Trigger instruction : NoInstruction 
2023-04-20 14:52:45.6986|Quartz.Core.QuartzSchedulerThread|DEBUG|Batch acquisition of 1 triggers 
2023-04-20 14:52:50.0084|Quartz.Core.QuartzSchedulerThread|DEBUG|Batch acquisition of 0 triggers 
2023-04-20 14:52:50.0084|Quartz.Core.JobRunShell|DEBUG|Calling Execute on job DEFAULT.Hhmocon.Mes.Repository.QuartzJobRunner 
2023-04-20 14:52:50.7037|Quartz.Core.JobRunShell|DEBUG|Trigger instruction : NoInstruction 
2023-04-20 14:52:50.7037|Quartz.Core.QuartzSchedulerThread|DEBUG|Batch acquisition of 1 triggers 
2023-04-20 14:52:55.0049|Quartz.Core.JobRunShell|DEBUG|Calling Execute on job DEFAULT.Hhmocon.Mes.Repository.QuartzJobRunner 
2023-04-20 14:52:55.0049|Quartz.Core.QuartzSchedulerThread|DEBUG|Batch acquisition of 0 triggers 
2023-04-20 14:52:56.0726|Quartz.Core.JobRunShell|DEBUG|Trigger instruction : NoInstruction 
2023-04-20 14:52:56.0726|Quartz.Core.QuartzSchedulerThread|DEBUG|Batch acquisition of 1 triggers 
2023-04-20 14:53:00.0124|Quartz.Core.QuartzSchedulerThread|DEBUG|Batch acquisition of 0 triggers 
2023-04-20 14:53:00.0164|Quartz.Core.JobRunShell|DEBUG|Calling Execute on job DEFAULT.Hhmocon.Mes.Repository.QuartzJobRunner 
2023-04-20 14:53:00.7741|Quartz.Core.JobRunShell|DEBUG|Trigger instruction : NoInstruction 
2023-04-20 14:53:00.7741|Quartz.Core.QuartzSchedulerThread|DEBUG|Batch acquisition of 1 triggers 
2023-04-20 14:53:05.0068|Quartz.Core.QuartzSchedulerThread|DEBUG|Batch acquisition of 0 triggers 
2023-04-20 14:53:05.0068|Quartz.Core.JobRunShell|DEBUG|Calling Execute on job DEFAULT.Hhmocon.Mes.Repository.QuartzJobRunner 
2023-04-20 14:53:05.9864|Quartz.Core.JobRunShell|DEBUG|Trigger instruction : NoInstruction 
2023-04-20 14:53:05.9864|Quartz.Core.QuartzSchedulerThread|DEBUG|Batch acquisition of 1 triggers 
2023-04-20 14:53:10.0064|Quartz.Core.QuartzSchedulerThread|DEBUG|Batch acquisition of 0 triggers 
2023-04-20 14:53:10.0064|Quartz.Core.JobRunShell|DEBUG|Calling Execute on job DEFAULT.Hhmocon.Mes.Repository.QuartzJobRunner 
2023-04-20 14:53:10.7585|Quartz.Core.JobRunShell|DEBUG|Trigger instruction : NoInstruction 
2023-04-20 14:53:10.7585|Quartz.Core.QuartzSchedulerThread|DEBUG|Batch acquisition of 1 triggers 
2023-04-20 14:53:15.0129|Quartz.Core.QuartzSchedulerThread|DEBUG|Batch acquisition of 0 triggers 
2023-04-20 14:53:15.0129|Quartz.Core.JobRunShell|DEBUG|Calling Execute on job DEFAULT.Hhmocon.Mes.Repository.QuartzJobRunner 
2023-04-20 14:53:15.8003|Quartz.Core.JobRunShell|DEBUG|Trigger instruction : NoInstruction 
2023-04-20 14:53:15.8003|Quartz.Core.QuartzSchedulerThread|DEBUG|Batch acquisition of 1 triggers 
2023-04-20 14:53:20.0024|Quartz.Core.QuartzSchedulerThread|DEBUG|Batch acquisition of 0 triggers 
2023-04-20 14:53:20.0024|Quartz.Core.JobRunShell|DEBUG|Calling Execute on job DEFAULT.Hhmocon.Mes.Repository.QuartzJobRunner 
2023-04-20 14:53:20.7156|Quartz.Core.JobRunShell|DEBUG|Trigger instruction : NoInstruction 
2023-04-20 14:53:20.7167|Quartz.Core.QuartzSchedulerThread|DEBUG|Batch acquisition of 1 triggers 
2023-04-20 14:53:25.0176|Quartz.Core.QuartzSchedulerThread|DEBUG|Batch acquisition of 0 triggers 
2023-04-20 14:53:25.0176|Quartz.Core.JobRunShell|DEBUG|Calling Execute on job DEFAULT.Hhmocon.Mes.Repository.QuartzJobRunner 
2023-04-20 14:53:26.0862|Quartz.Core.JobRunShell|DEBUG|Trigger instruction : NoInstruction 
2023-04-20 14:53:26.0862|Quartz.Core.QuartzSchedulerThread|DEBUG|Batch acquisition of 1 triggers 
2023-04-20 14:53:30.0085|Quartz.Core.QuartzSchedulerThread|DEBUG|Batch acquisition of 0 triggers 
2023-04-20 14:53:30.0085|Quartz.Core.JobRunShell|DEBUG|Calling Execute on job DEFAULT.Hhmocon.Mes.Repository.QuartzJobRunner 
2023-04-20 14:53:31.0717|Quartz.Core.JobRunShell|DEBUG|Trigger instruction : NoInstruction 
2023-04-20 14:53:31.0717|Quartz.Core.QuartzSchedulerThread|DEBUG|Batch acquisition of 1 triggers 
2023-04-20 14:53:35.0010|Quartz.Core.QuartzSchedulerThread|DEBUG|Batch acquisition of 0 triggers 
2023-04-20 14:53:35.0010|Quartz.Core.JobRunShell|DEBUG|Calling Execute on job DEFAULT.Hhmocon.Mes.Repository.QuartzJobRunner 
2023-04-20 14:53:35.7157|Quartz.Core.JobRunShell|DEBUG|Trigger instruction : NoInstruction 
2023-04-20 14:53:35.7174|Quartz.Core.QuartzSchedulerThread|DEBUG|Batch acquisition of 1 triggers 
2023-04-20 14:53:40.0042|Quartz.Core.QuartzSchedulerThread|DEBUG|Batch acquisition of 0 triggers 
2023-04-20 14:53:40.0042|Quartz.Core.JobRunShell|DEBUG|Calling Execute on job DEFAULT.Hhmocon.Mes.Repository.QuartzJobRunner 
2023-04-20 14:53:40.7319|Quartz.Core.JobRunShell|DEBUG|Trigger instruction : NoInstruction 
2023-04-20 14:53:40.7319|Quartz.Core.QuartzSchedulerThread|DEBUG|Batch acquisition of 1 triggers 
2023-04-20 14:53:45.0182|Quartz.Core.JobRunShell|DEBUG|Calling Execute on job DEFAULT.Hhmocon.Mes.Repository.QuartzJobRunner 
2023-04-20 14:53:45.0182|Quartz.Core.QuartzSchedulerThread|DEBUG|Batch acquisition of 0 triggers 
2023-04-20 14:53:46.0883|Quartz.Core.JobRunShell|DEBUG|Trigger instruction : NoInstruction 
2023-04-20 14:53:46.1113|Quartz.Core.QuartzSchedulerThread|DEBUG|Batch acquisition of 1 triggers 
2023-04-20 14:53:50.0135|Quartz.Core.JobRunShell|DEBUG|Calling Execute on job DEFAULT.Hhmocon.Mes.Repository.QuartzJobRunner 
2023-04-20 14:53:50.0135|Quartz.Core.QuartzSchedulerThread|DEBUG|Batch acquisition of 0 triggers 
2023-04-20 14:53:51.0699|Quartz.Core.JobRunShell|DEBUG|Trigger instruction : NoInstruction 
2023-04-20 14:53:51.0699|Quartz.Core.QuartzSchedulerThread|DEBUG|Batch acquisition of 1 triggers 
2023-04-20 14:53:55.0086|Quartz.Core.QuartzSchedulerThread|DEBUG|Batch acquisition of 0 triggers 
2023-04-20 14:53:55.0086|Quartz.Core.JobRunShell|DEBUG|Calling Execute on job DEFAULT.Hhmocon.Mes.Repository.QuartzJobRunner 
2023-04-20 14:53:56.0627|Quartz.Core.JobRunShell|DEBUG|Trigger instruction : NoInstruction 
2023-04-20 14:53:56.0627|Quartz.Core.QuartzSchedulerThread|DEBUG|Batch acquisition of 1 triggers 
2023-04-20 14:54:00.0070|Quartz.Core.QuartzSchedulerThread|DEBUG|Batch acquisition of 0 triggers 
2023-04-20 14:54:00.0070|Quartz.Core.JobRunShell|DEBUG|Calling Execute on job DEFAULT.Hhmocon.Mes.Repository.QuartzJobRunner 
2023-04-20 14:54:00.7738|Quartz.Core.JobRunShell|DEBUG|Trigger instruction : NoInstruction 
2023-04-20 14:54:00.7738|Quartz.Core.QuartzSchedulerThread|DEBUG|Batch acquisition of 1 triggers 
2023-04-20 14:54:05.0155|Quartz.Core.QuartzSchedulerThread|DEBUG|Batch acquisition of 0 triggers 
2023-04-20 14:54:05.0155|Quartz.Core.JobRunShell|DEBUG|Calling Execute on job DEFAULT.Hhmocon.Mes.Repository.QuartzJobRunner 
2023-04-20 14:54:05.7439|Quartz.Core.JobRunShell|DEBUG|Trigger instruction : NoInstruction 
2023-04-20 14:54:05.7439|Quartz.Core.QuartzSchedulerThread|DEBUG|Batch acquisition of 1 triggers 
