2023-04-12 10:03:38.7424|Quartz.Impl.StdSchedulerFactory|INFO|Default Quartz.NET properties loaded from embedded resource file 
2023-04-12 10:03:39.8092|Quartz.Simpl.TaskSchedulingThreadPool|DEBUG|TaskSchedulingThreadPool configured with max concurrency of 10 and TaskScheduler ThreadPoolTaskScheduler. 
2023-04-12 10:03:39.9555|Quartz.Core.SchedulerSignalerImpl|INFO|Initialized Scheduler Signaller of type: Quartz.Core.SchedulerSignalerImpl 
2023-04-12 10:03:39.9555|Quartz.Core.QuartzScheduler|INFO|Quartz Scheduler created 
2023-04-12 10:03:39.9608|Quartz.Core.QuartzScheduler|INFO|JobFactory set to: Autofac.Extras.Quartz.AutofacJobFactory 
2023-04-12 10:03:39.9608|Quartz.Simpl.RAMJobStore|INFO|RAMJobStore initialized. 
2023-04-12 10:03:40.1321|Quartz.Core.QuartzScheduler|INFO|Scheduler meta-data: Quartz Scheduler (v3.3.3.0) 'DefaultQuartzScheduler' with instanceId 'NON_CLUSTERED'
  Scheduler class: 'Quartz.Core.QuartzScheduler' - running locally.
  NOT STARTED.
  Currently in standby mode.
  Number of jobs executed: 0
  Using thread pool 'Quartz.Simpl.DefaultThreadPool' - with 10 threads.
  Using job-store 'Quartz.Simpl.RAMJobStore' - which does not support persistence. and is not clustered.
 
2023-04-12 10:03:40.1321|Quartz.Impl.StdSchedulerFactory|INFO|Quartz scheduler 'DefaultQuartzScheduler' initialized 
2023-04-12 10:03:40.1321|Quartz.Impl.StdSchedulerFactory|INFO|Quartz scheduler version: 3.3.3.0 
2023-04-12 10:03:40.1321|Quartz.Core.QuartzScheduler|INFO|JobFactory set to: Autofac.Extras.Quartz.AutofacJobFactory 
2023-04-12 10:03:40.3106|Quartz.Core.QuartzScheduler|INFO|Scheduler DefaultQuartzScheduler_$_NON_CLUSTERED started. 
2023-04-12 10:03:40.3221|Quartz.Core.QuartzSchedulerThread|DEBUG|Batch acquisition of 1 triggers 
2023-04-12 10:03:40.4229|Quartz.Core.QuartzSchedulerThread|DEBUG|Batch acquisition of 0 triggers 
2023-04-12 10:03:40.5722|Quartz.Core.JobRunShell|DEBUG|Calling Execute on job DEFAULT.Hhmocon.Mes.Repository.QuartzJobRunner 
2023-04-12 10:03:42.2641|Microsoft.Hosting.Lifetime|INFO|Now listening on: http://localhost:8081 
2023-04-12 10:03:42.3121|Microsoft.Hosting.Lifetime|INFO|Now listening on: http://[::]:8081 
2023-04-12 10:03:42.3121|Microsoft.Hosting.Lifetime|INFO|Application started. Press Ctrl+C to shut down. 
2023-04-12 10:03:42.3121|Microsoft.Hosting.Lifetime|INFO|Hosting environment: Development 
2023-04-12 10:03:42.3121|Microsoft.Hosting.Lifetime|INFO|Content root path: E:\Project\Hhmocon.Mes\Hhmocon.Mes.WebApi 
2023-04-12 10:03:46.2550|Quartz.Core.JobRunShell|DEBUG|Trigger instruction : NoInstruction 
2023-04-12 10:03:46.2932|Quartz.Core.QuartzSchedulerThread|DEBUG|Batch acquisition of 1 triggers 
2023-04-12 10:03:46.2932|Quartz.Core.QuartzSchedulerThread|DEBUG|Batch acquisition of 0 triggers 
2023-04-12 10:03:46.2932|Quartz.Core.JobRunShell|DEBUG|Calling Execute on job DEFAULT.Hhmocon.Mes.Repository.QuartzJobRunner 
2023-04-12 10:03:48.0071|Quartz.Core.JobRunShell|DEBUG|Trigger instruction : NoInstruction 
2023-04-12 10:03:48.0071|Quartz.Core.QuartzSchedulerThread|DEBUG|Batch acquisition of 1 triggers 
2023-04-12 10:03:50.0138|Quartz.Core.QuartzSchedulerThread|DEBUG|Batch acquisition of 0 triggers 
2023-04-12 10:03:50.0138|Quartz.Core.JobRunShell|DEBUG|Calling Execute on job DEFAULT.Hhmocon.Mes.Repository.QuartzJobRunner 
2023-04-12 10:03:51.0834|Quartz.Core.JobRunShell|DEBUG|Trigger instruction : NoInstruction 
2023-04-12 10:03:51.0845|Quartz.Core.QuartzSchedulerThread|DEBUG|Batch acquisition of 1 triggers 
2023-04-12 10:03:55.0029|Quartz.Core.QuartzSchedulerThread|DEBUG|Batch acquisition of 0 triggers 
2023-04-12 10:03:55.0029|Quartz.Core.JobRunShell|DEBUG|Calling Execute on job DEFAULT.Hhmocon.Mes.Repository.QuartzJobRunner 
2023-04-12 10:03:55.8186|Quartz.Core.JobRunShell|DEBUG|Trigger instruction : NoInstruction 
2023-04-12 10:03:55.8230|Quartz.Core.QuartzSchedulerThread|DEBUG|Batch acquisition of 1 triggers 
2023-04-12 10:04:00.0123|Quartz.Core.QuartzSchedulerThread|DEBUG|Batch acquisition of 0 triggers 
2023-04-12 10:04:00.0123|Quartz.Core.JobRunShell|DEBUG|Calling Execute on job DEFAULT.Hhmocon.Mes.Repository.QuartzJobRunner 
2023-04-12 10:04:00.9282|Quartz.Core.JobRunShell|DEBUG|Trigger instruction : NoInstruction 
2023-04-12 10:04:00.9298|Quartz.Core.QuartzSchedulerThread|DEBUG|Batch acquisition of 1 triggers 
2023-04-12 10:04:05.0109|Quartz.Core.QuartzSchedulerThread|DEBUG|Batch acquisition of 0 triggers 
2023-04-12 10:04:05.0109|Quartz.Core.JobRunShell|DEBUG|Calling Execute on job DEFAULT.Hhmocon.Mes.Repository.QuartzJobRunner 
2023-04-12 10:04:05.8458|Quartz.Core.JobRunShell|DEBUG|Trigger instruction : NoInstruction 
2023-04-12 10:04:05.8458|Quartz.Core.QuartzSchedulerThread|DEBUG|Batch acquisition of 1 triggers 
2023-04-12 10:04:10.0053|Quartz.Core.QuartzSchedulerThread|DEBUG|Batch acquisition of 0 triggers 
2023-04-12 10:04:10.0067|Quartz.Core.JobRunShell|DEBUG|Calling Execute on job DEFAULT.Hhmocon.Mes.Repository.QuartzJobRunner 
2023-04-12 10:04:10.8632|Quartz.Core.JobRunShell|DEBUG|Trigger instruction : NoInstruction 
2023-04-12 10:04:10.8632|Quartz.Core.QuartzSchedulerThread|DEBUG|Batch acquisition of 1 triggers 
2023-04-12 10:04:15.0030|Quartz.Core.QuartzSchedulerThread|DEBUG|Batch acquisition of 0 triggers 
2023-04-12 10:04:15.0030|Quartz.Core.JobRunShell|DEBUG|Calling Execute on job DEFAULT.Hhmocon.Mes.Repository.QuartzJobRunner 
2023-04-12 10:04:15.7651|Quartz.Core.JobRunShell|DEBUG|Trigger instruction : NoInstruction 
2023-04-12 10:04:15.7651|Quartz.Core.QuartzSchedulerThread|DEBUG|Batch acquisition of 1 triggers 
2023-04-12 10:04:20.0187|Quartz.Core.QuartzSchedulerThread|DEBUG|Batch acquisition of 0 triggers 
2023-04-12 10:04:20.0187|Quartz.Core.JobRunShell|DEBUG|Calling Execute on job DEFAULT.Hhmocon.Mes.Repository.QuartzJobRunner 
2023-04-12 10:04:20.9280|Quartz.Core.JobRunShell|DEBUG|Trigger instruction : NoInstruction 
2023-04-12 10:04:20.9301|Quartz.Core.QuartzSchedulerThread|DEBUG|Batch acquisition of 1 triggers 
2023-04-12 10:04:25.0094|Quartz.Core.QuartzSchedulerThread|DEBUG|Batch acquisition of 0 triggers 
2023-04-12 10:04:25.0094|Quartz.Core.JobRunShell|DEBUG|Calling Execute on job DEFAULT.Hhmocon.Mes.Repository.QuartzJobRunner 
2023-04-12 10:04:25.8140|Quartz.Core.JobRunShell|DEBUG|Trigger instruction : NoInstruction 
2023-04-12 10:04:25.8140|Quartz.Core.QuartzSchedulerThread|DEBUG|Batch acquisition of 1 triggers 
2023-04-12 10:04:30.0092|Quartz.Core.QuartzSchedulerThread|DEBUG|Batch acquisition of 0 triggers 
2023-04-12 10:04:30.0092|Quartz.Core.JobRunShell|DEBUG|Calling Execute on job DEFAULT.Hhmocon.Mes.Repository.QuartzJobRunner 
2023-04-12 10:04:30.7647|Quartz.Core.JobRunShell|DEBUG|Trigger instruction : NoInstruction 
2023-04-12 10:04:30.7647|Quartz.Core.QuartzSchedulerThread|DEBUG|Batch acquisition of 1 triggers 
2023-04-12 10:04:35.0134|Quartz.Core.QuartzSchedulerThread|DEBUG|Batch acquisition of 0 triggers 
2023-04-12 10:04:35.0134|Quartz.Core.JobRunShell|DEBUG|Calling Execute on job DEFAULT.Hhmocon.Mes.Repository.QuartzJobRunner 
2023-04-12 10:04:36.2305|Quartz.Core.JobRunShell|DEBUG|Trigger instruction : NoInstruction 
2023-04-12 10:04:36.2305|Quartz.Core.QuartzSchedulerThread|DEBUG|Batch acquisition of 1 triggers 
2023-04-12 10:04:40.0090|Quartz.Core.QuartzSchedulerThread|DEBUG|Batch acquisition of 0 triggers 
2023-04-12 10:04:40.0090|Quartz.Core.JobRunShell|DEBUG|Calling Execute on job DEFAULT.Hhmocon.Mes.Repository.QuartzJobRunner 
2023-04-12 10:04:40.9069|Quartz.Core.JobRunShell|DEBUG|Trigger instruction : NoInstruction 
2023-04-12 10:04:40.9069|Quartz.Core.QuartzSchedulerThread|DEBUG|Batch acquisition of 1 triggers 
2023-04-12 10:04:45.0019|Quartz.Core.QuartzSchedulerThread|DEBUG|Batch acquisition of 0 triggers 
2023-04-12 10:04:45.0019|Quartz.Core.JobRunShell|DEBUG|Calling Execute on job DEFAULT.Hhmocon.Mes.Repository.QuartzJobRunner 
2023-04-12 10:04:45.7828|Quartz.Core.JobRunShell|DEBUG|Trigger instruction : NoInstruction 
2023-04-12 10:04:45.7828|Quartz.Core.QuartzSchedulerThread|DEBUG|Batch acquisition of 1 triggers 
2023-04-12 10:04:50.0057|Quartz.Core.QuartzSchedulerThread|DEBUG|Batch acquisition of 0 triggers 
2023-04-12 10:04:50.0057|Quartz.Core.JobRunShell|DEBUG|Calling Execute on job DEFAULT.Hhmocon.Mes.Repository.QuartzJobRunner 
2023-04-12 10:04:50.8561|Quartz.Core.JobRunShell|DEBUG|Trigger instruction : NoInstruction 
2023-04-12 10:04:50.8561|Quartz.Core.QuartzSchedulerThread|DEBUG|Batch acquisition of 1 triggers 
2023-04-12 10:04:55.0150|Quartz.Core.QuartzSchedulerThread|DEBUG|Batch acquisition of 0 triggers 
2023-04-12 10:04:55.0150|Quartz.Core.JobRunShell|DEBUG|Calling Execute on job DEFAULT.Hhmocon.Mes.Repository.QuartzJobRunner 
2023-04-12 10:04:55.9266|Quartz.Core.JobRunShell|DEBUG|Trigger instruction : NoInstruction 
2023-04-12 10:04:55.9363|Quartz.Core.QuartzSchedulerThread|DEBUG|Batch acquisition of 1 triggers 
2023-04-12 10:05:00.0116|Quartz.Core.QuartzSchedulerThread|DEBUG|Batch acquisition of 0 triggers 
2023-04-12 10:05:00.0691|Quartz.Core.JobRunShell|DEBUG|Calling Execute on job DEFAULT.Hhmocon.Mes.Repository.QuartzJobRunner 
2023-04-12 10:05:01.1284|Quartz.Core.JobRunShell|DEBUG|Trigger instruction : NoInstruction 
2023-04-12 10:05:01.1284|Quartz.Core.QuartzSchedulerThread|DEBUG|Batch acquisition of 1 triggers 
2023-04-12 10:05:05.0144|Quartz.Core.QuartzSchedulerThread|DEBUG|Batch acquisition of 0 triggers 
2023-04-12 10:05:05.0144|Quartz.Core.JobRunShell|DEBUG|Calling Execute on job DEFAULT.Hhmocon.Mes.Repository.QuartzJobRunner 
2023-04-12 10:05:05.7341|Quartz.Core.JobRunShell|DEBUG|Trigger instruction : NoInstruction 
2023-04-12 10:05:05.7341|Quartz.Core.QuartzSchedulerThread|DEBUG|Batch acquisition of 1 triggers 
2023-04-12 10:05:10.0134|Quartz.Core.QuartzSchedulerThread|DEBUG|Batch acquisition of 0 triggers 
2023-04-12 10:05:10.0134|Quartz.Core.JobRunShell|DEBUG|Calling Execute on job DEFAULT.Hhmocon.Mes.Repository.QuartzJobRunner 
2023-04-12 10:05:10.8058|Quartz.Core.JobRunShell|DEBUG|Trigger instruction : NoInstruction 
2023-04-12 10:05:10.8058|Quartz.Core.QuartzSchedulerThread|DEBUG|Batch acquisition of 1 triggers 
2023-04-12 10:05:15.0036|Quartz.Core.QuartzSchedulerThread|DEBUG|Batch acquisition of 0 triggers 
2023-04-12 10:05:15.0036|Quartz.Core.JobRunShell|DEBUG|Calling Execute on job DEFAULT.Hhmocon.Mes.Repository.QuartzJobRunner 
2023-04-12 10:05:15.9431|Quartz.Core.JobRunShell|DEBUG|Trigger instruction : NoInstruction 
2023-04-12 10:05:15.9451|Quartz.Core.QuartzSchedulerThread|DEBUG|Batch acquisition of 1 triggers 
2023-04-12 10:05:20.0118|Quartz.Core.QuartzSchedulerThread|DEBUG|Batch acquisition of 0 triggers 
2023-04-12 10:05:20.0118|Quartz.Core.JobRunShell|DEBUG|Calling Execute on job DEFAULT.Hhmocon.Mes.Repository.QuartzJobRunner 
2023-04-12 10:05:20.8754|Quartz.Core.JobRunShell|DEBUG|Trigger instruction : NoInstruction 
2023-04-12 10:05:20.8754|Quartz.Core.QuartzSchedulerThread|DEBUG|Batch acquisition of 1 triggers 
2023-04-12 10:05:25.0090|Quartz.Core.QuartzSchedulerThread|DEBUG|Batch acquisition of 0 triggers 
2023-04-12 10:05:25.0090|Quartz.Core.JobRunShell|DEBUG|Calling Execute on job DEFAULT.Hhmocon.Mes.Repository.QuartzJobRunner 
2023-04-12 10:05:25.8184|Quartz.Core.JobRunShell|DEBUG|Trigger instruction : NoInstruction 
2023-04-12 10:05:25.8202|Quartz.Core.QuartzSchedulerThread|DEBUG|Batch acquisition of 1 triggers 
2023-04-12 10:05:30.0238|Quartz.Core.QuartzSchedulerThread|DEBUG|Batch acquisition of 0 triggers 
2023-04-12 10:05:30.0238|Quartz.Core.JobRunShell|DEBUG|Calling Execute on job DEFAULT.Hhmocon.Mes.Repository.QuartzJobRunner 
2023-04-12 10:05:30.9904|Quartz.Core.JobRunShell|DEBUG|Trigger instruction : NoInstruction 
2023-04-12 10:05:30.9926|Quartz.Core.QuartzSchedulerThread|DEBUG|Batch acquisition of 1 triggers 
2023-04-12 10:05:35.0051|Quartz.Core.JobRunShell|DEBUG|Calling Execute on job DEFAULT.Hhmocon.Mes.Repository.QuartzJobRunner 
2023-04-12 10:05:35.0051|Quartz.Core.QuartzSchedulerThread|DEBUG|Batch acquisition of 0 triggers 
2023-04-12 10:05:36.1226|Quartz.Core.JobRunShell|DEBUG|Trigger instruction : NoInstruction 
2023-04-12 10:05:36.1226|Quartz.Core.QuartzSchedulerThread|DEBUG|Batch acquisition of 1 triggers 
2023-04-12 10:05:40.0176|Quartz.Core.QuartzSchedulerThread|DEBUG|Batch acquisition of 0 triggers 
2023-04-12 10:05:40.0176|Quartz.Core.JobRunShell|DEBUG|Calling Execute on job DEFAULT.Hhmocon.Mes.Repository.QuartzJobRunner 
2023-04-12 10:05:40.9730|Quartz.Core.JobRunShell|DEBUG|Trigger instruction : NoInstruction 
2023-04-12 10:05:40.9730|Quartz.Core.QuartzSchedulerThread|DEBUG|Batch acquisition of 1 triggers 
2023-04-12 10:05:45.0145|Quartz.Core.QuartzSchedulerThread|DEBUG|Batch acquisition of 0 triggers 
2023-04-12 10:05:45.0145|Quartz.Core.JobRunShell|DEBUG|Calling Execute on job DEFAULT.Hhmocon.Mes.Repository.QuartzJobRunner 
2023-04-12 10:05:45.7915|Quartz.Core.JobRunShell|DEBUG|Trigger instruction : NoInstruction 
2023-04-12 10:05:45.7915|Quartz.Core.QuartzSchedulerThread|DEBUG|Batch acquisition of 1 triggers 
2023-04-12 10:05:50.0046|Quartz.Core.QuartzSchedulerThread|DEBUG|Batch acquisition of 0 triggers 
2023-04-12 10:05:50.0080|Quartz.Core.JobRunShell|DEBUG|Calling Execute on job DEFAULT.Hhmocon.Mes.Repository.QuartzJobRunner 
2023-04-12 10:05:50.9239|Quartz.Core.JobRunShell|DEBUG|Trigger instruction : NoInstruction 
2023-04-12 10:05:50.9239|Quartz.Core.QuartzSchedulerThread|DEBUG|Batch acquisition of 1 triggers 
2023-04-12 10:05:55.0065|Quartz.Core.QuartzSchedulerThread|DEBUG|Batch acquisition of 0 triggers 
2023-04-12 10:05:55.0076|Quartz.Core.JobRunShell|DEBUG|Calling Execute on job DEFAULT.Hhmocon.Mes.Repository.QuartzJobRunner 
2023-04-12 10:05:55.8448|Quartz.Core.JobRunShell|DEBUG|Trigger instruction : NoInstruction 
2023-04-12 10:05:55.8448|Quartz.Core.QuartzSchedulerThread|DEBUG|Batch acquisition of 1 triggers 
2023-04-12 10:06:00.0167|Quartz.Core.QuartzSchedulerThread|DEBUG|Batch acquisition of 0 triggers 
2023-04-12 10:06:00.0167|Quartz.Core.JobRunShell|DEBUG|Calling Execute on job DEFAULT.Hhmocon.Mes.Repository.QuartzJobRunner 
2023-04-12 10:06:00.8839|Quartz.Core.JobRunShell|DEBUG|Trigger instruction : NoInstruction 
2023-04-12 10:06:00.8839|Quartz.Core.QuartzSchedulerThread|DEBUG|Batch acquisition of 1 triggers 
2023-04-12 10:06:05.0108|Quartz.Core.QuartzSchedulerThread|DEBUG|Batch acquisition of 0 triggers 
2023-04-12 10:06:05.0108|Quartz.Core.JobRunShell|DEBUG|Calling Execute on job DEFAULT.Hhmocon.Mes.Repository.QuartzJobRunner 
2023-04-12 10:06:05.8662|Quartz.Core.JobRunShell|DEBUG|Trigger instruction : NoInstruction 
2023-04-12 10:06:05.8662|Quartz.Core.QuartzSchedulerThread|DEBUG|Batch acquisition of 1 triggers 
2023-04-12 10:06:10.0117|Quartz.Core.QuartzSchedulerThread|DEBUG|Batch acquisition of 0 triggers 
2023-04-12 10:06:10.0117|Quartz.Core.JobRunShell|DEBUG|Calling Execute on job DEFAULT.Hhmocon.Mes.Repository.QuartzJobRunner 
2023-04-12 10:06:10.9949|Quartz.Core.JobRunShell|DEBUG|Trigger instruction : NoInstruction 
2023-04-12 10:06:10.9949|Quartz.Core.QuartzSchedulerThread|DEBUG|Batch acquisition of 1 triggers 
2023-04-12 10:06:15.0035|Quartz.Core.QuartzSchedulerThread|DEBUG|Batch acquisition of 0 triggers 
2023-04-12 10:06:15.0035|Quartz.Core.JobRunShell|DEBUG|Calling Execute on job DEFAULT.Hhmocon.Mes.Repository.QuartzJobRunner 
2023-04-12 10:06:15.7875|Quartz.Core.JobRunShell|DEBUG|Trigger instruction : NoInstruction 
2023-04-12 10:06:15.7887|Quartz.Core.QuartzSchedulerThread|DEBUG|Batch acquisition of 1 triggers 
2023-04-12 10:06:20.0138|Quartz.Core.QuartzSchedulerThread|DEBUG|Batch acquisition of 0 triggers 
2023-04-12 10:06:20.0138|Quartz.Core.JobRunShell|DEBUG|Calling Execute on job DEFAULT.Hhmocon.Mes.Repository.QuartzJobRunner 
2023-04-12 10:06:20.8691|Quartz.Core.JobRunShell|DEBUG|Trigger instruction : NoInstruction 
2023-04-12 10:06:20.8691|Quartz.Core.QuartzSchedulerThread|DEBUG|Batch acquisition of 1 triggers 
2023-04-12 10:06:25.0010|Quartz.Core.QuartzSchedulerThread|DEBUG|Batch acquisition of 0 triggers 
2023-04-12 10:06:25.0010|Quartz.Core.JobRunShell|DEBUG|Calling Execute on job DEFAULT.Hhmocon.Mes.Repository.QuartzJobRunner 
2023-04-12 10:06:25.8395|Quartz.Core.JobRunShell|DEBUG|Trigger instruction : NoInstruction 
2023-04-12 10:06:25.8395|Quartz.Core.QuartzSchedulerThread|DEBUG|Batch acquisition of 1 triggers 
2023-04-12 10:06:30.0051|Quartz.Core.QuartzSchedulerThread|DEBUG|Batch acquisition of 0 triggers 
2023-04-12 10:06:30.0051|Quartz.Core.JobRunShell|DEBUG|Calling Execute on job DEFAULT.Hhmocon.Mes.Repository.QuartzJobRunner 
2023-04-12 10:06:30.8002|Quartz.Core.JobRunShell|DEBUG|Trigger instruction : NoInstruction 
2023-04-12 10:06:30.8002|Quartz.Core.QuartzSchedulerThread|DEBUG|Batch acquisition of 1 triggers 
2023-04-12 10:06:35.0104|Quartz.Core.QuartzSchedulerThread|DEBUG|Batch acquisition of 0 triggers 
2023-04-12 10:06:35.0104|Quartz.Core.JobRunShell|DEBUG|Calling Execute on job DEFAULT.Hhmocon.Mes.Repository.QuartzJobRunner 
2023-04-12 10:06:35.7732|Quartz.Core.JobRunShell|DEBUG|Trigger instruction : NoInstruction 
2023-04-12 10:06:35.7732|Quartz.Core.QuartzSchedulerThread|DEBUG|Batch acquisition of 1 triggers 
2023-04-12 10:06:40.0097|Quartz.Core.QuartzSchedulerThread|DEBUG|Batch acquisition of 0 triggers 
2023-04-12 10:06:40.0097|Quartz.Core.JobRunShell|DEBUG|Calling Execute on job DEFAULT.Hhmocon.Mes.Repository.QuartzJobRunner 
2023-04-12 10:06:40.8516|Quartz.Core.JobRunShell|DEBUG|Trigger instruction : NoInstruction 
2023-04-12 10:06:40.8516|Quartz.Core.QuartzSchedulerThread|DEBUG|Batch acquisition of 1 triggers 
2023-04-12 10:06:45.0274|Quartz.Core.QuartzSchedulerThread|DEBUG|Batch acquisition of 0 triggers 
2023-04-12 10:06:45.0274|Quartz.Core.JobRunShell|DEBUG|Calling Execute on job DEFAULT.Hhmocon.Mes.Repository.QuartzJobRunner 
2023-04-12 10:06:45.8110|Quartz.Core.JobRunShell|DEBUG|Trigger instruction : NoInstruction 
2023-04-12 10:06:45.8110|Quartz.Core.QuartzSchedulerThread|DEBUG|Batch acquisition of 1 triggers 
2023-04-12 10:06:50.0055|Quartz.Core.QuartzSchedulerThread|DEBUG|Batch acquisition of 0 triggers 
2023-04-12 10:06:50.0055|Quartz.Core.JobRunShell|DEBUG|Calling Execute on job DEFAULT.Hhmocon.Mes.Repository.QuartzJobRunner 
2023-04-12 10:06:50.8699|Quartz.Core.JobRunShell|DEBUG|Trigger instruction : NoInstruction 
2023-04-12 10:06:50.8699|Quartz.Core.QuartzSchedulerThread|DEBUG|Batch acquisition of 1 triggers 
2023-04-12 10:06:55.0039|Quartz.Core.QuartzSchedulerThread|DEBUG|Batch acquisition of 0 triggers 
2023-04-12 10:06:55.0039|Quartz.Core.JobRunShell|DEBUG|Calling Execute on job DEFAULT.Hhmocon.Mes.Repository.QuartzJobRunner 
2023-04-12 10:06:55.7946|Quartz.Core.JobRunShell|DEBUG|Trigger instruction : NoInstruction 
2023-04-12 10:06:55.7946|Quartz.Core.QuartzSchedulerThread|DEBUG|Batch acquisition of 1 triggers 
2023-04-12 10:07:00.0122|Quartz.Core.QuartzSchedulerThread|DEBUG|Batch acquisition of 0 triggers 
2023-04-12 10:07:00.0122|Quartz.Core.JobRunShell|DEBUG|Calling Execute on job DEFAULT.Hhmocon.Mes.Repository.QuartzJobRunner 
2023-04-12 10:07:00.8554|Quartz.Core.JobRunShell|DEBUG|Trigger instruction : NoInstruction 
2023-04-12 10:07:00.8554|Quartz.Core.QuartzSchedulerThread|DEBUG|Batch acquisition of 1 triggers 
2023-04-12 10:07:05.0135|Quartz.Core.QuartzSchedulerThread|DEBUG|Batch acquisition of 0 triggers 
2023-04-12 10:07:05.0135|Quartz.Core.JobRunShell|DEBUG|Calling Execute on job DEFAULT.Hhmocon.Mes.Repository.QuartzJobRunner 
2023-04-12 10:07:05.9358|Quartz.Core.JobRunShell|DEBUG|Trigger instruction : NoInstruction 
2023-04-12 10:07:05.9358|Quartz.Core.QuartzSchedulerThread|DEBUG|Batch acquisition of 1 triggers 
2023-04-12 10:07:10.0139|Quartz.Core.QuartzSchedulerThread|DEBUG|Batch acquisition of 0 triggers 
2023-04-12 10:07:10.0139|Quartz.Core.JobRunShell|DEBUG|Calling Execute on job DEFAULT.Hhmocon.Mes.Repository.QuartzJobRunner 
2023-04-12 10:07:10.9014|Quartz.Core.JobRunShell|DEBUG|Trigger instruction : NoInstruction 
2023-04-12 10:07:10.9014|Quartz.Core.QuartzSchedulerThread|DEBUG|Batch acquisition of 1 triggers 
2023-04-12 10:07:15.0187|Quartz.Core.QuartzSchedulerThread|DEBUG|Batch acquisition of 0 triggers 
2023-04-12 10:07:15.0187|Quartz.Core.JobRunShell|DEBUG|Calling Execute on job DEFAULT.Hhmocon.Mes.Repository.QuartzJobRunner 
2023-04-12 10:07:16.3155|Quartz.Core.JobRunShell|DEBUG|Trigger instruction : NoInstruction 
2023-04-12 10:07:16.3155|Quartz.Core.QuartzSchedulerThread|DEBUG|Batch acquisition of 1 triggers 
2023-04-12 10:07:20.0033|Quartz.Core.QuartzSchedulerThread|DEBUG|Batch acquisition of 0 triggers 
2023-04-12 10:07:20.0033|Quartz.Core.JobRunShell|DEBUG|Calling Execute on job DEFAULT.Hhmocon.Mes.Repository.QuartzJobRunner 
2023-04-12 10:07:20.8437|Quartz.Core.JobRunShell|DEBUG|Trigger instruction : NoInstruction 
2023-04-12 10:07:20.8437|Quartz.Core.QuartzSchedulerThread|DEBUG|Batch acquisition of 1 triggers 
2023-04-12 10:07:25.0097|Quartz.Core.QuartzSchedulerThread|DEBUG|Batch acquisition of 0 triggers 
2023-04-12 10:07:25.0097|Quartz.Core.JobRunShell|DEBUG|Calling Execute on job DEFAULT.Hhmocon.Mes.Repository.QuartzJobRunner 
2023-04-12 10:07:26.2046|Quartz.Core.JobRunShell|DEBUG|Trigger instruction : NoInstruction 
2023-04-12 10:07:26.2046|Quartz.Core.QuartzSchedulerThread|DEBUG|Batch acquisition of 1 triggers 
2023-04-12 10:07:30.0044|Quartz.Core.QuartzSchedulerThread|DEBUG|Batch acquisition of 0 triggers 
2023-04-12 10:07:30.0044|Quartz.Core.JobRunShell|DEBUG|Calling Execute on job DEFAULT.Hhmocon.Mes.Repository.QuartzJobRunner 
2023-04-12 10:07:30.8149|Quartz.Core.JobRunShell|DEBUG|Trigger instruction : NoInstruction 
2023-04-12 10:07:30.8149|Quartz.Core.QuartzSchedulerThread|DEBUG|Batch acquisition of 1 triggers 
2023-04-12 10:07:35.0074|Quartz.Core.QuartzSchedulerThread|DEBUG|Batch acquisition of 0 triggers 
2023-04-12 10:07:35.0074|Quartz.Core.JobRunShell|DEBUG|Calling Execute on job DEFAULT.Hhmocon.Mes.Repository.QuartzJobRunner 
2023-04-12 10:07:35.8829|Quartz.Core.JobRunShell|DEBUG|Trigger instruction : NoInstruction 
2023-04-12 10:07:35.8829|Quartz.Core.QuartzSchedulerThread|DEBUG|Batch acquisition of 1 triggers 
2023-04-12 10:07:40.0075|Quartz.Core.QuartzSchedulerThread|DEBUG|Batch acquisition of 0 triggers 
2023-04-12 10:07:40.0075|Quartz.Core.JobRunShell|DEBUG|Calling Execute on job DEFAULT.Hhmocon.Mes.Repository.QuartzJobRunner 
2023-04-12 10:07:40.8688|Quartz.Core.JobRunShell|DEBUG|Trigger instruction : NoInstruction 
2023-04-12 10:07:40.8688|Quartz.Core.QuartzSchedulerThread|DEBUG|Batch acquisition of 1 triggers 
2023-04-12 10:07:45.0044|Quartz.Core.QuartzSchedulerThread|DEBUG|Batch acquisition of 0 triggers 
2023-04-12 10:07:45.0044|Quartz.Core.JobRunShell|DEBUG|Calling Execute on job DEFAULT.Hhmocon.Mes.Repository.QuartzJobRunner 
2023-04-12 10:07:45.8729|Quartz.Core.JobRunShell|DEBUG|Trigger instruction : NoInstruction 
2023-04-12 10:07:45.8729|Quartz.Core.QuartzSchedulerThread|DEBUG|Batch acquisition of 1 triggers 
2023-04-12 10:07:50.0094|Quartz.Core.QuartzSchedulerThread|DEBUG|Batch acquisition of 0 triggers 
2023-04-12 10:07:50.0094|Quartz.Core.JobRunShell|DEBUG|Calling Execute on job DEFAULT.Hhmocon.Mes.Repository.QuartzJobRunner 
2023-04-12 10:07:50.8370|Quartz.Core.JobRunShell|DEBUG|Trigger instruction : NoInstruction 
2023-04-12 10:07:50.8370|Quartz.Core.QuartzSchedulerThread|DEBUG|Batch acquisition of 1 triggers 
2023-04-12 10:07:55.0047|Quartz.Core.QuartzSchedulerThread|DEBUG|Batch acquisition of 0 triggers 
2023-04-12 10:07:55.0064|Quartz.Core.JobRunShell|DEBUG|Calling Execute on job DEFAULT.Hhmocon.Mes.Repository.QuartzJobRunner 
2023-04-12 10:07:55.9385|Quartz.Core.JobRunShell|DEBUG|Trigger instruction : NoInstruction 
2023-04-12 10:07:55.9385|Quartz.Core.QuartzSchedulerThread|DEBUG|Batch acquisition of 1 triggers 
2023-04-12 10:08:00.0198|Quartz.Core.QuartzSchedulerThread|DEBUG|Batch acquisition of 0 triggers 
2023-04-12 10:08:00.0275|Quartz.Core.JobRunShell|DEBUG|Calling Execute on job DEFAULT.Hhmocon.Mes.Repository.QuartzJobRunner 
2023-04-12 10:08:00.8734|Quartz.Core.JobRunShell|DEBUG|Trigger instruction : NoInstruction 
2023-04-12 10:08:00.8734|Quartz.Core.QuartzSchedulerThread|DEBUG|Batch acquisition of 1 triggers 
2023-04-12 10:08:05.0283|Quartz.Core.QuartzSchedulerThread|DEBUG|Batch acquisition of 0 triggers 
2023-04-12 10:08:05.0384|Quartz.Core.JobRunShell|DEBUG|Calling Execute on job DEFAULT.Hhmocon.Mes.Repository.QuartzJobRunner 
2023-04-12 10:08:06.2062|Quartz.Core.JobRunShell|DEBUG|Trigger instruction : NoInstruction 
2023-04-12 10:08:06.2166|Quartz.Core.QuartzSchedulerThread|DEBUG|Batch acquisition of 1 triggers 
2023-04-12 10:08:10.0119|Quartz.Core.QuartzSchedulerThread|DEBUG|Batch acquisition of 0 triggers 
2023-04-12 10:08:10.0119|Quartz.Core.JobRunShell|DEBUG|Calling Execute on job DEFAULT.Hhmocon.Mes.Repository.QuartzJobRunner 
2023-04-12 10:08:11.1254|Quartz.Core.JobRunShell|DEBUG|Trigger instruction : NoInstruction 
2023-04-12 10:08:11.1254|Quartz.Core.QuartzSchedulerThread|DEBUG|Batch acquisition of 1 triggers 
2023-04-12 10:08:15.0076|Quartz.Core.QuartzSchedulerThread|DEBUG|Batch acquisition of 0 triggers 
2023-04-12 10:08:15.0076|Quartz.Core.JobRunShell|DEBUG|Calling Execute on job DEFAULT.Hhmocon.Mes.Repository.QuartzJobRunner 
2023-04-12 10:08:15.9320|Quartz.Core.JobRunShell|DEBUG|Trigger instruction : NoInstruction 
2023-04-12 10:08:15.9320|Quartz.Core.QuartzSchedulerThread|DEBUG|Batch acquisition of 1 triggers 
2023-04-12 10:08:20.0127|Quartz.Core.QuartzSchedulerThread|DEBUG|Batch acquisition of 0 triggers 
2023-04-12 10:08:20.0127|Quartz.Core.JobRunShell|DEBUG|Calling Execute on job DEFAULT.Hhmocon.Mes.Repository.QuartzJobRunner 
2023-04-12 10:08:20.8860|Quartz.Core.JobRunShell|DEBUG|Trigger instruction : NoInstruction 
2023-04-12 10:08:20.8860|Quartz.Core.QuartzSchedulerThread|DEBUG|Batch acquisition of 1 triggers 
2023-04-12 10:08:25.0151|Quartz.Core.QuartzSchedulerThread|DEBUG|Batch acquisition of 0 triggers 
2023-04-12 10:08:25.0151|Quartz.Core.JobRunShell|DEBUG|Calling Execute on job DEFAULT.Hhmocon.Mes.Repository.QuartzJobRunner 
2023-04-12 10:08:26.0685|Quartz.Core.JobRunShell|DEBUG|Trigger instruction : NoInstruction 
2023-04-12 10:08:26.0708|Quartz.Core.QuartzSchedulerThread|DEBUG|Batch acquisition of 1 triggers 
2023-04-12 10:08:30.0133|Quartz.Core.QuartzSchedulerThread|DEBUG|Batch acquisition of 0 triggers 
2023-04-12 10:08:30.0133|Quartz.Core.JobRunShell|DEBUG|Calling Execute on job DEFAULT.Hhmocon.Mes.Repository.QuartzJobRunner 
2023-04-12 10:08:30.8304|Quartz.Core.JobRunShell|DEBUG|Trigger instruction : NoInstruction 
2023-04-12 10:08:30.8304|Quartz.Core.QuartzSchedulerThread|DEBUG|Batch acquisition of 1 triggers 
2023-04-12 10:08:35.0002|Quartz.Core.QuartzSchedulerThread|DEBUG|Batch acquisition of 0 triggers 
2023-04-12 10:08:35.0002|Quartz.Core.JobRunShell|DEBUG|Calling Execute on job DEFAULT.Hhmocon.Mes.Repository.QuartzJobRunner 
2023-04-12 10:08:35.9274|Quartz.Core.JobRunShell|DEBUG|Trigger instruction : NoInstruction 
2023-04-12 10:08:35.9286|Quartz.Core.QuartzSchedulerThread|DEBUG|Batch acquisition of 1 triggers 
2023-04-12 10:08:40.0076|Quartz.Core.QuartzSchedulerThread|DEBUG|Batch acquisition of 0 triggers 
2023-04-12 10:08:40.0076|Quartz.Core.JobRunShell|DEBUG|Calling Execute on job DEFAULT.Hhmocon.Mes.Repository.QuartzJobRunner 
2023-04-12 10:08:40.7638|Quartz.Core.JobRunShell|DEBUG|Trigger instruction : NoInstruction 
2023-04-12 10:08:40.7638|Quartz.Core.QuartzSchedulerThread|DEBUG|Batch acquisition of 1 triggers 
2023-04-12 10:08:45.0034|Quartz.Core.QuartzSchedulerThread|DEBUG|Batch acquisition of 0 triggers 
2023-04-12 10:08:45.0034|Quartz.Core.JobRunShell|DEBUG|Calling Execute on job DEFAULT.Hhmocon.Mes.Repository.QuartzJobRunner 
2023-04-12 10:08:45.7950|Quartz.Core.JobRunShell|DEBUG|Trigger instruction : NoInstruction 
2023-04-12 10:08:45.7950|Quartz.Core.QuartzSchedulerThread|DEBUG|Batch acquisition of 1 triggers 
2023-04-12 10:08:50.0122|Quartz.Core.QuartzSchedulerThread|DEBUG|Batch acquisition of 0 triggers 
2023-04-12 10:08:50.0122|Quartz.Core.JobRunShell|DEBUG|Calling Execute on job DEFAULT.Hhmocon.Mes.Repository.QuartzJobRunner 
2023-04-12 10:08:50.9177|Quartz.Core.JobRunShell|DEBUG|Trigger instruction : NoInstruction 
2023-04-12 10:08:50.9177|Quartz.Core.QuartzSchedulerThread|DEBUG|Batch acquisition of 1 triggers 
2023-04-12 10:08:55.0117|Quartz.Core.QuartzSchedulerThread|DEBUG|Batch acquisition of 0 triggers 
2023-04-12 10:08:55.0117|Quartz.Core.JobRunShell|DEBUG|Calling Execute on job DEFAULT.Hhmocon.Mes.Repository.QuartzJobRunner 
2023-04-12 10:08:56.3366|Quartz.Core.JobRunShell|DEBUG|Trigger instruction : NoInstruction 
2023-04-12 10:08:56.3366|Quartz.Core.QuartzSchedulerThread|DEBUG|Batch acquisition of 1 triggers 
2023-04-12 10:09:00.0105|Quartz.Core.QuartzSchedulerThread|DEBUG|Batch acquisition of 0 triggers 
2023-04-12 10:09:00.0105|Quartz.Core.JobRunShell|DEBUG|Calling Execute on job DEFAULT.Hhmocon.Mes.Repository.QuartzJobRunner 
2023-04-12 10:09:01.0056|Quartz.Core.JobRunShell|DEBUG|Trigger instruction : NoInstruction 
2023-04-12 10:09:01.0075|Quartz.Core.QuartzSchedulerThread|DEBUG|Batch acquisition of 1 triggers 
2023-04-12 10:09:05.0037|Quartz.Core.QuartzSchedulerThread|DEBUG|Batch acquisition of 0 triggers 
2023-04-12 10:09:05.0037|Quartz.Core.JobRunShell|DEBUG|Calling Execute on job DEFAULT.Hhmocon.Mes.Repository.QuartzJobRunner 
2023-04-12 10:09:05.8980|Quartz.Core.JobRunShell|DEBUG|Trigger instruction : NoInstruction 
2023-04-12 10:09:05.8980|Quartz.Core.QuartzSchedulerThread|DEBUG|Batch acquisition of 1 triggers 
2023-04-12 10:09:10.0054|Quartz.Core.QuartzSchedulerThread|DEBUG|Batch acquisition of 0 triggers 
2023-04-12 10:09:10.0054|Quartz.Core.JobRunShell|DEBUG|Calling Execute on job DEFAULT.Hhmocon.Mes.Repository.QuartzJobRunner 
2023-04-12 10:09:11.0106|Quartz.Core.JobRunShell|DEBUG|Trigger instruction : NoInstruction 
2023-04-12 10:09:11.0106|Quartz.Core.QuartzSchedulerThread|DEBUG|Batch acquisition of 1 triggers 
2023-04-12 10:09:15.0024|Quartz.Core.JobRunShell|DEBUG|Calling Execute on job DEFAULT.Hhmocon.Mes.Repository.QuartzJobRunner 
2023-04-12 10:09:15.0024|Quartz.Core.QuartzSchedulerThread|DEBUG|Batch acquisition of 0 triggers 
2023-04-12 10:09:15.8881|Quartz.Core.JobRunShell|DEBUG|Trigger instruction : NoInstruction 
2023-04-12 10:09:15.8881|Quartz.Core.QuartzSchedulerThread|DEBUG|Batch acquisition of 1 triggers 
2023-04-12 10:09:37.8833|Quartz.Core.QuartzSchedulerThread|DEBUG|Batch acquisition of 0 triggers 
2023-04-12 10:09:37.8833|Quartz.Core.JobRunShell|DEBUG|Calling Execute on job DEFAULT.Hhmocon.Mes.Repository.QuartzJobRunner 
2023-04-12 10:09:38.8597|Quartz.Core.JobRunShell|DEBUG|Trigger instruction : NoInstruction 
2023-04-12 10:09:38.8657|Quartz.Core.QuartzSchedulerThread|DEBUG|Batch acquisition of 1 triggers 
2023-04-12 10:09:38.8657|Quartz.Core.QuartzSchedulerThread|DEBUG|Batch acquisition of 0 triggers 
2023-04-12 10:09:38.8657|Quartz.Core.JobRunShell|DEBUG|Calling Execute on job DEFAULT.Hhmocon.Mes.Repository.QuartzJobRunner 
2023-04-12 10:09:39.7564|Quartz.Core.JobRunShell|DEBUG|Trigger instruction : NoInstruction 
2023-04-12 10:09:39.7564|Quartz.Core.QuartzSchedulerThread|DEBUG|Batch acquisition of 1 triggers 
2023-04-12 10:09:39.7564|Quartz.Core.QuartzSchedulerThread|DEBUG|Batch acquisition of 0 triggers 
2023-04-12 10:09:39.7564|Quartz.Core.JobRunShell|DEBUG|Calling Execute on job DEFAULT.Hhmocon.Mes.Repository.QuartzJobRunner 
2023-04-12 10:09:40.6224|Quartz.Core.JobRunShell|DEBUG|Trigger instruction : NoInstruction 
2023-04-12 10:09:40.6224|Quartz.Core.QuartzSchedulerThread|DEBUG|Batch acquisition of 1 triggers 
2023-04-12 10:09:40.6224|Quartz.Core.QuartzSchedulerThread|DEBUG|Batch acquisition of 0 triggers 
2023-04-12 10:09:40.6224|Quartz.Core.JobRunShell|DEBUG|Calling Execute on job DEFAULT.Hhmocon.Mes.Repository.QuartzJobRunner 
2023-04-12 10:09:41.4442|Quartz.Core.JobRunShell|DEBUG|Trigger instruction : NoInstruction 
2023-04-12 10:09:41.4442|Quartz.Core.QuartzSchedulerThread|DEBUG|Batch acquisition of 1 triggers 
2023-04-12 10:09:41.4442|Quartz.Core.QuartzSchedulerThread|DEBUG|Batch acquisition of 0 triggers 
2023-04-12 10:09:41.4442|Quartz.Core.JobRunShell|DEBUG|Calling Execute on job DEFAULT.Hhmocon.Mes.Repository.QuartzJobRunner 
2023-04-12 10:09:42.2702|Quartz.Core.JobRunShell|DEBUG|Trigger instruction : NoInstruction 
2023-04-12 10:09:42.2702|Quartz.Core.QuartzSchedulerThread|DEBUG|Batch acquisition of 1 triggers 
2023-04-12 10:09:45.0122|Quartz.Core.JobRunShell|DEBUG|Calling Execute on job DEFAULT.Hhmocon.Mes.Repository.QuartzJobRunner 
2023-04-12 10:09:45.0122|Quartz.Core.QuartzSchedulerThread|DEBUG|Batch acquisition of 0 triggers 
2023-04-12 10:09:46.3363|Quartz.Core.JobRunShell|DEBUG|Trigger instruction : NoInstruction 
2023-04-12 10:09:46.3363|Quartz.Core.QuartzSchedulerThread|DEBUG|Batch acquisition of 1 triggers 
2023-04-12 10:09:50.0083|Quartz.Core.QuartzSchedulerThread|DEBUG|Batch acquisition of 0 triggers 
2023-04-12 10:09:50.0083|Quartz.Core.JobRunShell|DEBUG|Calling Execute on job DEFAULT.Hhmocon.Mes.Repository.QuartzJobRunner 
2023-04-12 10:09:51.7871|Quartz.Core.JobRunShell|DEBUG|Trigger instruction : NoInstruction 
2023-04-12 10:09:51.7897|Quartz.Core.QuartzSchedulerThread|DEBUG|Batch acquisition of 1 triggers 
2023-04-12 10:09:55.0173|Quartz.Core.QuartzSchedulerThread|DEBUG|Batch acquisition of 0 triggers 
2023-04-12 10:09:55.0266|Quartz.Core.JobRunShell|DEBUG|Calling Execute on job DEFAULT.Hhmocon.Mes.Repository.QuartzJobRunner 
2023-04-12 10:09:56.2699|Quartz.Core.JobRunShell|DEBUG|Trigger instruction : NoInstruction 
2023-04-12 10:09:56.2699|Quartz.Core.QuartzSchedulerThread|DEBUG|Batch acquisition of 1 triggers 
2023-04-12 10:10:00.0122|Quartz.Core.QuartzSchedulerThread|DEBUG|Batch acquisition of 0 triggers 
2023-04-12 10:10:00.0122|Quartz.Core.JobRunShell|DEBUG|Calling Execute on job DEFAULT.Hhmocon.Mes.Repository.QuartzJobRunner 
2023-04-12 10:10:01.2057|Quartz.Core.JobRunShell|DEBUG|Trigger instruction : NoInstruction 
2023-04-12 10:10:01.2057|Quartz.Core.QuartzSchedulerThread|DEBUG|Batch acquisition of 1 triggers 
2023-04-12 10:10:05.0066|Quartz.Core.QuartzSchedulerThread|DEBUG|Batch acquisition of 0 triggers 
2023-04-12 10:10:05.0066|Quartz.Core.JobRunShell|DEBUG|Calling Execute on job DEFAULT.Hhmocon.Mes.Repository.QuartzJobRunner 
2023-04-12 10:10:06.4831|Quartz.Core.JobRunShell|DEBUG|Trigger instruction : NoInstruction 
2023-04-12 10:10:06.4831|Quartz.Core.QuartzSchedulerThread|DEBUG|Batch acquisition of 1 triggers 
2023-04-12 10:10:10.0104|Quartz.Core.QuartzSchedulerThread|DEBUG|Batch acquisition of 0 triggers 
2023-04-12 10:10:10.0104|Quartz.Core.JobRunShell|DEBUG|Calling Execute on job DEFAULT.Hhmocon.Mes.Repository.QuartzJobRunner 
2023-04-12 10:10:11.5310|Quartz.Core.JobRunShell|DEBUG|Trigger instruction : NoInstruction 
2023-04-12 10:10:11.5310|Quartz.Core.QuartzSchedulerThread|DEBUG|Batch acquisition of 1 triggers 
2023-04-12 10:10:15.0057|Quartz.Core.QuartzSchedulerThread|DEBUG|Batch acquisition of 0 triggers 
2023-04-12 10:10:15.0057|Quartz.Core.JobRunShell|DEBUG|Calling Execute on job DEFAULT.Hhmocon.Mes.Repository.QuartzJobRunner 
2023-04-12 10:10:16.2026|Quartz.Core.JobRunShell|DEBUG|Trigger instruction : NoInstruction 
2023-04-12 10:10:16.2026|Quartz.Core.QuartzSchedulerThread|DEBUG|Batch acquisition of 1 triggers 
2023-04-12 10:10:20.0071|Quartz.Core.QuartzSchedulerThread|DEBUG|Batch acquisition of 0 triggers 
2023-04-12 10:10:20.0071|Quartz.Core.JobRunShell|DEBUG|Calling Execute on job DEFAULT.Hhmocon.Mes.Repository.QuartzJobRunner 
2023-04-12 10:10:21.4849|Quartz.Core.JobRunShell|DEBUG|Trigger instruction : NoInstruction 
2023-04-12 10:10:21.4849|Quartz.Core.QuartzSchedulerThread|DEBUG|Batch acquisition of 1 triggers 
2023-04-12 10:10:25.0156|Quartz.Core.QuartzSchedulerThread|DEBUG|Batch acquisition of 0 triggers 
2023-04-12 10:10:25.0156|Quartz.Core.JobRunShell|DEBUG|Calling Execute on job DEFAULT.Hhmocon.Mes.Repository.QuartzJobRunner 
2023-04-12 10:10:26.2735|Quartz.Core.JobRunShell|DEBUG|Trigger instruction : NoInstruction 
2023-04-12 10:10:26.2735|Quartz.Core.QuartzSchedulerThread|DEBUG|Batch acquisition of 1 triggers 
2023-04-12 10:10:30.0118|Quartz.Core.QuartzSchedulerThread|DEBUG|Batch acquisition of 0 triggers 
2023-04-12 10:10:30.0118|Quartz.Core.JobRunShell|DEBUG|Calling Execute on job DEFAULT.Hhmocon.Mes.Repository.QuartzJobRunner 
2023-04-12 10:10:31.2101|Quartz.Core.JobRunShell|DEBUG|Trigger instruction : NoInstruction 
2023-04-12 10:10:31.2101|Quartz.Core.QuartzSchedulerThread|DEBUG|Batch acquisition of 1 triggers 
2023-04-12 10:10:35.0090|Quartz.Core.QuartzSchedulerThread|DEBUG|Batch acquisition of 0 triggers 
2023-04-12 10:10:35.0090|Quartz.Core.JobRunShell|DEBUG|Calling Execute on job DEFAULT.Hhmocon.Mes.Repository.QuartzJobRunner 
2023-04-12 10:10:36.5081|Quartz.Core.JobRunShell|DEBUG|Trigger instruction : NoInstruction 
2023-04-12 10:10:36.5081|Quartz.Core.QuartzSchedulerThread|DEBUG|Batch acquisition of 1 triggers 
2023-04-12 10:10:40.0086|Quartz.Core.QuartzSchedulerThread|DEBUG|Batch acquisition of 0 triggers 
2023-04-12 10:10:40.0086|Quartz.Core.JobRunShell|DEBUG|Calling Execute on job DEFAULT.Hhmocon.Mes.Repository.QuartzJobRunner 
2023-04-12 10:10:40.8752|Quartz.Core.JobRunShell|DEBUG|Trigger instruction : NoInstruction 
2023-04-12 10:10:40.8752|Quartz.Core.QuartzSchedulerThread|DEBUG|Batch acquisition of 1 triggers 
2023-04-12 10:10:45.0153|Quartz.Core.QuartzSchedulerThread|DEBUG|Batch acquisition of 0 triggers 
2023-04-12 10:10:45.0153|Quartz.Core.JobRunShell|DEBUG|Calling Execute on job DEFAULT.Hhmocon.Mes.Repository.QuartzJobRunner 
2023-04-12 10:10:46.0080|Quartz.Core.JobRunShell|DEBUG|Trigger instruction : NoInstruction 
2023-04-12 10:10:46.0080|Quartz.Core.QuartzSchedulerThread|DEBUG|Batch acquisition of 1 triggers 
2023-04-12 10:10:50.0120|Quartz.Core.QuartzSchedulerThread|DEBUG|Batch acquisition of 0 triggers 
2023-04-12 10:10:50.0120|Quartz.Core.JobRunShell|DEBUG|Calling Execute on job DEFAULT.Hhmocon.Mes.Repository.QuartzJobRunner 
2023-04-12 10:10:51.2019|Quartz.Core.JobRunShell|DEBUG|Trigger instruction : NoInstruction 
2023-04-12 10:10:51.2019|Quartz.Core.QuartzSchedulerThread|DEBUG|Batch acquisition of 1 triggers 
2023-04-12 10:10:55.0029|Quartz.Core.JobRunShell|DEBUG|Calling Execute on job DEFAULT.Hhmocon.Mes.Repository.QuartzJobRunner 
2023-04-12 10:10:55.0029|Quartz.Core.QuartzSchedulerThread|DEBUG|Batch acquisition of 0 triggers 
2023-04-12 10:10:56.1983|Quartz.Core.JobRunShell|DEBUG|Trigger instruction : NoInstruction 
2023-04-12 10:10:56.1983|Quartz.Core.QuartzSchedulerThread|DEBUG|Batch acquisition of 1 triggers 
2023-04-12 10:11:00.0096|Quartz.Core.QuartzSchedulerThread|DEBUG|Batch acquisition of 0 triggers 
2023-04-12 10:11:00.0096|Quartz.Core.JobRunShell|DEBUG|Calling Execute on job DEFAULT.Hhmocon.Mes.Repository.QuartzJobRunner 
2023-04-12 10:11:01.1676|Quartz.Core.JobRunShell|DEBUG|Trigger instruction : NoInstruction 
2023-04-12 10:11:01.1676|Quartz.Core.QuartzSchedulerThread|DEBUG|Batch acquisition of 1 triggers 
2023-04-12 10:11:05.0068|Quartz.Core.QuartzSchedulerThread|DEBUG|Batch acquisition of 0 triggers 
2023-04-12 10:11:05.0068|Quartz.Core.JobRunShell|DEBUG|Calling Execute on job DEFAULT.Hhmocon.Mes.Repository.QuartzJobRunner 
2023-04-12 10:11:06.4927|Quartz.Core.JobRunShell|DEBUG|Trigger instruction : NoInstruction 
2023-04-12 10:11:06.4927|Quartz.Core.QuartzSchedulerThread|DEBUG|Batch acquisition of 1 triggers 
2023-04-12 10:11:10.0109|Quartz.Core.QuartzSchedulerThread|DEBUG|Batch acquisition of 0 triggers 
2023-04-12 10:11:10.0109|Quartz.Core.JobRunShell|DEBUG|Calling Execute on job DEFAULT.Hhmocon.Mes.Repository.QuartzJobRunner 
2023-04-12 10:11:11.1759|Quartz.Core.JobRunShell|DEBUG|Trigger instruction : NoInstruction 
2023-04-12 10:11:11.1759|Quartz.Core.QuartzSchedulerThread|DEBUG|Batch acquisition of 1 triggers 
2023-04-12 10:11:15.0031|Quartz.Core.JobRunShell|DEBUG|Calling Execute on job DEFAULT.Hhmocon.Mes.Repository.QuartzJobRunner 
2023-04-12 10:11:15.0031|Quartz.Core.QuartzSchedulerThread|DEBUG|Batch acquisition of 0 triggers 
2023-04-12 10:11:16.5108|Quartz.Core.JobRunShell|DEBUG|Trigger instruction : NoInstruction 
2023-04-12 10:11:16.5108|Quartz.Core.QuartzSchedulerThread|DEBUG|Batch acquisition of 1 triggers 
2023-04-12 10:11:20.0055|Quartz.Core.QuartzSchedulerThread|DEBUG|Batch acquisition of 0 triggers 
2023-04-12 10:11:20.0085|Quartz.Core.JobRunShell|DEBUG|Calling Execute on job DEFAULT.Hhmocon.Mes.Repository.QuartzJobRunner 
2023-04-12 10:11:21.0015|Quartz.Core.JobRunShell|DEBUG|Trigger instruction : NoInstruction 
2023-04-12 10:11:21.0410|Quartz.Core.QuartzSchedulerThread|DEBUG|Batch acquisition of 1 triggers 
2023-04-12 10:11:25.0126|Quartz.Core.JobRunShell|DEBUG|Calling Execute on job DEFAULT.Hhmocon.Mes.Repository.QuartzJobRunner 
2023-04-12 10:11:25.0126|Quartz.Core.QuartzSchedulerThread|DEBUG|Batch acquisition of 0 triggers 
2023-04-12 10:11:26.2037|Quartz.Core.JobRunShell|DEBUG|Trigger instruction : NoInstruction 
2023-04-12 10:11:26.2037|Quartz.Core.QuartzSchedulerThread|DEBUG|Batch acquisition of 1 triggers 
2023-04-12 10:11:30.0107|Quartz.Core.QuartzSchedulerThread|DEBUG|Batch acquisition of 0 triggers 
2023-04-12 10:11:30.0107|Quartz.Core.JobRunShell|DEBUG|Calling Execute on job DEFAULT.Hhmocon.Mes.Repository.QuartzJobRunner 
2023-04-12 10:11:31.1212|Quartz.Core.JobRunShell|DEBUG|Trigger instruction : NoInstruction 
2023-04-12 10:11:31.1212|Quartz.Core.QuartzSchedulerThread|DEBUG|Batch acquisition of 1 triggers 
2023-04-12 10:11:35.0240|Quartz.Core.JobRunShell|DEBUG|Calling Execute on job DEFAULT.Hhmocon.Mes.Repository.QuartzJobRunner 
2023-04-12 10:11:35.0240|Quartz.Core.QuartzSchedulerThread|DEBUG|Batch acquisition of 0 triggers 
2023-04-12 10:11:35.8693|Quartz.Core.JobRunShell|DEBUG|Trigger instruction : NoInstruction 
2023-04-12 10:11:35.8693|Quartz.Core.QuartzSchedulerThread|DEBUG|Batch acquisition of 1 triggers 
2023-04-12 10:11:40.0086|Quartz.Core.QuartzSchedulerThread|DEBUG|Batch acquisition of 0 triggers 
2023-04-12 10:11:40.0086|Quartz.Core.JobRunShell|DEBUG|Calling Execute on job DEFAULT.Hhmocon.Mes.Repository.QuartzJobRunner 
2023-04-12 10:11:41.1053|Quartz.Core.JobRunShell|DEBUG|Trigger instruction : NoInstruction 
2023-04-12 10:11:41.1053|Quartz.Core.QuartzSchedulerThread|DEBUG|Batch acquisition of 1 triggers 
2023-04-12 10:11:45.0147|Quartz.Core.JobRunShell|DEBUG|Calling Execute on job DEFAULT.Hhmocon.Mes.Repository.QuartzJobRunner 
2023-04-12 10:11:45.0147|Quartz.Core.QuartzSchedulerThread|DEBUG|Batch acquisition of 0 triggers 
2023-04-12 10:11:46.2662|Quartz.Core.JobRunShell|DEBUG|Trigger instruction : NoInstruction 
2023-04-12 10:11:46.2662|Quartz.Core.QuartzSchedulerThread|DEBUG|Batch acquisition of 1 triggers 
2023-04-12 10:11:50.0122|Quartz.Core.QuartzSchedulerThread|DEBUG|Batch acquisition of 0 triggers 
2023-04-12 10:11:50.0122|Quartz.Core.JobRunShell|DEBUG|Calling Execute on job DEFAULT.Hhmocon.Mes.Repository.QuartzJobRunner 
2023-04-12 10:11:51.4654|Quartz.Core.JobRunShell|DEBUG|Trigger instruction : NoInstruction 
2023-04-12 10:11:51.4654|Quartz.Core.QuartzSchedulerThread|DEBUG|Batch acquisition of 1 triggers 
2023-04-12 10:11:55.0072|Quartz.Core.JobRunShell|DEBUG|Calling Execute on job DEFAULT.Hhmocon.Mes.Repository.QuartzJobRunner 
2023-04-12 10:11:55.0072|Quartz.Core.QuartzSchedulerThread|DEBUG|Batch acquisition of 0 triggers 
2023-04-12 10:11:56.5363|Quartz.Core.JobRunShell|DEBUG|Trigger instruction : NoInstruction 
2023-04-12 10:11:56.5363|Quartz.Core.QuartzSchedulerThread|DEBUG|Batch acquisition of 1 triggers 
2023-04-12 10:12:00.0100|Quartz.Core.QuartzSchedulerThread|DEBUG|Batch acquisition of 0 triggers 
2023-04-12 10:12:00.0100|Quartz.Core.JobRunShell|DEBUG|Calling Execute on job DEFAULT.Hhmocon.Mes.Repository.QuartzJobRunner 
2023-04-12 10:12:00.9885|Quartz.Core.JobRunShell|DEBUG|Trigger instruction : NoInstruction 
2023-04-12 10:12:00.9885|Quartz.Core.QuartzSchedulerThread|DEBUG|Batch acquisition of 1 triggers 
2023-04-12 10:12:05.0017|Quartz.Core.QuartzSchedulerThread|DEBUG|Batch acquisition of 0 triggers 
2023-04-12 10:12:05.0017|Quartz.Core.JobRunShell|DEBUG|Calling Execute on job DEFAULT.Hhmocon.Mes.Repository.QuartzJobRunner 
2023-04-12 10:12:05.8519|Quartz.Core.JobRunShell|DEBUG|Trigger instruction : NoInstruction 
2023-04-12 10:12:05.8519|Quartz.Core.QuartzSchedulerThread|DEBUG|Batch acquisition of 1 triggers 
2023-04-12 10:12:10.0041|Quartz.Core.QuartzSchedulerThread|DEBUG|Batch acquisition of 0 triggers 
2023-04-12 10:12:10.0041|Quartz.Core.JobRunShell|DEBUG|Calling Execute on job DEFAULT.Hhmocon.Mes.Repository.QuartzJobRunner 
2023-04-12 10:12:10.8324|Quartz.Core.JobRunShell|DEBUG|Trigger instruction : NoInstruction 
2023-04-12 10:12:10.8324|Quartz.Core.QuartzSchedulerThread|DEBUG|Batch acquisition of 1 triggers 
2023-04-12 10:12:15.0055|Quartz.Core.QuartzSchedulerThread|DEBUG|Batch acquisition of 0 triggers 
2023-04-12 10:12:15.0055|Quartz.Core.JobRunShell|DEBUG|Calling Execute on job DEFAULT.Hhmocon.Mes.Repository.QuartzJobRunner 
2023-04-12 10:12:16.4158|Quartz.Core.JobRunShell|DEBUG|Trigger instruction : NoInstruction 
2023-04-12 10:12:16.4158|Quartz.Core.QuartzSchedulerThread|DEBUG|Batch acquisition of 1 triggers 
2023-04-12 10:12:20.0092|Quartz.Core.QuartzSchedulerThread|DEBUG|Batch acquisition of 0 triggers 
2023-04-12 10:12:20.0092|Quartz.Core.JobRunShell|DEBUG|Calling Execute on job DEFAULT.Hhmocon.Mes.Repository.QuartzJobRunner 
2023-04-12 10:12:21.2395|Quartz.Core.JobRunShell|DEBUG|Trigger instruction : NoInstruction 
2023-04-12 10:12:21.2395|Quartz.Core.QuartzSchedulerThread|DEBUG|Batch acquisition of 1 triggers 
2023-04-12 10:12:25.0140|Quartz.Core.QuartzSchedulerThread|DEBUG|Batch acquisition of 0 triggers 
2023-04-12 10:12:25.0140|Quartz.Core.JobRunShell|DEBUG|Calling Execute on job DEFAULT.Hhmocon.Mes.Repository.QuartzJobRunner 
2023-04-12 10:12:26.1833|Quartz.Core.JobRunShell|DEBUG|Trigger instruction : NoInstruction 
2023-04-12 10:12:26.1833|Quartz.Core.QuartzSchedulerThread|DEBUG|Batch acquisition of 1 triggers 
2023-04-12 10:12:30.0095|Quartz.Core.QuartzSchedulerThread|DEBUG|Batch acquisition of 0 triggers 
2023-04-12 10:12:30.0095|Quartz.Core.JobRunShell|DEBUG|Calling Execute on job DEFAULT.Hhmocon.Mes.Repository.QuartzJobRunner 
2023-04-12 10:12:31.1103|Quartz.Core.JobRunShell|DEBUG|Trigger instruction : NoInstruction 
2023-04-12 10:12:31.1167|Quartz.Core.QuartzSchedulerThread|DEBUG|Batch acquisition of 1 triggers 
2023-04-12 10:12:35.0138|Quartz.Core.QuartzSchedulerThread|DEBUG|Batch acquisition of 0 triggers 
2023-04-12 10:12:35.0138|Quartz.Core.JobRunShell|DEBUG|Calling Execute on job DEFAULT.Hhmocon.Mes.Repository.QuartzJobRunner 
2023-04-12 10:12:36.1339|Quartz.Core.JobRunShell|DEBUG|Trigger instruction : NoInstruction 
2023-04-12 10:12:36.1339|Quartz.Core.QuartzSchedulerThread|DEBUG|Batch acquisition of 1 triggers 
2023-04-12 10:12:40.0092|Quartz.Core.QuartzSchedulerThread|DEBUG|Batch acquisition of 0 triggers 
2023-04-12 10:12:40.0092|Quartz.Core.JobRunShell|DEBUG|Calling Execute on job DEFAULT.Hhmocon.Mes.Repository.QuartzJobRunner 
2023-04-12 10:12:41.2241|Quartz.Core.JobRunShell|DEBUG|Trigger instruction : NoInstruction 
2023-04-12 10:12:41.2254|Quartz.Core.QuartzSchedulerThread|DEBUG|Batch acquisition of 1 triggers 
2023-04-12 10:12:45.0140|Quartz.Core.QuartzSchedulerThread|DEBUG|Batch acquisition of 0 triggers 
2023-04-12 10:12:45.0140|Quartz.Core.JobRunShell|DEBUG|Calling Execute on job DEFAULT.Hhmocon.Mes.Repository.QuartzJobRunner 
2023-04-12 10:12:45.9978|Quartz.Core.JobRunShell|DEBUG|Trigger instruction : NoInstruction 
2023-04-12 10:12:45.9978|Quartz.Core.QuartzSchedulerThread|DEBUG|Batch acquisition of 1 triggers 
2023-04-12 10:12:50.0138|Quartz.Core.QuartzSchedulerThread|DEBUG|Batch acquisition of 0 triggers 
2023-04-12 10:12:50.0138|Quartz.Core.JobRunShell|DEBUG|Calling Execute on job DEFAULT.Hhmocon.Mes.Repository.QuartzJobRunner 
2023-04-12 10:12:50.7926|Quartz.Core.JobRunShell|DEBUG|Trigger instruction : NoInstruction 
2023-04-12 10:12:50.7926|Quartz.Core.QuartzSchedulerThread|DEBUG|Batch acquisition of 1 triggers 
2023-04-12 10:12:55.0006|Quartz.Core.JobRunShell|DEBUG|Calling Execute on job DEFAULT.Hhmocon.Mes.Repository.QuartzJobRunner 
2023-04-12 10:12:55.0006|Quartz.Core.QuartzSchedulerThread|DEBUG|Batch acquisition of 0 triggers 
2023-04-12 10:12:56.0795|Quartz.Core.JobRunShell|DEBUG|Trigger instruction : NoInstruction 
2023-04-12 10:12:56.0795|Quartz.Core.QuartzSchedulerThread|DEBUG|Batch acquisition of 1 triggers 
2023-04-12 10:13:00.0092|Quartz.Core.QuartzSchedulerThread|DEBUG|Batch acquisition of 0 triggers 
2023-04-12 10:13:00.0092|Quartz.Core.JobRunShell|DEBUG|Calling Execute on job DEFAULT.Hhmocon.Mes.Repository.QuartzJobRunner 
2023-04-12 10:13:00.8306|Quartz.Core.JobRunShell|DEBUG|Trigger instruction : NoInstruction 
2023-04-12 10:13:00.8306|Quartz.Core.QuartzSchedulerThread|DEBUG|Batch acquisition of 1 triggers 
2023-04-12 10:13:05.0008|Quartz.Core.QuartzSchedulerThread|DEBUG|Batch acquisition of 0 triggers 
2023-04-12 10:13:05.0008|Quartz.Core.JobRunShell|DEBUG|Calling Execute on job DEFAULT.Hhmocon.Mes.Repository.QuartzJobRunner 
2023-04-12 10:13:06.4156|Quartz.Core.JobRunShell|DEBUG|Trigger instruction : NoInstruction 
2023-04-12 10:13:06.4156|Quartz.Core.QuartzSchedulerThread|DEBUG|Batch acquisition of 1 triggers 
2023-04-12 10:13:10.0129|Quartz.Core.QuartzSchedulerThread|DEBUG|Batch acquisition of 0 triggers 
2023-04-12 10:13:10.0129|Quartz.Core.JobRunShell|DEBUG|Calling Execute on job DEFAULT.Hhmocon.Mes.Repository.QuartzJobRunner 
2023-04-12 10:13:10.9377|Quartz.Core.JobRunShell|DEBUG|Trigger instruction : NoInstruction 
2023-04-12 10:13:10.9377|Quartz.Core.QuartzSchedulerThread|DEBUG|Batch acquisition of 1 triggers 
2023-04-12 10:13:15.0159|Quartz.Core.QuartzSchedulerThread|DEBUG|Batch acquisition of 0 triggers 
2023-04-12 10:13:15.0159|Quartz.Core.JobRunShell|DEBUG|Calling Execute on job DEFAULT.Hhmocon.Mes.Repository.QuartzJobRunner 
2023-04-12 10:13:15.6415|Quartz.Core.JobRunShell|DEBUG|Trigger instruction : NoInstruction 
2023-04-12 10:13:15.6415|Quartz.Core.QuartzSchedulerThread|DEBUG|Batch acquisition of 1 triggers 
2023-04-12 10:13:20.0025|Quartz.Core.QuartzSchedulerThread|DEBUG|Batch acquisition of 0 triggers 
2023-04-12 10:13:20.0025|Quartz.Core.JobRunShell|DEBUG|Calling Execute on job DEFAULT.Hhmocon.Mes.Repository.QuartzJobRunner 
2023-04-12 10:13:20.6678|Quartz.Core.JobRunShell|DEBUG|Trigger instruction : NoInstruction 
2023-04-12 10:13:20.6678|Quartz.Core.QuartzSchedulerThread|DEBUG|Batch acquisition of 1 triggers 
2023-04-12 10:13:25.0108|Quartz.Core.JobRunShell|DEBUG|Calling Execute on job DEFAULT.Hhmocon.Mes.Repository.QuartzJobRunner 
2023-04-12 10:13:25.0108|Quartz.Core.QuartzSchedulerThread|DEBUG|Batch acquisition of 0 triggers 
2023-04-12 10:13:26.0484|Quartz.Core.JobRunShell|DEBUG|Trigger instruction : NoInstruction 
2023-04-12 10:13:26.0484|Quartz.Core.QuartzSchedulerThread|DEBUG|Batch acquisition of 1 triggers 
2023-04-12 10:13:30.0168|Quartz.Core.QuartzSchedulerThread|DEBUG|Batch acquisition of 0 triggers 
2023-04-12 10:13:30.0168|Quartz.Core.JobRunShell|DEBUG|Calling Execute on job DEFAULT.Hhmocon.Mes.Repository.QuartzJobRunner 
2023-04-12 10:13:30.6181|Quartz.Core.JobRunShell|DEBUG|Trigger instruction : NoInstruction 
2023-04-12 10:13:30.6181|Quartz.Core.QuartzSchedulerThread|DEBUG|Batch acquisition of 1 triggers 
2023-04-12 10:13:35.0112|Quartz.Core.QuartzSchedulerThread|DEBUG|Batch acquisition of 0 triggers 
2023-04-12 10:13:35.0112|Quartz.Core.JobRunShell|DEBUG|Calling Execute on job DEFAULT.Hhmocon.Mes.Repository.QuartzJobRunner 
2023-04-12 10:13:35.6468|Quartz.Core.JobRunShell|DEBUG|Trigger instruction : NoInstruction 
2023-04-12 10:13:35.6480|Quartz.Core.QuartzSchedulerThread|DEBUG|Batch acquisition of 1 triggers 
2023-04-12 10:13:40.0009|Quartz.Core.QuartzSchedulerThread|DEBUG|Batch acquisition of 0 triggers 
2023-04-12 10:13:40.0009|Quartz.Core.JobRunShell|DEBUG|Calling Execute on job DEFAULT.Hhmocon.Mes.Repository.QuartzJobRunner 
2023-04-12 10:13:40.6566|Quartz.Core.JobRunShell|DEBUG|Trigger instruction : NoInstruction 
2023-04-12 10:13:40.6566|Quartz.Core.QuartzSchedulerThread|DEBUG|Batch acquisition of 1 triggers 
2023-04-12 10:13:45.0016|Quartz.Core.QuartzSchedulerThread|DEBUG|Batch acquisition of 0 triggers 
2023-04-12 10:13:45.0016|Quartz.Core.JobRunShell|DEBUG|Calling Execute on job DEFAULT.Hhmocon.Mes.Repository.QuartzJobRunner 
2023-04-12 10:13:45.6908|Quartz.Core.JobRunShell|DEBUG|Trigger instruction : NoInstruction 
2023-04-12 10:13:45.6908|Quartz.Core.QuartzSchedulerThread|DEBUG|Batch acquisition of 1 triggers 
2023-04-12 10:13:50.0018|Quartz.Core.QuartzSchedulerThread|DEBUG|Batch acquisition of 0 triggers 
2023-04-12 10:13:50.0018|Quartz.Core.JobRunShell|DEBUG|Calling Execute on job DEFAULT.Hhmocon.Mes.Repository.QuartzJobRunner 
2023-04-12 10:13:50.5513|Quartz.Core.JobRunShell|DEBUG|Trigger instruction : NoInstruction 
2023-04-12 10:13:50.5513|Quartz.Core.QuartzSchedulerThread|DEBUG|Batch acquisition of 1 triggers 
2023-04-12 10:13:55.0083|Quartz.Core.QuartzSchedulerThread|DEBUG|Batch acquisition of 0 triggers 
2023-04-12 10:13:55.0083|Quartz.Core.JobRunShell|DEBUG|Calling Execute on job DEFAULT.Hhmocon.Mes.Repository.QuartzJobRunner 
2023-04-12 10:13:55.5984|Quartz.Core.JobRunShell|DEBUG|Trigger instruction : NoInstruction 
2023-04-12 10:13:55.5984|Quartz.Core.QuartzSchedulerThread|DEBUG|Batch acquisition of 1 triggers 
2023-04-12 10:14:00.0105|Quartz.Core.QuartzSchedulerThread|DEBUG|Batch acquisition of 0 triggers 
2023-04-12 10:14:00.0105|Quartz.Core.JobRunShell|DEBUG|Calling Execute on job DEFAULT.Hhmocon.Mes.Repository.QuartzJobRunner 
2023-04-12 10:14:00.7122|Quartz.Core.JobRunShell|DEBUG|Trigger instruction : NoInstruction 
2023-04-12 10:14:00.7122|Quartz.Core.QuartzSchedulerThread|DEBUG|Batch acquisition of 1 triggers 
2023-04-12 10:14:05.0117|Quartz.Core.QuartzSchedulerThread|DEBUG|Batch acquisition of 0 triggers 
2023-04-12 10:14:05.0117|Quartz.Core.JobRunShell|DEBUG|Calling Execute on job DEFAULT.Hhmocon.Mes.Repository.QuartzJobRunner 
2023-04-12 10:14:05.7570|Quartz.Core.JobRunShell|DEBUG|Trigger instruction : NoInstruction 
2023-04-12 10:14:05.7570|Quartz.Core.QuartzSchedulerThread|DEBUG|Batch acquisition of 1 triggers 
2023-04-12 10:14:10.0010|Quartz.Core.QuartzSchedulerThread|DEBUG|Batch acquisition of 0 triggers 
2023-04-12 10:14:10.0010|Quartz.Core.JobRunShell|DEBUG|Calling Execute on job DEFAULT.Hhmocon.Mes.Repository.QuartzJobRunner 
2023-04-12 10:14:10.9727|Quartz.Core.JobRunShell|DEBUG|Trigger instruction : NoInstruction 
2023-04-12 10:14:10.9727|Quartz.Core.QuartzSchedulerThread|DEBUG|Batch acquisition of 1 triggers 
2023-04-12 10:14:15.0144|Quartz.Core.QuartzSchedulerThread|DEBUG|Batch acquisition of 0 triggers 
2023-04-12 10:14:15.0144|Quartz.Core.JobRunShell|DEBUG|Calling Execute on job DEFAULT.Hhmocon.Mes.Repository.QuartzJobRunner 
2023-04-12 10:14:15.6662|Quartz.Core.JobRunShell|DEBUG|Trigger instruction : NoInstruction 
2023-04-12 10:14:15.6662|Quartz.Core.QuartzSchedulerThread|DEBUG|Batch acquisition of 1 triggers 
2023-04-12 10:14:20.0131|Quartz.Core.QuartzSchedulerThread|DEBUG|Batch acquisition of 0 triggers 
2023-04-12 10:14:20.0131|Quartz.Core.JobRunShell|DEBUG|Calling Execute on job DEFAULT.Hhmocon.Mes.Repository.QuartzJobRunner 
2023-04-12 10:14:20.6134|Quartz.Core.JobRunShell|DEBUG|Trigger instruction : NoInstruction 
2023-04-12 10:14:20.6169|Quartz.Core.QuartzSchedulerThread|DEBUG|Batch acquisition of 1 triggers 
2023-04-12 10:14:25.0104|Quartz.Core.QuartzSchedulerThread|DEBUG|Batch acquisition of 0 triggers 
2023-04-12 10:14:25.0104|Quartz.Core.JobRunShell|DEBUG|Calling Execute on job DEFAULT.Hhmocon.Mes.Repository.QuartzJobRunner 
2023-04-12 10:14:25.9472|Quartz.Core.JobRunShell|DEBUG|Trigger instruction : NoInstruction 
2023-04-12 10:14:25.9472|Quartz.Core.QuartzSchedulerThread|DEBUG|Batch acquisition of 1 triggers 
2023-04-12 10:14:30.0123|Quartz.Core.JobRunShell|DEBUG|Calling Execute on job DEFAULT.Hhmocon.Mes.Repository.QuartzJobRunner 
2023-04-12 10:14:30.0123|Quartz.Core.QuartzSchedulerThread|DEBUG|Batch acquisition of 0 triggers 
2023-04-12 10:14:30.6221|Quartz.Core.JobRunShell|DEBUG|Trigger instruction : NoInstruction 
2023-04-12 10:14:30.6221|Quartz.Core.QuartzSchedulerThread|DEBUG|Batch acquisition of 1 triggers 
2023-04-12 10:14:35.0003|Quartz.Core.JobRunShell|DEBUG|Calling Execute on job DEFAULT.Hhmocon.Mes.Repository.QuartzJobRunner 
2023-04-12 10:14:35.0003|Quartz.Core.QuartzSchedulerThread|DEBUG|Batch acquisition of 0 triggers 
2023-04-12 10:14:35.5724|Quartz.Core.JobRunShell|DEBUG|Trigger instruction : NoInstruction 
2023-04-12 10:14:35.5724|Quartz.Core.QuartzSchedulerThread|DEBUG|Batch acquisition of 1 triggers 
2023-04-12 10:14:40.0038|Quartz.Core.QuartzSchedulerThread|DEBUG|Batch acquisition of 0 triggers 
2023-04-12 10:14:40.0148|Quartz.Core.JobRunShell|DEBUG|Calling Execute on job DEFAULT.Hhmocon.Mes.Repository.QuartzJobRunner 
2023-04-12 10:14:40.9105|Quartz.Core.JobRunShell|DEBUG|Trigger instruction : NoInstruction 
2023-04-12 10:14:40.9105|Quartz.Core.QuartzSchedulerThread|DEBUG|Batch acquisition of 1 triggers 
2023-04-12 10:14:45.0002|Quartz.Core.QuartzSchedulerThread|DEBUG|Batch acquisition of 0 triggers 
2023-04-12 10:14:45.0002|Quartz.Core.JobRunShell|DEBUG|Calling Execute on job DEFAULT.Hhmocon.Mes.Repository.QuartzJobRunner 
2023-04-12 10:14:45.6846|Quartz.Core.JobRunShell|DEBUG|Trigger instruction : NoInstruction 
2023-04-12 10:14:45.6846|Quartz.Core.QuartzSchedulerThread|DEBUG|Batch acquisition of 1 triggers 
2023-04-12 10:14:50.0007|Quartz.Core.QuartzSchedulerThread|DEBUG|Batch acquisition of 0 triggers 
2023-04-12 10:14:50.0007|Quartz.Core.JobRunShell|DEBUG|Calling Execute on job DEFAULT.Hhmocon.Mes.Repository.QuartzJobRunner 
2023-04-12 10:14:50.5970|Quartz.Core.JobRunShell|DEBUG|Trigger instruction : NoInstruction 
2023-04-12 10:14:50.5970|Quartz.Core.QuartzSchedulerThread|DEBUG|Batch acquisition of 1 triggers 
2023-04-12 10:14:55.0114|Quartz.Core.QuartzSchedulerThread|DEBUG|Batch acquisition of 0 triggers 
2023-04-12 10:14:55.0114|Quartz.Core.JobRunShell|DEBUG|Calling Execute on job DEFAULT.Hhmocon.Mes.Repository.QuartzJobRunner 
2023-04-12 10:14:55.5948|Quartz.Core.JobRunShell|DEBUG|Trigger instruction : NoInstruction 
2023-04-12 10:14:55.5948|Quartz.Core.QuartzSchedulerThread|DEBUG|Batch acquisition of 1 triggers 
2023-04-12 10:15:00.0112|Quartz.Core.QuartzSchedulerThread|DEBUG|Batch acquisition of 0 triggers 
2023-04-12 10:15:00.0112|Quartz.Core.JobRunShell|DEBUG|Calling Execute on job DEFAULT.Hhmocon.Mes.Repository.QuartzJobRunner 
2023-04-12 10:15:00.5724|Quartz.Core.JobRunShell|DEBUG|Trigger instruction : NoInstruction 
2023-04-12 10:15:00.5724|Quartz.Core.QuartzSchedulerThread|DEBUG|Batch acquisition of 1 triggers 
2023-04-12 10:15:05.0151|Quartz.Core.QuartzSchedulerThread|DEBUG|Batch acquisition of 0 triggers 
2023-04-12 10:15:05.0151|Quartz.Core.JobRunShell|DEBUG|Calling Execute on job DEFAULT.Hhmocon.Mes.Repository.QuartzJobRunner 
2023-04-12 10:15:05.6610|Quartz.Core.JobRunShell|DEBUG|Trigger instruction : NoInstruction 
2023-04-12 10:15:05.6610|Quartz.Core.QuartzSchedulerThread|DEBUG|Batch acquisition of 1 triggers 
2023-04-12 10:15:10.0157|Quartz.Core.JobRunShell|DEBUG|Calling Execute on job DEFAULT.Hhmocon.Mes.Repository.QuartzJobRunner 
2023-04-12 10:15:10.0157|Quartz.Core.QuartzSchedulerThread|DEBUG|Batch acquisition of 0 triggers 
2023-04-12 10:15:10.6471|Quartz.Core.JobRunShell|DEBUG|Trigger instruction : NoInstruction 
2023-04-12 10:15:10.6486|Quartz.Core.QuartzSchedulerThread|DEBUG|Batch acquisition of 1 triggers 
2023-04-12 10:15:15.0085|Quartz.Core.JobRunShell|DEBUG|Calling Execute on job DEFAULT.Hhmocon.Mes.Repository.QuartzJobRunner 
2023-04-12 10:15:15.0085|Quartz.Core.QuartzSchedulerThread|DEBUG|Batch acquisition of 0 triggers 
2023-04-12 10:15:15.6629|Quartz.Core.JobRunShell|DEBUG|Trigger instruction : NoInstruction 
2023-04-12 10:15:15.6629|Quartz.Core.QuartzSchedulerThread|DEBUG|Batch acquisition of 1 triggers 
2023-04-12 10:15:20.0122|Quartz.Core.JobRunShell|DEBUG|Calling Execute on job DEFAULT.Hhmocon.Mes.Repository.QuartzJobRunner 
2023-04-12 10:15:20.0122|Quartz.Core.QuartzSchedulerThread|DEBUG|Batch acquisition of 0 triggers 
2023-04-12 10:15:20.6581|Quartz.Core.JobRunShell|DEBUG|Trigger instruction : NoInstruction 
2023-04-12 10:15:20.6581|Quartz.Core.QuartzSchedulerThread|DEBUG|Batch acquisition of 1 triggers 
2023-04-12 10:15:25.0140|Quartz.Core.QuartzSchedulerThread|DEBUG|Batch acquisition of 0 triggers 
2023-04-12 10:15:25.0140|Quartz.Core.JobRunShell|DEBUG|Calling Execute on job DEFAULT.Hhmocon.Mes.Repository.QuartzJobRunner 
2023-04-12 10:15:25.6568|Quartz.Core.JobRunShell|DEBUG|Trigger instruction : NoInstruction 
2023-04-12 10:15:25.6645|Quartz.Core.QuartzSchedulerThread|DEBUG|Batch acquisition of 1 triggers 
2023-04-12 10:15:30.0105|Quartz.Core.QuartzSchedulerThread|DEBUG|Batch acquisition of 0 triggers 
2023-04-12 10:15:30.0105|Quartz.Core.JobRunShell|DEBUG|Calling Execute on job DEFAULT.Hhmocon.Mes.Repository.QuartzJobRunner 
2023-04-12 10:15:38.6923|Quartz.Core.JobRunShell|DEBUG|Trigger instruction : NoInstruction 
2023-04-12 10:15:38.6946|Quartz.Core.QuartzSchedulerThread|DEBUG|Batch acquisition of 1 triggers 
2023-04-12 10:15:38.6946|Quartz.Core.QuartzSchedulerThread|DEBUG|Batch acquisition of 0 triggers 
2023-04-12 10:15:38.6946|Quartz.Core.JobRunShell|DEBUG|Calling Execute on job DEFAULT.Hhmocon.Mes.Repository.QuartzJobRunner 
2023-04-12 10:15:39.3193|Quartz.Core.JobRunShell|DEBUG|Trigger instruction : NoInstruction 
2023-04-12 10:15:39.3193|Quartz.Core.QuartzSchedulerThread|DEBUG|Batch acquisition of 1 triggers 
2023-04-12 10:15:40.0110|Quartz.Core.QuartzSchedulerThread|DEBUG|Batch acquisition of 0 triggers 
2023-04-12 10:15:40.0110|Quartz.Core.JobRunShell|DEBUG|Calling Execute on job DEFAULT.Hhmocon.Mes.Repository.QuartzJobRunner 
2023-04-12 10:15:40.6200|Quartz.Core.JobRunShell|DEBUG|Trigger instruction : NoInstruction 
2023-04-12 10:15:40.6200|Quartz.Core.QuartzSchedulerThread|DEBUG|Batch acquisition of 1 triggers 
2023-04-12 10:15:45.0027|Quartz.Core.QuartzSchedulerThread|DEBUG|Batch acquisition of 0 triggers 
2023-04-12 10:15:45.0027|Quartz.Core.JobRunShell|DEBUG|Calling Execute on job DEFAULT.Hhmocon.Mes.Repository.QuartzJobRunner 
2023-04-12 10:15:45.5621|Quartz.Core.JobRunShell|DEBUG|Trigger instruction : NoInstruction 
2023-04-12 10:15:45.5696|Quartz.Core.QuartzSchedulerThread|DEBUG|Batch acquisition of 1 triggers 
2023-04-12 10:15:50.0108|Quartz.Core.QuartzSchedulerThread|DEBUG|Batch acquisition of 0 triggers 
2023-04-12 10:15:50.0108|Quartz.Core.JobRunShell|DEBUG|Calling Execute on job DEFAULT.Hhmocon.Mes.Repository.QuartzJobRunner 
2023-04-12 10:15:50.6641|Quartz.Core.JobRunShell|DEBUG|Trigger instruction : NoInstruction 
2023-04-12 10:15:50.6641|Quartz.Core.QuartzSchedulerThread|DEBUG|Batch acquisition of 1 triggers 
2023-04-12 10:15:55.0021|Quartz.Core.QuartzSchedulerThread|DEBUG|Batch acquisition of 0 triggers 
2023-04-12 10:15:55.0021|Quartz.Core.JobRunShell|DEBUG|Calling Execute on job DEFAULT.Hhmocon.Mes.Repository.QuartzJobRunner 
2023-04-12 10:15:55.6082|Quartz.Core.JobRunShell|DEBUG|Trigger instruction : NoInstruction 
2023-04-12 10:15:55.6082|Quartz.Core.QuartzSchedulerThread|DEBUG|Batch acquisition of 1 triggers 
2023-04-12 10:16:00.0094|Quartz.Core.QuartzSchedulerThread|DEBUG|Batch acquisition of 0 triggers 
2023-04-12 10:16:00.0094|Quartz.Core.JobRunShell|DEBUG|Calling Execute on job DEFAULT.Hhmocon.Mes.Repository.QuartzJobRunner 
2023-04-12 10:16:00.6208|Quartz.Core.JobRunShell|DEBUG|Trigger instruction : NoInstruction 
2023-04-12 10:16:00.6208|Quartz.Core.QuartzSchedulerThread|DEBUG|Batch acquisition of 1 triggers 
2023-04-12 10:16:05.0031|Quartz.Core.QuartzSchedulerThread|DEBUG|Batch acquisition of 0 triggers 
2023-04-12 10:16:05.0031|Quartz.Core.JobRunShell|DEBUG|Calling Execute on job DEFAULT.Hhmocon.Mes.Repository.QuartzJobRunner 
2023-04-12 10:16:05.5754|Quartz.Core.JobRunShell|DEBUG|Trigger instruction : NoInstruction 
2023-04-12 10:16:05.5754|Quartz.Core.QuartzSchedulerThread|DEBUG|Batch acquisition of 1 triggers 
2023-04-12 10:16:10.0074|Quartz.Core.JobRunShell|DEBUG|Calling Execute on job DEFAULT.Hhmocon.Mes.Repository.QuartzJobRunner 
2023-04-12 10:16:10.0074|Quartz.Core.QuartzSchedulerThread|DEBUG|Batch acquisition of 0 triggers 
2023-04-12 10:16:10.5967|Quartz.Core.JobRunShell|DEBUG|Trigger instruction : NoInstruction 
2023-04-12 10:16:10.5967|Quartz.Core.QuartzSchedulerThread|DEBUG|Batch acquisition of 1 triggers 
2023-04-12 10:16:15.0118|Quartz.Core.QuartzSchedulerThread|DEBUG|Batch acquisition of 0 triggers 
2023-04-12 10:16:15.0118|Quartz.Core.JobRunShell|DEBUG|Calling Execute on job DEFAULT.Hhmocon.Mes.Repository.QuartzJobRunner 
2023-04-12 10:16:15.5997|Quartz.Core.JobRunShell|DEBUG|Trigger instruction : NoInstruction 
2023-04-12 10:16:15.6008|Quartz.Core.QuartzSchedulerThread|DEBUG|Batch acquisition of 1 triggers 
2023-04-12 10:16:20.0095|Quartz.Core.QuartzSchedulerThread|DEBUG|Batch acquisition of 0 triggers 
2023-04-12 10:16:20.0095|Quartz.Core.JobRunShell|DEBUG|Calling Execute on job DEFAULT.Hhmocon.Mes.Repository.QuartzJobRunner 
2023-04-12 10:16:20.8690|Quartz.Core.JobRunShell|DEBUG|Trigger instruction : NoInstruction 
2023-04-12 10:16:20.8690|Quartz.Core.QuartzSchedulerThread|DEBUG|Batch acquisition of 1 triggers 
2023-04-12 10:16:25.0063|Quartz.Core.QuartzSchedulerThread|DEBUG|Batch acquisition of 0 triggers 
2023-04-12 10:16:25.0063|Quartz.Core.JobRunShell|DEBUG|Calling Execute on job DEFAULT.Hhmocon.Mes.Repository.QuartzJobRunner 
2023-04-12 10:16:25.5958|Quartz.Core.JobRunShell|DEBUG|Trigger instruction : NoInstruction 
2023-04-12 10:16:25.5958|Quartz.Core.QuartzSchedulerThread|DEBUG|Batch acquisition of 1 triggers 
2023-04-12 10:16:30.0097|Quartz.Core.QuartzSchedulerThread|DEBUG|Batch acquisition of 0 triggers 
2023-04-12 10:16:30.0097|Quartz.Core.JobRunShell|DEBUG|Calling Execute on job DEFAULT.Hhmocon.Mes.Repository.QuartzJobRunner 
2023-04-12 10:16:30.6543|Quartz.Core.JobRunShell|DEBUG|Trigger instruction : NoInstruction 
2023-04-12 10:16:30.6543|Quartz.Core.QuartzSchedulerThread|DEBUG|Batch acquisition of 1 triggers 
2023-04-12 10:16:35.0135|Quartz.Core.QuartzSchedulerThread|DEBUG|Batch acquisition of 0 triggers 
2023-04-12 10:16:35.0135|Quartz.Core.JobRunShell|DEBUG|Calling Execute on job DEFAULT.Hhmocon.Mes.Repository.QuartzJobRunner 
2023-04-12 10:16:35.8901|Quartz.Core.JobRunShell|DEBUG|Trigger instruction : NoInstruction 
2023-04-12 10:16:35.8901|Quartz.Core.QuartzSchedulerThread|DEBUG|Batch acquisition of 1 triggers 
2023-04-12 10:16:40.0158|Quartz.Core.QuartzSchedulerThread|DEBUG|Batch acquisition of 0 triggers 
2023-04-12 10:16:40.0158|Quartz.Core.JobRunShell|DEBUG|Calling Execute on job DEFAULT.Hhmocon.Mes.Repository.QuartzJobRunner 
2023-04-12 10:16:40.6142|Quartz.Core.JobRunShell|DEBUG|Trigger instruction : NoInstruction 
2023-04-12 10:16:40.6142|Quartz.Core.QuartzSchedulerThread|DEBUG|Batch acquisition of 1 triggers 
2023-04-12 10:16:45.0100|Quartz.Core.QuartzSchedulerThread|DEBUG|Batch acquisition of 0 triggers 
2023-04-12 10:16:45.0100|Quartz.Core.JobRunShell|DEBUG|Calling Execute on job DEFAULT.Hhmocon.Mes.Repository.QuartzJobRunner 
2023-04-12 10:16:45.5949|Quartz.Core.JobRunShell|DEBUG|Trigger instruction : NoInstruction 
2023-04-12 10:16:45.5949|Quartz.Core.QuartzSchedulerThread|DEBUG|Batch acquisition of 1 triggers 
2023-04-12 10:16:50.0014|Quartz.Core.QuartzSchedulerThread|DEBUG|Batch acquisition of 0 triggers 
2023-04-12 10:16:50.0014|Quartz.Core.JobRunShell|DEBUG|Calling Execute on job DEFAULT.Hhmocon.Mes.Repository.QuartzJobRunner 
2023-04-12 10:16:50.9018|Quartz.Core.JobRunShell|DEBUG|Trigger instruction : NoInstruction 
2023-04-12 10:16:50.9018|Quartz.Core.QuartzSchedulerThread|DEBUG|Batch acquisition of 1 triggers 
2023-04-12 10:16:55.0097|Quartz.Core.JobRunShell|DEBUG|Calling Execute on job DEFAULT.Hhmocon.Mes.Repository.QuartzJobRunner 
2023-04-12 10:16:55.0097|Quartz.Core.QuartzSchedulerThread|DEBUG|Batch acquisition of 0 triggers 
2023-04-12 10:16:55.6615|Quartz.Core.JobRunShell|DEBUG|Trigger instruction : NoInstruction 
2023-04-12 10:16:55.6626|Quartz.Core.QuartzSchedulerThread|DEBUG|Batch acquisition of 1 triggers 
2023-04-12 10:17:00.0066|Quartz.Core.QuartzSchedulerThread|DEBUG|Batch acquisition of 0 triggers 
2023-04-12 10:17:00.0066|Quartz.Core.JobRunShell|DEBUG|Calling Execute on job DEFAULT.Hhmocon.Mes.Repository.QuartzJobRunner 
2023-04-12 10:17:00.5909|Quartz.Core.JobRunShell|DEBUG|Trigger instruction : NoInstruction 
2023-04-12 10:17:00.5909|Quartz.Core.QuartzSchedulerThread|DEBUG|Batch acquisition of 1 triggers 
2023-04-12 10:17:05.0119|Quartz.Core.QuartzSchedulerThread|DEBUG|Batch acquisition of 0 triggers 
2023-04-12 10:17:05.0119|Quartz.Core.JobRunShell|DEBUG|Calling Execute on job DEFAULT.Hhmocon.Mes.Repository.QuartzJobRunner 
2023-04-12 10:17:05.6123|Quartz.Core.JobRunShell|DEBUG|Trigger instruction : NoInstruction 
2023-04-12 10:17:05.6123|Quartz.Core.QuartzSchedulerThread|DEBUG|Batch acquisition of 1 triggers 
2023-04-12 10:17:10.0036|Quartz.Core.QuartzSchedulerThread|DEBUG|Batch acquisition of 0 triggers 
2023-04-12 10:17:10.0036|Quartz.Core.JobRunShell|DEBUG|Calling Execute on job DEFAULT.Hhmocon.Mes.Repository.QuartzJobRunner 
2023-04-12 10:17:10.5902|Quartz.Core.JobRunShell|DEBUG|Trigger instruction : NoInstruction 
2023-04-12 10:17:10.5902|Quartz.Core.QuartzSchedulerThread|DEBUG|Batch acquisition of 1 triggers 
2023-04-12 10:17:15.0057|Quartz.Core.QuartzSchedulerThread|DEBUG|Batch acquisition of 0 triggers 
2023-04-12 10:17:15.0057|Quartz.Core.JobRunShell|DEBUG|Calling Execute on job DEFAULT.Hhmocon.Mes.Repository.QuartzJobRunner 
2023-04-12 10:17:15.5876|Quartz.Core.JobRunShell|DEBUG|Trigger instruction : NoInstruction 
2023-04-12 10:17:15.5876|Quartz.Core.QuartzSchedulerThread|DEBUG|Batch acquisition of 1 triggers 
2023-04-12 10:17:20.0101|Quartz.Core.QuartzSchedulerThread|DEBUG|Batch acquisition of 0 triggers 
2023-04-12 10:17:20.0101|Quartz.Core.JobRunShell|DEBUG|Calling Execute on job DEFAULT.Hhmocon.Mes.Repository.QuartzJobRunner 
2023-04-12 10:17:21.1867|Quartz.Core.JobRunShell|DEBUG|Trigger instruction : NoInstruction 
2023-04-12 10:17:21.1867|Quartz.Core.QuartzSchedulerThread|DEBUG|Batch acquisition of 1 triggers 
2023-04-12 10:25:38.5245|Quartz.Impl.StdSchedulerFactory|INFO|Default Quartz.NET properties loaded from embedded resource file 
2023-04-12 10:25:38.9332|Quartz.Simpl.TaskSchedulingThreadPool|DEBUG|TaskSchedulingThreadPool configured with max concurrency of 10 and TaskScheduler ThreadPoolTaskScheduler. 
2023-04-12 10:25:38.9914|Quartz.Core.SchedulerSignalerImpl|INFO|Initialized Scheduler Signaller of type: Quartz.Core.SchedulerSignalerImpl 
2023-04-12 10:25:38.9914|Quartz.Core.QuartzScheduler|INFO|Quartz Scheduler created 
2023-04-12 10:25:38.9914|Quartz.Core.QuartzScheduler|INFO|JobFactory set to: Autofac.Extras.Quartz.AutofacJobFactory 
2023-04-12 10:25:38.9914|Quartz.Simpl.RAMJobStore|INFO|RAMJobStore initialized. 
2023-04-12 10:25:38.9914|Quartz.Core.QuartzScheduler|INFO|Scheduler meta-data: Quartz Scheduler (v3.3.3.0) 'DefaultQuartzScheduler' with instanceId 'NON_CLUSTERED'
  Scheduler class: 'Quartz.Core.QuartzScheduler' - running locally.
  NOT STARTED.
  Currently in standby mode.
  Number of jobs executed: 0
  Using thread pool 'Quartz.Simpl.DefaultThreadPool' - with 10 threads.
  Using job-store 'Quartz.Simpl.RAMJobStore' - which does not support persistence. and is not clustered.
 
2023-04-12 10:25:38.9914|Quartz.Impl.StdSchedulerFactory|INFO|Quartz scheduler 'DefaultQuartzScheduler' initialized 
2023-04-12 10:25:38.9914|Quartz.Impl.StdSchedulerFactory|INFO|Quartz scheduler version: 3.3.3.0 
2023-04-12 10:25:38.9914|Quartz.Core.QuartzScheduler|INFO|JobFactory set to: Autofac.Extras.Quartz.AutofacJobFactory 
2023-04-12 10:25:39.1116|Quartz.Core.QuartzScheduler|INFO|Scheduler DefaultQuartzScheduler_$_NON_CLUSTERED started. 
2023-04-12 10:25:39.1226|Quartz.Core.QuartzSchedulerThread|DEBUG|Batch acquisition of 1 triggers 
2023-04-12 10:25:39.7300|Microsoft.Hosting.Lifetime|INFO|Now listening on: http://localhost:8081 
2023-04-12 10:25:39.7300|Microsoft.Hosting.Lifetime|INFO|Now listening on: http://[::]:8081 
2023-04-12 10:25:39.7300|Microsoft.Hosting.Lifetime|INFO|Application started. Press Ctrl+C to shut down. 
2023-04-12 10:25:39.7300|Microsoft.Hosting.Lifetime|INFO|Hosting environment: Development 
2023-04-12 10:25:39.7300|Microsoft.Hosting.Lifetime|INFO|Content root path: E:\Project\Hhmocon.Mes\Hhmocon.Mes.WebApi 
2023-04-12 10:25:40.0230|Quartz.Core.QuartzSchedulerThread|DEBUG|Batch acquisition of 0 triggers 
2023-04-12 10:25:40.0410|Quartz.Core.JobRunShell|DEBUG|Calling Execute on job DEFAULT.Hhmocon.Mes.Repository.QuartzJobRunner 
2023-04-12 10:25:43.9372|Quartz.Core.JobRunShell|DEBUG|Trigger instruction : NoInstruction 
2023-04-12 10:25:43.9443|Quartz.Core.QuartzSchedulerThread|DEBUG|Batch acquisition of 1 triggers 
2023-04-12 10:25:45.0099|Quartz.Core.QuartzSchedulerThread|DEBUG|Batch acquisition of 0 triggers 
2023-04-12 10:25:45.0099|Quartz.Core.JobRunShell|DEBUG|Calling Execute on job DEFAULT.Hhmocon.Mes.Repository.QuartzJobRunner 
2023-04-12 10:25:46.2988|Quartz.Core.JobRunShell|DEBUG|Trigger instruction : NoInstruction 
2023-04-12 10:25:46.2988|Quartz.Core.QuartzSchedulerThread|DEBUG|Batch acquisition of 1 triggers 
2023-04-12 10:25:50.0111|Quartz.Core.QuartzSchedulerThread|DEBUG|Batch acquisition of 0 triggers 
2023-04-12 10:25:50.0111|Quartz.Core.JobRunShell|DEBUG|Calling Execute on job DEFAULT.Hhmocon.Mes.Repository.QuartzJobRunner 
2023-04-12 10:25:50.8623|Quartz.Core.JobRunShell|DEBUG|Trigger instruction : NoInstruction 
2023-04-12 10:25:50.8623|Quartz.Core.QuartzSchedulerThread|DEBUG|Batch acquisition of 1 triggers 
