2022-03-01 11:05:24.8198|Quartz.Impl.StdSchedulerFactory|INFO|Default Quartz.NET properties loaded from embedded resource file 
2022-03-01 11:05:25.1075|Quartz.Simpl.TaskSchedulingThreadPool|DEBUG|TaskSchedulingThreadPool configured with max concurrency of 10 and TaskScheduler ThreadPoolTaskScheduler. 
2022-03-01 11:05:25.1341|Quartz.Core.SchedulerSignalerImpl|INFO|Initialized Scheduler Signaller of type: Quartz.Core.SchedulerSignalerImpl 
2022-03-01 11:05:25.1428|Quartz.Core.QuartzScheduler|INFO|Quartz Scheduler created 
2022-03-01 11:05:25.1428|Quartz.Core.QuartzScheduler|INFO|JobFactory set to: Autofac.Extras.Quartz.AutofacJobFactory 
2022-03-01 11:05:25.1428|Quartz.Simpl.RAMJobStore|INFO|RAMJobStore initialized. 
2022-03-01 11:05:25.1428|Quartz.Core.QuartzScheduler|INFO|Scheduler meta-data: Quartz Scheduler (v3.3.3.0) 'DefaultQuartzScheduler' with instanceId 'NON_CLUSTERED'
  Scheduler class: 'Quartz.Core.QuartzScheduler' - running locally.
  NOT STARTED.
  Currently in standby mode.
  Number of jobs executed: 0
  Using thread pool 'Quartz.Simpl.DefaultThreadPool' - with 10 threads.
  Using job-store 'Quartz.Simpl.RAMJobStore' - which does not support persistence. and is not clustered.
 
2022-03-01 11:05:25.1428|Quartz.Impl.StdSchedulerFactory|INFO|Quartz scheduler 'DefaultQuartzScheduler' initialized 
2022-03-01 11:05:25.1428|Quartz.Impl.StdSchedulerFactory|INFO|Quartz scheduler version: 3.3.3.0 
2022-03-01 11:05:25.1428|Quartz.Core.QuartzScheduler|INFO|JobFactory set to: Autofac.Extras.Quartz.AutofacJobFactory 
2022-03-01 11:05:25.2187|Quartz.Core.QuartzScheduler|INFO|Scheduler DefaultQuartzScheduler_$_NON_CLUSTERED started. 
2022-03-01 11:05:25.2245|Quartz.Core.QuartzSchedulerThread|DEBUG|Batch acquisition of 1 triggers 
2022-03-01 11:05:25.3115|Quartz.Core.QuartzSchedulerThread|DEBUG|Batch acquisition of 0 triggers 
2022-03-01 11:05:25.3514|Quartz.Core.JobRunShell|DEBUG|Calling Execute on job DEFAULT.Hhmocon.Mes.Repository.QuartzJobRunner 
2022-03-01 11:05:25.8543|Hhmocon.Mes.Repository.DemoJob|ERROR|列名 'notice_flag' 无效。 
2022-03-01 11:05:25.8979|Quartz.Core.JobRunShell|ERROR|Job DEFAULT.Hhmocon.Mes.Repository.QuartzJobRunner threw an unhandled Exception:  列名 'notice_flag' 无效。
2022-03-01 11:05:25.8979|Quartz.Core.ErrorLogger|ERROR|Job DEFAULT.Hhmocon.Mes.Repository.QuartzJobRunner threw an exception. Job threw an unhandled exception.
2022-03-01 11:05:25.8979|Quartz.Core.JobRunShell|DEBUG|Trigger instruction : NoInstruction 
2022-03-01 11:05:25.9091|Quartz.Core.QuartzSchedulerThread|DEBUG|Batch acquisition of 1 triggers 
2022-03-01 11:06:09.0900|Quartz.Impl.StdSchedulerFactory|INFO|Default Quartz.NET properties loaded from embedded resource file 
2022-03-01 11:06:09.4111|Quartz.Simpl.TaskSchedulingThreadPool|DEBUG|TaskSchedulingThreadPool configured with max concurrency of 10 and TaskScheduler ThreadPoolTaskScheduler. 
2022-03-01 11:06:09.4421|Quartz.Core.SchedulerSignalerImpl|INFO|Initialized Scheduler Signaller of type: Quartz.Core.SchedulerSignalerImpl 
2022-03-01 11:06:09.4421|Quartz.Core.QuartzScheduler|INFO|Quartz Scheduler created 
2022-03-01 11:06:09.4421|Quartz.Core.QuartzScheduler|INFO|JobFactory set to: Autofac.Extras.Quartz.AutofacJobFactory 
2022-03-01 11:06:09.4421|Quartz.Simpl.RAMJobStore|INFO|RAMJobStore initialized. 
2022-03-01 11:06:09.4421|Quartz.Core.QuartzScheduler|INFO|Scheduler meta-data: Quartz Scheduler (v3.3.3.0) 'DefaultQuartzScheduler' with instanceId 'NON_CLUSTERED'
  Scheduler class: 'Quartz.Core.QuartzScheduler' - running locally.
  NOT STARTED.
  Currently in standby mode.
  Number of jobs executed: 0
  Using thread pool 'Quartz.Simpl.DefaultThreadPool' - with 10 threads.
  Using job-store 'Quartz.Simpl.RAMJobStore' - which does not support persistence. and is not clustered.
 
2022-03-01 11:06:09.4421|Quartz.Impl.StdSchedulerFactory|INFO|Quartz scheduler 'DefaultQuartzScheduler' initialized 
2022-03-01 11:06:09.4421|Quartz.Impl.StdSchedulerFactory|INFO|Quartz scheduler version: 3.3.3.0 
2022-03-01 11:06:09.4540|Quartz.Core.QuartzScheduler|INFO|JobFactory set to: Autofac.Extras.Quartz.AutofacJobFactory 
2022-03-01 11:06:09.5165|Quartz.Core.QuartzScheduler|INFO|Scheduler DefaultQuartzScheduler_$_NON_CLUSTERED started. 
2022-03-01 11:06:09.5165|Quartz.Core.QuartzSchedulerThread|DEBUG|Batch acquisition of 1 triggers 
2022-03-01 11:06:10.0079|Quartz.Core.QuartzSchedulerThread|DEBUG|Batch acquisition of 0 triggers 
2022-03-01 11:06:10.0361|Quartz.Core.JobRunShell|DEBUG|Calling Execute on job DEFAULT.Hhmocon.Mes.Repository.QuartzJobRunner 
2022-03-01 11:06:10.4831|Hhmocon.Mes.Repository.DemoJob|ERROR|列名 'notice_flag' 无效。 
2022-03-01 11:06:10.8282|Quartz.Core.JobRunShell|ERROR|Job DEFAULT.Hhmocon.Mes.Repository.QuartzJobRunner threw an unhandled Exception:  列名 'notice_flag' 无效。
2022-03-01 11:06:10.8332|Quartz.Core.ErrorLogger|ERROR|Job DEFAULT.Hhmocon.Mes.Repository.QuartzJobRunner threw an exception. Job threw an unhandled exception.
2022-03-01 11:06:10.8332|Quartz.Core.JobRunShell|DEBUG|Trigger instruction : NoInstruction 
2022-03-01 11:06:10.8332|Quartz.Core.QuartzSchedulerThread|DEBUG|Batch acquisition of 1 triggers 
2022-03-01 11:06:15.0074|Quartz.Core.QuartzSchedulerThread|DEBUG|Batch acquisition of 0 triggers 
2022-03-01 11:06:15.0074|Quartz.Core.JobRunShell|DEBUG|Calling Execute on job DEFAULT.Hhmocon.Mes.Repository.QuartzJobRunner 
2022-03-01 11:06:15.1710|Hhmocon.Mes.Repository.DemoJob|ERROR|列名 'notice_flag' 无效。 
2022-03-01 11:06:15.2148|Quartz.Core.JobRunShell|ERROR|Job DEFAULT.Hhmocon.Mes.Repository.QuartzJobRunner threw an unhandled Exception:  列名 'notice_flag' 无效。
2022-03-01 11:06:15.2148|Quartz.Core.ErrorLogger|ERROR|Job DEFAULT.Hhmocon.Mes.Repository.QuartzJobRunner threw an exception. Job threw an unhandled exception.
2022-03-01 11:06:15.2148|Quartz.Core.JobRunShell|DEBUG|Trigger instruction : NoInstruction 
2022-03-01 11:06:15.2148|Quartz.Core.QuartzSchedulerThread|DEBUG|Batch acquisition of 1 triggers 
2022-03-01 11:06:20.0005|Quartz.Core.QuartzSchedulerThread|DEBUG|Batch acquisition of 0 triggers 
2022-03-01 11:06:20.0005|Quartz.Core.JobRunShell|DEBUG|Calling Execute on job DEFAULT.Hhmocon.Mes.Repository.QuartzJobRunner 
2022-03-01 11:06:20.1135|Hhmocon.Mes.Repository.DemoJob|ERROR|列名 'notice_flag' 无效。 
2022-03-01 11:06:20.1464|Quartz.Core.JobRunShell|ERROR|Job DEFAULT.Hhmocon.Mes.Repository.QuartzJobRunner threw an unhandled Exception:  列名 'notice_flag' 无效。
2022-03-01 11:06:20.1464|Quartz.Core.ErrorLogger|ERROR|Job DEFAULT.Hhmocon.Mes.Repository.QuartzJobRunner threw an exception. Job threw an unhandled exception.
2022-03-01 11:06:20.1464|Quartz.Core.JobRunShell|DEBUG|Trigger instruction : NoInstruction 
2022-03-01 11:06:20.1464|Quartz.Core.QuartzSchedulerThread|DEBUG|Batch acquisition of 1 triggers 
2022-03-01 11:06:25.0007|Quartz.Core.QuartzSchedulerThread|DEBUG|Batch acquisition of 0 triggers 
2022-03-01 11:06:25.0007|Quartz.Core.JobRunShell|DEBUG|Calling Execute on job DEFAULT.Hhmocon.Mes.Repository.QuartzJobRunner 
2022-03-01 11:06:25.1076|Hhmocon.Mes.Repository.DemoJob|ERROR|列名 'notice_flag' 无效。 
2022-03-01 11:06:25.1405|Quartz.Core.JobRunShell|ERROR|Job DEFAULT.Hhmocon.Mes.Repository.QuartzJobRunner threw an unhandled Exception:  列名 'notice_flag' 无效。
2022-03-01 11:06:25.1413|Quartz.Core.ErrorLogger|ERROR|Job DEFAULT.Hhmocon.Mes.Repository.QuartzJobRunner threw an exception. Job threw an unhandled exception.
2022-03-01 11:06:25.1413|Quartz.Core.JobRunShell|DEBUG|Trigger instruction : NoInstruction 
2022-03-01 11:06:25.1413|Quartz.Core.QuartzSchedulerThread|DEBUG|Batch acquisition of 1 triggers 
2022-03-01 11:06:30.0015|Quartz.Core.QuartzSchedulerThread|DEBUG|Batch acquisition of 0 triggers 
2022-03-01 11:06:30.0015|Quartz.Core.JobRunShell|DEBUG|Calling Execute on job DEFAULT.Hhmocon.Mes.Repository.QuartzJobRunner 
2022-03-01 11:06:30.1018|Hhmocon.Mes.Repository.DemoJob|ERROR|列名 'notice_flag' 无效。 
2022-03-01 11:06:30.1348|Quartz.Core.JobRunShell|ERROR|Job DEFAULT.Hhmocon.Mes.Repository.QuartzJobRunner threw an unhandled Exception:  列名 'notice_flag' 无效。
2022-03-01 11:06:30.1348|Quartz.Core.ErrorLogger|ERROR|Job DEFAULT.Hhmocon.Mes.Repository.QuartzJobRunner threw an exception. Job threw an unhandled exception.
2022-03-01 11:06:30.1348|Quartz.Core.JobRunShell|DEBUG|Trigger instruction : NoInstruction 
2022-03-01 11:06:30.1348|Quartz.Core.QuartzSchedulerThread|DEBUG|Batch acquisition of 1 triggers 
2022-03-01 11:06:35.0004|Quartz.Core.QuartzSchedulerThread|DEBUG|Batch acquisition of 0 triggers 
2022-03-01 11:06:35.0004|Quartz.Core.JobRunShell|DEBUG|Calling Execute on job DEFAULT.Hhmocon.Mes.Repository.QuartzJobRunner 
2022-03-01 11:06:35.1366|Hhmocon.Mes.Repository.DemoJob|ERROR|列名 'notice_flag' 无效。 
2022-03-01 11:06:35.1747|Quartz.Core.JobRunShell|ERROR|Job DEFAULT.Hhmocon.Mes.Repository.QuartzJobRunner threw an unhandled Exception:  列名 'notice_flag' 无效。
2022-03-01 11:06:35.1747|Quartz.Core.ErrorLogger|ERROR|Job DEFAULT.Hhmocon.Mes.Repository.QuartzJobRunner threw an exception. Job threw an unhandled exception.
2022-03-01 11:06:35.1747|Quartz.Core.JobRunShell|DEBUG|Trigger instruction : NoInstruction 
2022-03-01 11:06:35.1747|Quartz.Core.QuartzSchedulerThread|DEBUG|Batch acquisition of 1 triggers 
2022-03-01 11:06:40.0019|Quartz.Core.QuartzSchedulerThread|DEBUG|Batch acquisition of 0 triggers 
2022-03-01 11:06:40.0019|Quartz.Core.JobRunShell|DEBUG|Calling Execute on job DEFAULT.Hhmocon.Mes.Repository.QuartzJobRunner 
2022-03-01 11:06:40.1353|Hhmocon.Mes.Repository.DemoJob|ERROR|列名 'notice_flag' 无效。 
2022-03-01 11:06:40.1745|Quartz.Core.JobRunShell|ERROR|Job DEFAULT.Hhmocon.Mes.Repository.QuartzJobRunner threw an unhandled Exception:  列名 'notice_flag' 无效。
2022-03-01 11:06:40.1745|Quartz.Core.ErrorLogger|ERROR|Job DEFAULT.Hhmocon.Mes.Repository.QuartzJobRunner threw an exception. Job threw an unhandled exception.
2022-03-01 11:06:40.1745|Quartz.Core.JobRunShell|DEBUG|Trigger instruction : NoInstruction 
2022-03-01 11:06:40.1745|Quartz.Core.QuartzSchedulerThread|DEBUG|Batch acquisition of 1 triggers 
2022-03-01 11:06:45.0013|Quartz.Core.QuartzSchedulerThread|DEBUG|Batch acquisition of 0 triggers 
2022-03-01 11:06:45.0013|Quartz.Core.JobRunShell|DEBUG|Calling Execute on job DEFAULT.Hhmocon.Mes.Repository.QuartzJobRunner 
2022-03-01 11:06:45.1112|Hhmocon.Mes.Repository.DemoJob|ERROR|列名 'notice_flag' 无效。 
2022-03-01 11:06:45.1453|Quartz.Core.JobRunShell|ERROR|Job DEFAULT.Hhmocon.Mes.Repository.QuartzJobRunner threw an unhandled Exception:  列名 'notice_flag' 无效。
2022-03-01 11:06:45.1453|Quartz.Core.ErrorLogger|ERROR|Job DEFAULT.Hhmocon.Mes.Repository.QuartzJobRunner threw an exception. Job threw an unhandled exception.
2022-03-01 11:06:45.1453|Quartz.Core.JobRunShell|DEBUG|Trigger instruction : NoInstruction 
2022-03-01 11:06:45.1453|Quartz.Core.QuartzSchedulerThread|DEBUG|Batch acquisition of 1 triggers 
2022-03-01 11:06:50.0007|Quartz.Core.QuartzSchedulerThread|DEBUG|Batch acquisition of 0 triggers 
2022-03-01 11:06:50.0007|Quartz.Core.JobRunShell|DEBUG|Calling Execute on job DEFAULT.Hhmocon.Mes.Repository.QuartzJobRunner 
2022-03-01 11:06:50.1122|Hhmocon.Mes.Repository.DemoJob|ERROR|列名 'notice_flag' 无效。 
2022-03-01 11:06:50.1489|Quartz.Core.JobRunShell|ERROR|Job DEFAULT.Hhmocon.Mes.Repository.QuartzJobRunner threw an unhandled Exception:  列名 'notice_flag' 无效。
2022-03-01 11:06:50.1489|Quartz.Core.ErrorLogger|ERROR|Job DEFAULT.Hhmocon.Mes.Repository.QuartzJobRunner threw an exception. Job threw an unhandled exception.
2022-03-01 11:06:50.1489|Quartz.Core.JobRunShell|DEBUG|Trigger instruction : NoInstruction 
2022-03-01 11:06:50.1489|Quartz.Core.QuartzSchedulerThread|DEBUG|Batch acquisition of 1 triggers 
