2022-03-12 13:19:07.7165|Hhmocon.Mes.Repository.DemoJob|ERROR|列名 'notice_flag' 无效。 
2022-03-12 13:19:07.7515|Quartz.Core.JobRunShell|ERROR|Job DEFAULT.Hhmocon.Mes.Repository.QuartzJobRunner threw an unhandled Exception:  列名 'notice_flag' 无效。
2022-03-12 13:19:07.7515|Quartz.Core.ErrorLogger|ERROR|Job DEFAULT.Hhmocon.Mes.Repository.QuartzJobRunner threw an exception. Job threw an unhandled exception.
2022-03-12 13:19:07.7515|Quartz.Core.JobRunShell|DEBUG|Trigger instruction : NoInstruction 
2022-03-12 13:19:07.7515|Quartz.Core.QuartzSchedulerThread|DEBUG|Batch acquisition of 1 triggers 
2022-03-12 13:19:07.7515|Quartz.Core.QuartzSchedulerThread|DEBUG|Batch acquisition of 0 triggers 
2022-03-12 13:19:07.7515|Quartz.Core.JobRunShell|DEBUG|Calling Execute on job DEFAULT.Hhmocon.Mes.Repository.QuartzJobRunner 
2022-03-12 13:19:07.8481|Hhmocon.Mes.Repository.DemoJob|ERROR|列名 'notice_flag' 无效。 
2022-03-12 13:19:07.8807|Quartz.Core.JobRunShell|ERROR|Job DEFAULT.Hhmocon.Mes.Repository.QuartzJobRunner threw an unhandled Exception:  列名 'notice_flag' 无效。
2022-03-12 13:19:07.8807|Quartz.Core.ErrorLogger|ERROR|Job DEFAULT.Hhmocon.Mes.Repository.QuartzJobRunner threw an exception. Job threw an unhandled exception.
2022-03-12 13:19:07.8807|Quartz.Core.JobRunShell|DEBUG|Trigger instruction : NoInstruction 
2022-03-12 13:19:07.8807|Quartz.Core.QuartzSchedulerThread|DEBUG|Batch acquisition of 1 triggers 
2022-03-12 13:19:10.0002|Quartz.Core.QuartzSchedulerThread|DEBUG|Batch acquisition of 0 triggers 
2022-03-12 13:19:10.0002|Quartz.Core.JobRunShell|DEBUG|Calling Execute on job DEFAULT.Hhmocon.Mes.Repository.QuartzJobRunner 
2022-03-12 13:19:10.1162|Hhmocon.Mes.Repository.DemoJob|ERROR|列名 'notice_flag' 无效。 
2022-03-12 13:19:10.1496|Quartz.Core.JobRunShell|ERROR|Job DEFAULT.Hhmocon.Mes.Repository.QuartzJobRunner threw an unhandled Exception:  列名 'notice_flag' 无效。
2022-03-12 13:19:10.1505|Quartz.Core.ErrorLogger|ERROR|Job DEFAULT.Hhmocon.Mes.Repository.QuartzJobRunner threw an exception. Job threw an unhandled exception.
2022-03-12 13:19:10.1505|Quartz.Core.JobRunShell|DEBUG|Trigger instruction : NoInstruction 
2022-03-12 13:19:10.1505|Quartz.Core.QuartzSchedulerThread|DEBUG|Batch acquisition of 1 triggers 
2022-03-12 13:19:15.0002|Quartz.Core.QuartzSchedulerThread|DEBUG|Batch acquisition of 0 triggers 
2022-03-12 13:19:15.0002|Quartz.Core.JobRunShell|DEBUG|Calling Execute on job DEFAULT.Hhmocon.Mes.Repository.QuartzJobRunner 
2022-03-12 13:19:15.1127|Hhmocon.Mes.Repository.DemoJob|ERROR|列名 'notice_flag' 无效。 
2022-03-12 13:19:15.1514|Quartz.Core.JobRunShell|ERROR|Job DEFAULT.Hhmocon.Mes.Repository.QuartzJobRunner threw an unhandled Exception:  列名 'notice_flag' 无效。
2022-03-12 13:19:15.1514|Quartz.Core.ErrorLogger|ERROR|Job DEFAULT.Hhmocon.Mes.Repository.QuartzJobRunner threw an exception. Job threw an unhandled exception.
2022-03-12 13:19:15.1514|Quartz.Core.JobRunShell|DEBUG|Trigger instruction : NoInstruction 
2022-03-12 13:19:15.1514|Quartz.Core.QuartzSchedulerThread|DEBUG|Batch acquisition of 1 triggers 
